20:34:46.968 febs [main] INFO  cc.mrbird.Application - Starting Application on DESKTOP-J914O47 with PID 8612 (E:\git\FEBS\target\classes started by admin in E:\git\FEBS)
20:34:46.968 febs [main] INFO  cc.mrbird.Application - No active profile set, falling back to default profiles: default
20:34:47.124 febs [main] INFO  o.s.b.w.s.c.AnnotationConfigServletWebServerApplicationContext - Refreshing org.springframework.boot.web.servlet.context.AnnotationConfigServletWebServerApplicationContext@d6e7bab: startup date [Sat Sep 17 20:34:47 CST 2022]; root of context hierarchy
20:34:48.280 febs [main] INFO  o.s.b.f.s.DefaultListableBeanFactory - Overriding bean definition for bean 'shiroRealm' with a different definition: replacing [Generic bean: class [cc.mrbird.common.shiro.ShiroRealm]; scope=singleton; abstract=false; lazyInit=false; autowireMode=0; dependencyCheck=0; autowireCandidate=true; primary=false; factoryBeanName=null; factoryMethodName=null; initMethodName=null; destroyMethodName=null; defined in file [E:\git\FEBS\target\classes\cc\mrbird\common\shiro\ShiroRealm.class]] with [Root bean: class [null]; scope=; abstract=false; lazyInit=false; autowireMode=3; dependencyCheck=0; autowireCandidate=true; primary=false; factoryBeanName=shiroConfig; factoryMethodName=shiroRealm; initMethodName=null; destroyMethodName=(inferred); defined in class path resource [cc/mrbird/common/shiro/ShiroConfig.class]]
20:34:48.577 febs [main] INFO  o.s.d.r.c.RepositoryConfigurationDelegate - Multiple Spring Data modules found, entering strict repository configuration mode!
20:34:49.124 febs [main] INFO  c.u.j.c.EnableEncryptablePropertiesBeanFactoryPostProcessor - Post-processing PropertySource instances
20:34:49.202 febs [main] INFO  c.u.j.EncryptablePropertySourceConverter - Converting PropertySource configurationProperties [org.springframework.boot.context.properties.source.ConfigurationPropertySourcesPropertySource] to AOP Proxy
20:34:49.218 febs [main] INFO  c.u.j.EncryptablePropertySourceConverter - Converting PropertySource servletConfigInitParams [org.springframework.core.env.PropertySource$StubPropertySource] to EncryptablePropertySourceWrapper
20:34:49.218 febs [main] INFO  c.u.j.EncryptablePropertySourceConverter - Converting PropertySource servletContextInitParams [org.springframework.core.env.PropertySource$StubPropertySource] to EncryptablePropertySourceWrapper
20:34:49.218 febs [main] INFO  c.u.j.EncryptablePropertySourceConverter - Converting PropertySource systemProperties [org.springframework.core.env.MapPropertySource] to EncryptableMapPropertySourceWrapper
20:34:49.218 febs [main] INFO  c.u.j.EncryptablePropertySourceConverter - Converting PropertySource systemEnvironment [org.springframework.boot.env.SystemEnvironmentPropertySourceEnvironmentPostProcessor$OriginAwareSystemEnvironmentPropertySource] to EncryptableMapPropertySourceWrapper
20:34:49.218 febs [main] INFO  c.u.j.EncryptablePropertySourceConverter - Converting PropertySource random [org.springframework.boot.env.RandomValuePropertySource] to EncryptablePropertySourceWrapper
20:34:49.218 febs [main] INFO  c.u.j.EncryptablePropertySourceConverter - Converting PropertySource applicationConfig: [classpath:/application.yml] [org.springframework.boot.env.OriginTrackedMapPropertySource] to EncryptableMapPropertySourceWrapper
20:34:49.280 febs [main] INFO  o.s.c.s.PostProcessorRegistrationDelegate$BeanPostProcessorChecker - Bean 'asyncExecutorPoolConfig' of type [cc.mrbird.common.config.AsyncExecutorPoolConfig$$EnhancerBySpringCGLIB$$db38a3dc] is not eligible for getting processed by all BeanPostProcessors (for example: not eligible for auto-proxying)
20:34:49.343 febs [main] INFO  c.u.j.f.DefaultLazyPropertyFilter - Property Filter custom Bean not found with name 'encryptablePropertyFilter'. Initializing Default Property Filter
20:34:49.358 febs [main] INFO  o.s.c.s.PostProcessorRegistrationDelegate$BeanPostProcessorChecker - Bean 'com.alibaba.druid.spring.boot.autoconfigure.stat.DruidSpringAopConfiguration' of type [com.alibaba.druid.spring.boot.autoconfigure.stat.DruidSpringAopConfiguration] is not eligible for getting processed by all BeanPostProcessors (for example: not eligible for auto-proxying)
20:34:49.483 febs [main] INFO  o.s.c.s.PostProcessorRegistrationDelegate$BeanPostProcessorChecker - Bean 'org.springframework.boot.context.properties.ConversionServiceDeducer$Factory' of type [org.springframework.boot.context.properties.ConversionServiceDeducer$Factory] is not eligible for getting processed by all BeanPostProcessors (for example: not eligible for auto-proxying)
20:34:49.764 febs [main] INFO  c.u.j.r.DefaultLazyPropertyResolver - Property Resolver custom Bean not found with name 'encryptablePropertyResolver'. Initializing Default Property Resolver
20:34:49.764 febs [main] INFO  c.u.j.d.DefaultLazyPropertyDetector - Property Detector custom Bean not found with name 'encryptablePropertyDetector'. Initializing Default Property Detector
20:34:49.811 febs [main] INFO  o.s.c.s.PostProcessorRegistrationDelegate$BeanPostProcessorChecker - Bean 'spring.datasource.druid-com.alibaba.druid.spring.boot.autoconfigure.properties.DruidStatProperties' of type [com.alibaba.druid.spring.boot.autoconfigure.properties.DruidStatProperties] is not eligible for getting processed by all BeanPostProcessors (for example: not eligible for auto-proxying)
20:34:49.842 febs [main] INFO  o.s.c.s.PostProcessorRegistrationDelegate$BeanPostProcessorChecker - Bean 'advisor' of type [org.springframework.aop.support.RegexpMethodPointcutAdvisor] is not eligible for getting processed by all BeanPostProcessors (for example: not eligible for auto-proxying)
20:34:49.936 febs [main] INFO  o.s.c.s.PostProcessorRegistrationDelegate$BeanPostProcessorChecker - Bean 'redisConfig' of type [cc.mrbird.common.config.RedisConfig$$EnhancerBySpringCGLIB$$34e30eac] is not eligible for getting processed by all BeanPostProcessors (for example: not eligible for auto-proxying)
20:34:50.249 febs [main] INFO  o.s.c.s.PostProcessorRegistrationDelegate$BeanPostProcessorChecker - Bean 'org.springframework.transaction.annotation.ProxyTransactionManagementConfiguration' of type [org.springframework.transaction.annotation.ProxyTransactionManagementConfiguration$$EnhancerBySpringCGLIB$$4fff1895] is not eligible for getting processed by all BeanPostProcessors (for example: not eligible for auto-proxying)
20:34:50.358 febs [main] INFO  o.s.c.s.PostProcessorRegistrationDelegate$BeanPostProcessorChecker - Bean 'febsProperties' of type [cc.mrbird.common.config.FebsProperties$$EnhancerBySpringCGLIB$$2db8b068] is not eligible for getting processed by all BeanPostProcessors (for example: not eligible for auto-proxying)
20:34:50.374 febs [main] INFO  o.s.c.s.PostProcessorRegistrationDelegate$BeanPostProcessorChecker - Bean 'shiroConfig' of type [cc.mrbird.common.shiro.ShiroConfig$$EnhancerBySpringCGLIB$$5b569ecf] is not eligible for getting processed by all BeanPostProcessors (for example: not eligible for auto-proxying)
20:34:51.437 febs [main] INFO  o.s.c.s.PostProcessorRegistrationDelegate$BeanPostProcessorChecker - Bean 'mybatis-org.mybatis.spring.boot.autoconfigure.MybatisProperties' of type [org.mybatis.spring.boot.autoconfigure.MybatisProperties] is not eligible for getting processed by all BeanPostProcessors (for example: not eligible for auto-proxying)
20:34:51.453 febs [main] INFO  o.s.c.s.PostProcessorRegistrationDelegate$BeanPostProcessorChecker - Bean 'myBatisConfig' of type [cc.mrbird.common.config.MyBatisConfig$$EnhancerBySpringCGLIB$$6bf60aa4] is not eligible for getting processed by all BeanPostProcessors (for example: not eligible for auto-proxying)
20:34:51.453 febs [main] INFO  o.s.c.s.PostProcessorRegistrationDelegate$BeanPostProcessorChecker - Bean 'sqlStatementInterceptor' of type [cc.mrbird.common.interceptor.SqlStatementInterceptor] is not eligible for getting processed by all BeanPostProcessors (for example: not eligible for auto-proxying)
20:34:51.469 febs [main] INFO  o.s.c.s.PostProcessorRegistrationDelegate$BeanPostProcessorChecker - Bean 'org.mybatis.spring.boot.autoconfigure.MybatisAutoConfiguration' of type [org.mybatis.spring.boot.autoconfigure.MybatisAutoConfiguration$$EnhancerBySpringCGLIB$$82d369c5] is not eligible for getting processed by all BeanPostProcessors (for example: not eligible for auto-proxying)
20:34:51.469 febs [main] INFO  o.s.c.s.PostProcessorRegistrationDelegate$BeanPostProcessorChecker - Bean 'com.alibaba.druid.spring.boot.autoconfigure.DruidDataSourceAutoConfigure' of type [com.alibaba.druid.spring.boot.autoconfigure.DruidDataSourceAutoConfigure$$EnhancerBySpringCGLIB$$69ab0e07] is not eligible for getting processed by all BeanPostProcessors (for example: not eligible for auto-proxying)
20:34:51.469 febs [main] INFO  c.a.d.s.b.a.DruidDataSourceAutoConfigure - Init DruidDataSource
20:34:51.562 febs [main] INFO  o.s.c.s.PostProcessorRegistrationDelegate$BeanPostProcessorChecker - Bean 'spring.datasource-org.springframework.boot.autoconfigure.jdbc.DataSourceProperties' of type [org.springframework.boot.autoconfigure.jdbc.DataSourceProperties] is not eligible for getting processed by all BeanPostProcessors (for example: not eligible for auto-proxying)
20:34:51.578 febs [main] INFO  o.s.c.s.PostProcessorRegistrationDelegate$BeanPostProcessorChecker - Bean 'com.alibaba.druid.spring.boot.autoconfigure.stat.DruidFilterConfiguration' of type [com.alibaba.druid.spring.boot.autoconfigure.stat.DruidFilterConfiguration] is not eligible for getting processed by all BeanPostProcessors (for example: not eligible for auto-proxying)
20:34:51.625 febs [main] INFO  o.s.c.s.PostProcessorRegistrationDelegate$BeanPostProcessorChecker - Bean 'statFilter' of type [com.alibaba.druid.filter.stat.StatFilter] is not eligible for getting processed by all BeanPostProcessors (for example: not eligible for auto-proxying)
20:34:53.947 febs [main] INFO  c.alibaba.druid.pool.DruidDataSource - {dataSource-1} inited
20:34:53.947 febs [main] INFO  o.s.c.s.PostProcessorRegistrationDelegate$BeanPostProcessorChecker - Bean 'dataSource' of type [com.alibaba.druid.spring.boot.autoconfigure.DruidDataSourceWrapper] is not eligible for getting processed by all BeanPostProcessors (for example: not eligible for auto-proxying)
20:34:54.009 febs [main] INFO  o.s.c.s.PostProcessorRegistrationDelegate$BeanPostProcessorChecker - Bean 'org.springframework.boot.autoconfigure.jdbc.DataSourceInitializerInvoker' of type [org.springframework.boot.autoconfigure.jdbc.DataSourceInitializerInvoker] is not eligible for getting processed by all BeanPostProcessors (for example: not eligible for auto-proxying)
20:34:54.353 febs [main] INFO  o.s.c.s.PostProcessorRegistrationDelegate$BeanPostProcessorChecker - Bean 'sqlSessionFactory' of type [org.apache.ibatis.session.defaults.DefaultSqlSessionFactory] is not eligible for getting processed by all BeanPostProcessors (for example: not eligible for auto-proxying)
20:34:54.368 febs [main] INFO  o.s.c.s.PostProcessorRegistrationDelegate$BeanPostProcessorChecker - Bean 'sqlSessionTemplate' of type [org.mybatis.spring.SqlSessionTemplate] is not eligible for getting processed by all BeanPostProcessors (for example: not eligible for auto-proxying)
20:34:54.368 febs [main] INFO  o.s.c.s.PostProcessorRegistrationDelegate$BeanPostProcessorChecker - Bean 'userMapper' of type [org.mybatis.spring.mapper.MapperFactoryBean] is not eligible for getting processed by all BeanPostProcessors (for example: not eligible for auto-proxying)
20:34:54.384 febs [main] INFO  o.s.c.s.PostProcessorRegistrationDelegate$BeanPostProcessorChecker - Bean 'userMapper' of type [com.sun.proxy.$Proxy97] is not eligible for getting processed by all BeanPostProcessors (for example: not eligible for auto-proxying)
20:34:54.415 febs [main] INFO  o.s.c.s.PostProcessorRegistrationDelegate$BeanPostProcessorChecker - Bean 'redisPoolFactory' of type [redis.clients.jedis.JedisPool] is not eligible for getting processed by all BeanPostProcessors (for example: not eligible for auto-proxying)
20:34:54.415 febs [main] INFO  o.s.c.s.PostProcessorRegistrationDelegate$BeanPostProcessorChecker - Bean 'redisService' of type [cc.mrbird.common.service.impl.RedisServiceImpl] is not eligible for getting processed by all BeanPostProcessors (for example: not eligible for auto-proxying)
20:34:54.447 febs [main] INFO  o.s.c.s.PostProcessorRegistrationDelegate$BeanPostProcessorChecker - Bean 'userRoleMapper' of type [org.mybatis.spring.mapper.MapperFactoryBean] is not eligible for getting processed by all BeanPostProcessors (for example: not eligible for auto-proxying)
20:34:54.447 febs [main] INFO  o.s.c.s.PostProcessorRegistrationDelegate$BeanPostProcessorChecker - Bean 'userRoleMapper' of type [com.sun.proxy.$Proxy99] is not eligible for getting processed by all BeanPostProcessors (for example: not eligible for auto-proxying)
20:34:54.447 febs [main] INFO  o.s.c.s.PostProcessorRegistrationDelegate$BeanPostProcessorChecker - Bean 'userRoleService' of type [cc.mrbird.system.service.impl.UserRoleServiceImpl] is not eligible for getting processed by all BeanPostProcessors (for example: not eligible for auto-proxying)
20:34:54.478 febs [main] INFO  o.s.c.s.PostProcessorRegistrationDelegate$BeanPostProcessorChecker - Bean 'userService' of type [cc.mrbird.system.service.impl.UserServiceImpl] is not eligible for getting processed by all BeanPostProcessors (for example: not eligible for auto-proxying)
20:34:54.540 febs [main] INFO  o.s.c.s.PostProcessorRegistrationDelegate$BeanPostProcessorChecker - Bean 'roleMapper' of type [org.mybatis.spring.mapper.MapperFactoryBean] is not eligible for getting processed by all BeanPostProcessors (for example: not eligible for auto-proxying)
20:34:54.540 febs [main] INFO  o.s.c.s.PostProcessorRegistrationDelegate$BeanPostProcessorChecker - Bean 'roleMapper' of type [com.sun.proxy.$Proxy105] is not eligible for getting processed by all BeanPostProcessors (for example: not eligible for auto-proxying)
20:34:54.540 febs [main] INFO  o.s.c.s.PostProcessorRegistrationDelegate$BeanPostProcessorChecker - Bean 'roleMenuMapper' of type [org.mybatis.spring.mapper.MapperFactoryBean] is not eligible for getting processed by all BeanPostProcessors (for example: not eligible for auto-proxying)
20:34:54.540 febs [main] INFO  o.s.c.s.PostProcessorRegistrationDelegate$BeanPostProcessorChecker - Bean 'roleMenuMapper' of type [com.sun.proxy.$Proxy106] is not eligible for getting processed by all BeanPostProcessors (for example: not eligible for auto-proxying)
20:34:54.556 febs [main] INFO  o.s.c.s.PostProcessorRegistrationDelegate$BeanPostProcessorChecker - Bean 'roleMenuService' of type [cc.mrbird.system.service.impl.RoleMenuServiceImpl] is not eligible for getting processed by all BeanPostProcessors (for example: not eligible for auto-proxying)
20:34:54.587 febs [main] INFO  o.s.c.s.PostProcessorRegistrationDelegate$BeanPostProcessorChecker - Bean 'roleService' of type [cc.mrbird.system.service.impl.RoleServiceImpl] is not eligible for getting processed by all BeanPostProcessors (for example: not eligible for auto-proxying)
20:34:54.650 febs [main] INFO  o.s.c.s.PostProcessorRegistrationDelegate$BeanPostProcessorChecker - Bean 'menuMapper' of type [org.mybatis.spring.mapper.MapperFactoryBean] is not eligible for getting processed by all BeanPostProcessors (for example: not eligible for auto-proxying)
20:34:54.650 febs [main] INFO  o.s.c.s.PostProcessorRegistrationDelegate$BeanPostProcessorChecker - Bean 'menuMapper' of type [com.sun.proxy.$Proxy107] is not eligible for getting processed by all BeanPostProcessors (for example: not eligible for auto-proxying)
20:34:54.665 febs [main] INFO  o.s.c.s.PostProcessorRegistrationDelegate$BeanPostProcessorChecker - Bean 'menuService' of type [cc.mrbird.system.service.impl.MenuServiceImpl] is not eligible for getting processed by all BeanPostProcessors (for example: not eligible for auto-proxying)
20:34:54.697 febs [main] INFO  o.s.c.s.PostProcessorRegistrationDelegate$BeanPostProcessorChecker - Bean 'shiroRealm' of type [cc.mrbird.common.shiro.ShiroRealm] is not eligible for getting processed by all BeanPostProcessors (for example: not eligible for auto-proxying)
20:34:54.712 febs [main] INFO  o.s.c.s.PostProcessorRegistrationDelegate$BeanPostProcessorChecker - Bean 'redisSessionDAO' of type [org.crazycake.shiro.RedisSessionDAO] is not eligible for getting processed by all BeanPostProcessors (for example: not eligible for auto-proxying)
20:34:54.712 febs [main] INFO  o.s.c.s.PostProcessorRegistrationDelegate$BeanPostProcessorChecker - Bean 'sessionManager' of type [org.apache.shiro.web.session.mgt.DefaultWebSessionManager] is not eligible for getting processed by all BeanPostProcessors (for example: not eligible for auto-proxying)
20:34:54.728 febs [main] INFO  o.s.c.s.PostProcessorRegistrationDelegate$BeanPostProcessorChecker - Bean 'securityManager' of type [org.apache.shiro.web.mgt.DefaultWebSecurityManager] is not eligible for getting processed by all BeanPostProcessors (for example: not eligible for auto-proxying)
20:34:54.759 febs [main] INFO  o.s.c.s.PostProcessorRegistrationDelegate$BeanPostProcessorChecker - Bean 'authorizationAttributeSourceAdvisor' of type [org.apache.shiro.spring.security.interceptor.AuthorizationAttributeSourceAdvisor] is not eligible for getting processed by all BeanPostProcessors (for example: not eligible for auto-proxying)
20:34:55.290 febs [main] INFO  o.s.b.w.e.tomcat.TomcatWebServer - Tomcat initialized with port(s): 80 (http)
20:34:55.306 febs [main] INFO  o.a.coyote.http11.Http11NioProtocol - Initializing ProtocolHandler ["http-nio-80"]
20:34:55.321 febs [main] INFO  o.a.catalina.core.StandardService - Starting service [Tomcat]
20:34:55.321 febs [main] INFO  o.a.catalina.core.StandardEngine - Starting Servlet Engine: Apache Tomcat/8.5.32
20:34:55.321 febs [localhost-startStop-1] INFO  o.a.c.core.AprLifecycleListener - The APR based Apache Tomcat Native library which allows optimal performance in production environments was not found on the java.library.path: [D:\Program Files\java8\bin;C:\Windows\Sun\Java\bin;C:\Windows\system32;C:\Windows;C:\Windows\system32;C:\Windows;C:\Windows\System32\Wbem;C:\Windows\System32\WindowsPowerShell\v1.0\;C:\Windows\System32\OpenSSH\;D:\Program Files\ffmpeg-N-103015-gc1bf56a526-win64-gpl-shared\bin;D:\Program Files\Python3.7;D:\Program Files\java8\jre8\bin;D:\Program Files\Git\bin;D:\Program Files\nodejs;D:\Program Files\plsql;D:\Program Files\TortoiseSVN\bin;D:\Program Files\maven\apache-maven-3.6.1-bin\apache-maven-3.6.1\bin;C:\Users\admin\AppData\Roaming\npm;;.]
20:34:55.493 febs [localhost-startStop-1] INFO  o.a.c.c.C.[Tomcat].[localhost].[/] - Initializing Spring embedded WebApplicationContext
20:34:55.493 febs [localhost-startStop-1] INFO  o.s.web.context.ContextLoader - Root WebApplicationContext: initialization completed in 8369 ms
20:34:55.712 febs [localhost-startStop-1] INFO  o.s.b.w.s.FilterRegistrationBean - Mapping filter: 'characterEncodingFilter' to: [/*]
20:34:55.712 febs [localhost-startStop-1] INFO  o.s.b.w.s.FilterRegistrationBean - Mapping filter: 'hiddenHttpMethodFilter' to: [/*]
20:34:55.712 febs [localhost-startStop-1] INFO  o.s.b.w.s.FilterRegistrationBean - Mapping filter: 'httpPutFormContentFilter' to: [/*]
20:34:55.712 febs [localhost-startStop-1] INFO  o.s.b.w.s.FilterRegistrationBean - Mapping filter: 'requestContextFilter' to: [/*]
20:34:55.712 febs [localhost-startStop-1] INFO  o.s.b.w.s.FilterRegistrationBean - Mapping filter: 'xssFilter' to urls: [/*]
20:34:55.712 febs [localhost-startStop-1] INFO  o.s.b.w.s.FilterRegistrationBean - Mapping filter: 'webStatFilter' to urls: [/*]
20:34:55.712 febs [localhost-startStop-1] INFO  o.s.b.w.s.FilterRegistrationBean - Mapping filter: 'shiroFilterFactoryBean' to: [/*]
20:34:55.712 febs [localhost-startStop-1] INFO  o.s.b.w.s.ServletRegistrationBean - Servlet dispatcherServlet mapped to [/]
20:34:55.712 febs [localhost-startStop-1] INFO  o.s.b.w.s.ServletRegistrationBean - Servlet statViewServlet mapped to [/druid/*]
20:34:55.728 febs [localhost-startStop-1] INFO  cc.mrbird.common.xss.XssFilter - ------------ xss filter init ------------
20:34:56.188 febs [main] INFO  org.quartz.impl.StdSchedulerFactory - Using default implementation for ThreadExecutor
20:34:56.219 febs [main] INFO  o.quartz.core.SchedulerSignalerImpl - Initialized Scheduler Signaller of type: class org.quartz.core.SchedulerSignalerImpl
20:34:56.219 febs [main] INFO  org.quartz.core.QuartzScheduler - Quartz Scheduler v.2.3.0 created.
20:34:56.219 febs [main] INFO  o.s.s.quartz.LocalDataSourceJobStore - Using db table-based data access locking (synchronization).
20:34:56.235 febs [main] INFO  o.s.s.quartz.LocalDataSourceJobStore - JobStoreCMT initialized.
20:34:56.235 febs [main] INFO  org.quartz.core.QuartzScheduler - Scheduler meta-data: Quartz Scheduler (v2.3.0) 'MyScheduler' with instanceId 'DESKTOP-J914O471663418096188'
  Scheduler class: 'org.quartz.core.QuartzScheduler' - running locally.
  NOT STARTED.
  Currently in standby mode.
  Number of jobs executed: 0
  Using thread pool 'org.quartz.simpl.SimpleThreadPool' - with 20 threads.
  Using job-store 'org.springframework.scheduling.quartz.LocalDataSourceJobStore' - which supports persistence. and is clustered.

20:34:56.235 febs [main] INFO  org.quartz.impl.StdSchedulerFactory - Quartz scheduler 'MyScheduler' initialized from an externally provided properties instance.
20:34:56.235 febs [main] INFO  org.quartz.impl.StdSchedulerFactory - Quartz scheduler version: 2.3.0
20:34:56.235 febs [main] INFO  org.quartz.core.QuartzScheduler - JobFactory set to: org.springframework.scheduling.quartz.AdaptableJobFactory@52226e57
20:34:56.438 febs [main] INFO  c.m.c.i.SqlStatementInterceptor - 【SQL语句Id】>>>> cc.mrbird.job.dao.JobMapper.queryList
20:34:56.438 febs [main] INFO  c.m.c.i.SqlStatementInterceptor - 【SQL语句耗时】>>>> 156 ms
20:34:56.438 febs [main] INFO  c.m.c.i.SqlStatementInterceptor - 【SQL语句】>>>> select job_id jobId,bean_name beanName,method_name methodName, params,cron_expression cronExpression,status,remark,create_time createTime from t_job order by job_id
20:34:59.829 febs [main] INFO  o.s.s.c.ThreadPoolTaskExecutor - Initializing ExecutorService  'taskExecutor'
20:35:00.047 febs [main] INFO  o.s.w.s.h.SimpleUrlHandlerMapping - Mapped URL path [/**/favicon.ico] onto handler of type [class org.springframework.web.servlet.resource.ResourceHttpRequestHandler]
20:35:00.360 febs [main] INFO  o.s.w.s.m.m.a.RequestMappingHandlerAdapter - Looking for @ControllerAdvice: org.springframework.boot.web.servlet.context.AnnotationConfigServletWebServerApplicationContext@d6e7bab: startup date [Sat Sep 17 20:34:47 CST 2022]; root of context hierarchy
20:35:00.438 febs [main] INFO  o.s.w.s.m.m.a.RequestMappingHandlerMapping - Mapped "{[/common/download]}" onto public void cc.mrbird.common.controller.CommonController.fileDownload(java.lang.String,java.lang.Boolean,javax.servlet.http.HttpServletResponse) throws java.io.IOException,cc.mrbird.common.exception.FileDownloadException
20:35:00.438 febs [main] INFO  o.s.w.s.m.m.a.RequestMappingHandlerMapping - Mapped "{[/test],methods=[GET]}" onto public int cc.mrbird.common.controller.TestController.testLimiter()
20:35:00.438 febs [main] INFO  o.s.w.s.m.m.a.RequestMappingHandlerMapping - Mapped "{[/job]}" onto public java.lang.String cc.mrbird.job.controller.JobController.index()
20:35:00.438 febs [main] INFO  o.s.w.s.m.m.a.RequestMappingHandlerMapping - Mapped "{[/job/add]}" onto public cc.mrbird.common.domain.ResponseBo cc.mrbird.job.controller.JobController.addJob(cc.mrbird.job.domain.Job)
20:35:00.438 febs [main] INFO  o.s.w.s.m.m.a.RequestMappingHandlerMapping - Mapped "{[/job/resume]}" onto public cc.mrbird.common.domain.ResponseBo cc.mrbird.job.controller.JobController.resumeJob(java.lang.String)
20:35:00.438 febs [main] INFO  o.s.w.s.m.m.a.RequestMappingHandlerMapping - Mapped "{[/job/delete]}" onto public cc.mrbird.common.domain.ResponseBo cc.mrbird.job.controller.JobController.deleteJob(java.lang.String)
20:35:00.438 febs [main] INFO  o.s.w.s.m.m.a.RequestMappingHandlerMapping - Mapped "{[/job/pause]}" onto public cc.mrbird.common.domain.ResponseBo cc.mrbird.job.controller.JobController.pauseJob(java.lang.String)
20:35:00.438 febs [main] INFO  o.s.w.s.m.m.a.RequestMappingHandlerMapping - Mapped "{[/job/getSysCronClazz]}" onto public cc.mrbird.common.domain.ResponseBo cc.mrbird.job.controller.JobController.getSysCronClazz(cc.mrbird.job.domain.Job)
20:35:00.438 febs [main] INFO  o.s.w.s.m.m.a.RequestMappingHandlerMapping - Mapped "{[/job/update]}" onto public cc.mrbird.common.domain.ResponseBo cc.mrbird.job.controller.JobController.updateJob(cc.mrbird.job.domain.Job)
20:35:00.438 febs [main] INFO  o.s.w.s.m.m.a.RequestMappingHandlerMapping - Mapped "{[/job/list]}" onto public java.util.Map<java.lang.String, java.lang.Object> cc.mrbird.job.controller.JobController.jobList(cc.mrbird.common.domain.QueryRequest,cc.mrbird.job.domain.Job)
20:35:00.438 febs [main] INFO  o.s.w.s.m.m.a.RequestMappingHandlerMapping - Mapped "{[/job/getJob]}" onto public cc.mrbird.common.domain.ResponseBo cc.mrbird.job.controller.JobController.getJob(java.lang.Long)
20:35:00.438 febs [main] INFO  o.s.w.s.m.m.a.RequestMappingHandlerMapping - Mapped "{[/job/csv]}" onto public cc.mrbird.common.domain.ResponseBo cc.mrbird.job.controller.JobController.jobCsv(cc.mrbird.job.domain.Job)
20:35:00.438 febs [main] INFO  o.s.w.s.m.m.a.RequestMappingHandlerMapping - Mapped "{[/job/run]}" onto public cc.mrbird.common.domain.ResponseBo cc.mrbird.job.controller.JobController.runJob(java.lang.String)
20:35:00.438 febs [main] INFO  o.s.w.s.m.m.a.RequestMappingHandlerMapping - Mapped "{[/job/checkCron]}" onto public boolean cc.mrbird.job.controller.JobController.checkCron(java.lang.String)
20:35:00.438 febs [main] INFO  o.s.w.s.m.m.a.RequestMappingHandlerMapping - Mapped "{[/job/excel]}" onto public cc.mrbird.common.domain.ResponseBo cc.mrbird.job.controller.JobController.jobExcel(cc.mrbird.job.domain.Job)
20:35:00.438 febs [main] INFO  o.s.w.s.m.m.a.RequestMappingHandlerMapping - Mapped "{[/jobLog]}" onto public java.lang.String cc.mrbird.job.controller.JobLogController.index()
20:35:00.438 febs [main] INFO  o.s.w.s.m.m.a.RequestMappingHandlerMapping - Mapped "{[/jobLog/list]}" onto public java.util.Map<java.lang.String, java.lang.Object> cc.mrbird.job.controller.JobLogController.jobLogList(cc.mrbird.common.domain.QueryRequest,cc.mrbird.job.domain.JobLog)
20:35:00.438 febs [main] INFO  o.s.w.s.m.m.a.RequestMappingHandlerMapping - Mapped "{[/jobLog/excel]}" onto public cc.mrbird.common.domain.ResponseBo cc.mrbird.job.controller.JobLogController.jobLogExcel(cc.mrbird.job.domain.JobLog)
20:35:00.438 febs [main] INFO  o.s.w.s.m.m.a.RequestMappingHandlerMapping - Mapped "{[/jobLog/csv]}" onto public cc.mrbird.common.domain.ResponseBo cc.mrbird.job.controller.JobLogController.jobLogCsv(cc.mrbird.job.domain.JobLog)
20:35:00.438 febs [main] INFO  o.s.w.s.m.m.a.RequestMappingHandlerMapping - Mapped "{[/jobLog/delete]}" onto public cc.mrbird.common.domain.ResponseBo cc.mrbird.job.controller.JobLogController.deleteJobLog(java.lang.String)
20:35:00.453 febs [main] INFO  o.s.w.s.m.m.a.RequestMappingHandlerMapping - Mapped "{[/dept]}" onto public java.lang.String cc.mrbird.system.controller.DeptController.index()
20:35:00.453 febs [main] INFO  o.s.w.s.m.m.a.RequestMappingHandlerMapping - Mapped "{[/dept/add]}" onto public cc.mrbird.common.domain.ResponseBo cc.mrbird.system.controller.DeptController.addRole(cc.mrbird.system.domain.Dept)
20:35:00.453 febs [main] INFO  o.s.w.s.m.m.a.RequestMappingHandlerMapping - Mapped "{[/dept/checkDeptName]}" onto public boolean cc.mrbird.system.controller.DeptController.checkDeptName(java.lang.String,java.lang.String)
20:35:00.453 febs [main] INFO  o.s.w.s.m.m.a.RequestMappingHandlerMapping - Mapped "{[/dept/list]}" onto public java.util.List<cc.mrbird.system.domain.Dept> cc.mrbird.system.controller.DeptController.deptList(cc.mrbird.system.domain.Dept)
20:35:00.453 febs [main] INFO  o.s.w.s.m.m.a.RequestMappingHandlerMapping - Mapped "{[/dept/update]}" onto public cc.mrbird.common.domain.ResponseBo cc.mrbird.system.controller.DeptController.updateRole(cc.mrbird.system.domain.Dept)
20:35:00.453 febs [main] INFO  o.s.w.s.m.m.a.RequestMappingHandlerMapping - Mapped "{[/dept/csv]}" onto public cc.mrbird.common.domain.ResponseBo cc.mrbird.system.controller.DeptController.deptCsv(cc.mrbird.system.domain.Dept)
20:35:00.453 febs [main] INFO  o.s.w.s.m.m.a.RequestMappingHandlerMapping - Mapped "{[/dept/getDept]}" onto public cc.mrbird.common.domain.ResponseBo cc.mrbird.system.controller.DeptController.getDept(java.lang.Long)
20:35:00.453 febs [main] INFO  o.s.w.s.m.m.a.RequestMappingHandlerMapping - Mapped "{[/dept/excel]}" onto public cc.mrbird.common.domain.ResponseBo cc.mrbird.system.controller.DeptController.deptExcel(cc.mrbird.system.domain.Dept)
20:35:00.453 febs [main] INFO  o.s.w.s.m.m.a.RequestMappingHandlerMapping - Mapped "{[/dept/delete]}" onto public cc.mrbird.common.domain.ResponseBo cc.mrbird.system.controller.DeptController.deleteDepts(java.lang.String)
20:35:00.453 febs [main] INFO  o.s.w.s.m.m.a.RequestMappingHandlerMapping - Mapped "{[/dept/tree]}" onto public cc.mrbird.common.domain.ResponseBo cc.mrbird.system.controller.DeptController.getDeptTree()
20:35:00.453 febs [main] INFO  o.s.w.s.m.m.a.RequestMappingHandlerMapping - Mapped "{[/dict]}" onto public java.lang.String cc.mrbird.system.controller.DictController.index()
20:35:00.453 febs [main] INFO  o.s.w.s.m.m.a.RequestMappingHandlerMapping - Mapped "{[/dict/list]}" onto public java.util.Map<java.lang.String, java.lang.Object> cc.mrbird.system.controller.DictController.dictList(cc.mrbird.common.domain.QueryRequest,cc.mrbird.system.domain.Dict)
20:35:00.453 febs [main] INFO  o.s.w.s.m.m.a.RequestMappingHandlerMapping - Mapped "{[/dict/excel]}" onto public cc.mrbird.common.domain.ResponseBo cc.mrbird.system.controller.DictController.dictExcel(cc.mrbird.system.domain.Dict)
20:35:00.453 febs [main] INFO  o.s.w.s.m.m.a.RequestMappingHandlerMapping - Mapped "{[/dict/csv]}" onto public cc.mrbird.common.domain.ResponseBo cc.mrbird.system.controller.DictController.dictCsv(cc.mrbird.system.domain.Dict)
20:35:00.453 febs [main] INFO  o.s.w.s.m.m.a.RequestMappingHandlerMapping - Mapped "{[/dict/getDict]}" onto public cc.mrbird.common.domain.ResponseBo cc.mrbird.system.controller.DictController.getDict(java.lang.Long)
20:35:00.453 febs [main] INFO  o.s.w.s.m.m.a.RequestMappingHandlerMapping - Mapped "{[/dict/update]}" onto public cc.mrbird.common.domain.ResponseBo cc.mrbird.system.controller.DictController.updateDict(cc.mrbird.system.domain.Dict)
20:35:00.453 febs [main] INFO  o.s.w.s.m.m.a.RequestMappingHandlerMapping - Mapped "{[/dict/delete]}" onto public cc.mrbird.common.domain.ResponseBo cc.mrbird.system.controller.DictController.deleteDicts(java.lang.String)
20:35:00.453 febs [main] INFO  o.s.w.s.m.m.a.RequestMappingHandlerMapping - Mapped "{[/dict/add]}" onto public cc.mrbird.common.domain.ResponseBo cc.mrbird.system.controller.DictController.addDict(cc.mrbird.system.domain.Dict)
20:35:00.453 febs [main] INFO  o.s.w.s.m.m.a.RequestMappingHandlerMapping - Mapped "{[/log]}" onto public java.lang.String cc.mrbird.system.controller.LogController.index()
20:35:00.453 febs [main] INFO  o.s.w.s.m.m.a.RequestMappingHandlerMapping - Mapped "{[/log/excel]}" onto public cc.mrbird.common.domain.ResponseBo cc.mrbird.system.controller.LogController.logExcel(cc.mrbird.system.domain.SysLog)
20:35:00.453 febs [main] INFO  o.s.w.s.m.m.a.RequestMappingHandlerMapping - Mapped "{[/log/list]}" onto public java.util.Map<java.lang.String, java.lang.Object> cc.mrbird.system.controller.LogController.logList(cc.mrbird.common.domain.QueryRequest,cc.mrbird.system.domain.SysLog)
20:35:00.453 febs [main] INFO  o.s.w.s.m.m.a.RequestMappingHandlerMapping - Mapped "{[/log/delete]}" onto public cc.mrbird.common.domain.ResponseBo cc.mrbird.system.controller.LogController.deleteLogss(java.lang.String)
20:35:00.453 febs [main] INFO  o.s.w.s.m.m.a.RequestMappingHandlerMapping - Mapped "{[/log/csv]}" onto public cc.mrbird.common.domain.ResponseBo cc.mrbird.system.controller.LogController.logCsv(cc.mrbird.system.domain.SysLog)
20:35:00.453 febs [main] INFO  o.s.w.s.m.m.a.RequestMappingHandlerMapping - Mapped "{[/index]}" onto public java.lang.String cc.mrbird.system.controller.LoginController.index(org.springframework.ui.Model)
20:35:00.453 febs [main] INFO  o.s.w.s.m.m.a.RequestMappingHandlerMapping - Mapped "{[/login],methods=[POST]}" onto public cc.mrbird.common.domain.ResponseBo cc.mrbird.system.controller.LoginController.login(java.lang.String,java.lang.String,java.lang.String,java.lang.Boolean)
20:35:00.453 febs [main] INFO  o.s.w.s.m.m.a.RequestMappingHandlerMapping - Mapped "{[/login],methods=[GET]}" onto public java.lang.String cc.mrbird.system.controller.LoginController.login()
20:35:00.453 febs [main] INFO  o.s.w.s.m.m.a.RequestMappingHandlerMapping - Mapped "{[/gifCode],methods=[GET]}" onto public void cc.mrbird.system.controller.LoginController.getGifCode(javax.servlet.http.HttpServletResponse,javax.servlet.http.HttpServletRequest)
20:35:00.453 febs [main] INFO  o.s.w.s.m.m.a.RequestMappingHandlerMapping - Mapped "{[/]}" onto public java.lang.String cc.mrbird.system.controller.LoginController.redirectIndex()
20:35:00.453 febs [main] INFO  o.s.w.s.m.m.a.RequestMappingHandlerMapping - Mapped "{[/403],methods=[GET]}" onto public java.lang.String cc.mrbird.system.controller.LoginController.forbid()
20:35:00.453 febs [main] INFO  o.s.w.s.m.m.a.RequestMappingHandlerMapping - Mapped "{[/menu]}" onto public java.lang.String cc.mrbird.system.controller.MenuController.index()
20:35:00.453 febs [main] INFO  o.s.w.s.m.m.a.RequestMappingHandlerMapping - Mapped "{[/menu/list]}" onto public java.util.List<cc.mrbird.system.domain.Menu> cc.mrbird.system.controller.MenuController.menuList(cc.mrbird.system.domain.Menu)
20:35:00.453 febs [main] INFO  o.s.w.s.m.m.a.RequestMappingHandlerMapping - Mapped "{[/menu/excel]}" onto public cc.mrbird.common.domain.ResponseBo cc.mrbird.system.controller.MenuController.menuExcel(cc.mrbird.system.domain.Menu)
20:35:00.453 febs [main] INFO  o.s.w.s.m.m.a.RequestMappingHandlerMapping - Mapped "{[/menu/csv]}" onto public cc.mrbird.common.domain.ResponseBo cc.mrbird.system.controller.MenuController.menuCsv(cc.mrbird.system.domain.Menu)
20:35:00.453 febs [main] INFO  o.s.w.s.m.m.a.RequestMappingHandlerMapping - Mapped "{[/menu/checkMenuName]}" onto public boolean cc.mrbird.system.controller.MenuController.checkMenuName(java.lang.String,java.lang.String,java.lang.String)
20:35:00.453 febs [main] INFO  o.s.w.s.m.m.a.RequestMappingHandlerMapping - Mapped "{[/menu/menu]}" onto public cc.mrbird.common.domain.ResponseBo cc.mrbird.system.controller.MenuController.getMenu(java.lang.String)
20:35:00.453 febs [main] INFO  o.s.w.s.m.m.a.RequestMappingHandlerMapping - Mapped "{[/menu/getMenu]}" onto public cc.mrbird.common.domain.ResponseBo cc.mrbird.system.controller.MenuController.getMenu(java.lang.Long)
20:35:00.453 febs [main] INFO  o.s.w.s.m.m.a.RequestMappingHandlerMapping - Mapped "{[/menu/add]}" onto public cc.mrbird.common.domain.ResponseBo cc.mrbird.system.controller.MenuController.addMenu(cc.mrbird.system.domain.Menu)
20:35:00.469 febs [main] INFO  o.s.w.s.m.m.a.RequestMappingHandlerMapping - Mapped "{[/menu/delete]}" onto public cc.mrbird.common.domain.ResponseBo cc.mrbird.system.controller.MenuController.deleteMenus(java.lang.String)
20:35:00.469 febs [main] INFO  o.s.w.s.m.m.a.RequestMappingHandlerMapping - Mapped "{[/menu/tree]}" onto public cc.mrbird.common.domain.ResponseBo cc.mrbird.system.controller.MenuController.getMenuTree()
20:35:00.469 febs [main] INFO  o.s.w.s.m.m.a.RequestMappingHandlerMapping - Mapped "{[/menu/getUserMenu]}" onto public cc.mrbird.common.domain.ResponseBo cc.mrbird.system.controller.MenuController.getUserMenu(java.lang.String)
20:35:00.469 febs [main] INFO  o.s.w.s.m.m.a.RequestMappingHandlerMapping - Mapped "{[/menu/update]}" onto public cc.mrbird.common.domain.ResponseBo cc.mrbird.system.controller.MenuController.updateMenu(cc.mrbird.system.domain.Menu)
20:35:00.469 febs [main] INFO  o.s.w.s.m.m.a.RequestMappingHandlerMapping - Mapped "{[/menu/urlList],methods=[GET]}" onto public java.util.List<java.util.Map<java.lang.String, java.lang.String>> cc.mrbird.system.controller.MenuController.getAllUrl()
20:35:00.469 febs [main] INFO  o.s.w.s.m.m.a.RequestMappingHandlerMapping - Mapped "{[/menu/menuButtonTree]}" onto public cc.mrbird.common.domain.ResponseBo cc.mrbird.system.controller.MenuController.getMenuButtonTree()
20:35:00.469 febs [main] INFO  o.s.w.s.m.m.a.RequestMappingHandlerMapping - Mapped "{[/redis/get]}" onto public cc.mrbird.common.domain.ResponseBo cc.mrbird.system.controller.RedisController.get(java.lang.String)
20:35:00.469 febs [main] INFO  o.s.w.s.m.m.a.RequestMappingHandlerMapping - Mapped "{[/redis/keys]}" onto public cc.mrbird.common.domain.ResponseBo cc.mrbird.system.controller.RedisController.keys(java.lang.String)
20:35:00.469 febs [main] INFO  o.s.w.s.m.m.a.RequestMappingHandlerMapping - Mapped "{[/redis/set]}" onto public cc.mrbird.common.domain.ResponseBo cc.mrbird.system.controller.RedisController.set(java.lang.String)
20:35:00.469 febs [main] INFO  o.s.w.s.m.m.a.RequestMappingHandlerMapping - Mapped "{[/redis/exists]}" onto public cc.mrbird.common.domain.ResponseBo cc.mrbird.system.controller.RedisController.exists(java.lang.String)
20:35:00.469 febs [main] INFO  o.s.w.s.m.m.a.RequestMappingHandlerMapping - Mapped "{[/redis/del]}" onto public cc.mrbird.common.domain.ResponseBo cc.mrbird.system.controller.RedisController.del(java.lang.String)
20:35:00.469 febs [main] INFO  o.s.w.s.m.m.a.RequestMappingHandlerMapping - Mapped "{[/redis/memoryInfo]}" onto public java.lang.String cc.mrbird.system.controller.RedisController.getMemoryInfo()
20:35:00.469 febs [main] INFO  o.s.w.s.m.m.a.RequestMappingHandlerMapping - Mapped "{[/redis/pexpire]}" onto public cc.mrbird.common.domain.ResponseBo cc.mrbird.system.controller.RedisController.pexpire(java.lang.String)
20:35:00.469 febs [main] INFO  o.s.w.s.m.m.a.RequestMappingHandlerMapping - Mapped "{[/redis/pttl]}" onto public cc.mrbird.common.domain.ResponseBo cc.mrbird.system.controller.RedisController.pttl(java.lang.String)
20:35:00.469 febs [main] INFO  o.s.w.s.m.m.a.RequestMappingHandlerMapping - Mapped "{[/redis/keysSize]}" onto public java.lang.String cc.mrbird.system.controller.RedisController.getKeysSize()
20:35:00.469 febs [main] INFO  o.s.w.s.m.m.a.RequestMappingHandlerMapping - Mapped "{[/redis/info]}" onto public java.lang.String cc.mrbird.system.controller.RedisController.getRedisInfo(org.springframework.ui.Model)
20:35:00.469 febs [main] INFO  o.s.w.s.m.m.a.RequestMappingHandlerMapping - Mapped "{[/redis/terminal]}" onto public java.lang.String cc.mrbird.system.controller.RedisController.redisTerminal(org.springframework.ui.Model)
20:35:00.469 febs [main] INFO  o.s.w.s.m.m.a.RequestMappingHandlerMapping - Mapped "{[/role]}" onto public java.lang.String cc.mrbird.system.controller.RoleController.index()
20:35:00.469 febs [main] INFO  o.s.w.s.m.m.a.RequestMappingHandlerMapping - Mapped "{[/role/add]}" onto public cc.mrbird.common.domain.ResponseBo cc.mrbird.system.controller.RoleController.addRole(cc.mrbird.system.domain.Role,java.lang.Long[])
20:35:00.469 febs [main] INFO  o.s.w.s.m.m.a.RequestMappingHandlerMapping - Mapped "{[/role/getRole]}" onto public cc.mrbird.common.domain.ResponseBo cc.mrbird.system.controller.RoleController.getRole(java.lang.Long)
20:35:00.469 febs [main] INFO  o.s.w.s.m.m.a.RequestMappingHandlerMapping - Mapped "{[/role/list]}" onto public java.util.Map<java.lang.String, java.lang.Object> cc.mrbird.system.controller.RoleController.roleList(cc.mrbird.common.domain.QueryRequest,cc.mrbird.system.domain.Role)
20:35:00.469 febs [main] INFO  o.s.w.s.m.m.a.RequestMappingHandlerMapping - Mapped "{[/role/update]}" onto public cc.mrbird.common.domain.ResponseBo cc.mrbird.system.controller.RoleController.updateRole(cc.mrbird.system.domain.Role,java.lang.Long[])
20:35:00.469 febs [main] INFO  o.s.w.s.m.m.a.RequestMappingHandlerMapping - Mapped "{[/role/excel]}" onto public cc.mrbird.common.domain.ResponseBo cc.mrbird.system.controller.RoleController.roleExcel(cc.mrbird.system.domain.Role)
20:35:00.469 febs [main] INFO  o.s.w.s.m.m.a.RequestMappingHandlerMapping - Mapped "{[/role/checkRoleName]}" onto public boolean cc.mrbird.system.controller.RoleController.checkRoleName(java.lang.String,java.lang.String)
20:35:00.469 febs [main] INFO  o.s.w.s.m.m.a.RequestMappingHandlerMapping - Mapped "{[/role/delete]}" onto public cc.mrbird.common.domain.ResponseBo cc.mrbird.system.controller.RoleController.deleteRoles(java.lang.String)
20:35:00.469 febs [main] INFO  o.s.w.s.m.m.a.RequestMappingHandlerMapping - Mapped "{[/role/csv]}" onto public cc.mrbird.common.domain.ResponseBo cc.mrbird.system.controller.RoleController.roleCsv(cc.mrbird.system.domain.Role)
20:35:00.469 febs [main] INFO  o.s.w.s.m.m.a.RequestMappingHandlerMapping - Mapped "{[/session/list]}" onto public java.util.Map<java.lang.String, java.lang.Object> cc.mrbird.system.controller.SessionController.list()
20:35:00.469 febs [main] INFO  o.s.w.s.m.m.a.RequestMappingHandlerMapping - Mapped "{[/session]}" onto public java.lang.String cc.mrbird.system.controller.SessionController.online()
20:35:00.469 febs [main] INFO  o.s.w.s.m.m.a.RequestMappingHandlerMapping - Mapped "{[/session/forceLogout]}" onto public cc.mrbird.common.domain.ResponseBo cc.mrbird.system.controller.SessionController.forceLogout(java.lang.String)
20:35:00.469 febs [main] INFO  o.s.w.s.m.m.a.RequestMappingHandlerMapping - Mapped "{[/user]}" onto public java.lang.String cc.mrbird.system.controller.UserController.index(org.springframework.ui.Model)
20:35:00.469 febs [main] INFO  o.s.w.s.m.m.a.RequestMappingHandlerMapping - Mapped "{[/user/add]}" onto public cc.mrbird.common.domain.ResponseBo cc.mrbird.system.controller.UserController.addUser(cc.mrbird.system.domain.User,java.lang.Long[])
20:35:00.469 febs [main] INFO  o.s.w.s.m.m.a.RequestMappingHandlerMapping - Mapped "{[/user/list]}" onto public java.util.Map<java.lang.String, java.lang.Object> cc.mrbird.system.controller.UserController.userList(cc.mrbird.common.domain.QueryRequest,cc.mrbird.system.domain.User)
20:35:00.469 febs [main] INFO  o.s.w.s.m.m.a.RequestMappingHandlerMapping - Mapped "{[/user/checkUserName]}" onto public boolean cc.mrbird.system.controller.UserController.checkUserName(java.lang.String,java.lang.String)
20:35:00.469 febs [main] INFO  o.s.w.s.m.m.a.RequestMappingHandlerMapping - Mapped "{[/user/getUser]}" onto public cc.mrbird.common.domain.ResponseBo cc.mrbird.system.controller.UserController.getUser(java.lang.Long)
20:35:00.469 febs [main] INFO  o.s.w.s.m.m.a.RequestMappingHandlerMapping - Mapped "{[/user/regist]}" onto public cc.mrbird.common.domain.ResponseBo cc.mrbird.system.controller.UserController.regist(cc.mrbird.system.domain.User)
20:35:00.469 febs [main] INFO  o.s.w.s.m.m.a.RequestMappingHandlerMapping - Mapped "{[/user/delete]}" onto public cc.mrbird.common.domain.ResponseBo cc.mrbird.system.controller.UserController.deleteUsers(java.lang.String)
20:35:00.469 febs [main] INFO  o.s.w.s.m.m.a.RequestMappingHandlerMapping - Mapped "{[/user/csv]}" onto public cc.mrbird.common.domain.ResponseBo cc.mrbird.system.controller.UserController.userCsv(cc.mrbird.system.domain.User)
20:35:00.469 febs [main] INFO  o.s.w.s.m.m.a.RequestMappingHandlerMapping - Mapped "{[/user/updatePassword]}" onto public cc.mrbird.common.domain.ResponseBo cc.mrbird.system.controller.UserController.updatePassword(java.lang.String)
20:35:00.469 febs [main] INFO  o.s.w.s.m.m.a.RequestMappingHandlerMapping - Mapped "{[/user/theme]}" onto public cc.mrbird.common.domain.ResponseBo cc.mrbird.system.controller.UserController.updateTheme(cc.mrbird.system.domain.User)
20:35:00.469 febs [main] INFO  o.s.w.s.m.m.a.RequestMappingHandlerMapping - Mapped "{[/user/profile]}" onto public java.lang.String cc.mrbird.system.controller.UserController.profileIndex(org.springframework.ui.Model)
20:35:00.469 febs [main] INFO  o.s.w.s.m.m.a.RequestMappingHandlerMapping - Mapped "{[/user/changeAvatar]}" onto public cc.mrbird.common.domain.ResponseBo cc.mrbird.system.controller.UserController.changeAvatar(java.lang.String)
20:35:00.469 febs [main] INFO  o.s.w.s.m.m.a.RequestMappingHandlerMapping - Mapped "{[/user/getUserProfile]}" onto public cc.mrbird.common.domain.ResponseBo cc.mrbird.system.controller.UserController.getUserProfile(java.lang.Long)
20:35:00.485 febs [main] INFO  o.s.w.s.m.m.a.RequestMappingHandlerMapping - Mapped "{[/user/excel]}" onto public cc.mrbird.common.domain.ResponseBo cc.mrbird.system.controller.UserController.userExcel(cc.mrbird.system.domain.User)
20:35:00.485 febs [main] INFO  o.s.w.s.m.m.a.RequestMappingHandlerMapping - Mapped "{[/user/checkPassword]}" onto public boolean cc.mrbird.system.controller.UserController.checkPassword(java.lang.String)
20:35:00.485 febs [main] INFO  o.s.w.s.m.m.a.RequestMappingHandlerMapping - Mapped "{[/user/update]}" onto public cc.mrbird.common.domain.ResponseBo cc.mrbird.system.controller.UserController.updateUser(cc.mrbird.system.domain.User,java.lang.Long[])
20:35:00.485 febs [main] INFO  o.s.w.s.m.m.a.RequestMappingHandlerMapping - Mapped "{[/user/updateUserProfile]}" onto public cc.mrbird.common.domain.ResponseBo cc.mrbird.system.controller.UserController.updateUserProfile(cc.mrbird.system.domain.User)
20:35:00.485 febs [main] INFO  o.s.w.s.m.m.a.RequestMappingHandlerMapping - Mapped "{[/article]}" onto public java.lang.String cc.mrbird.web.controller.ArticleController.index()
20:35:00.485 febs [main] INFO  o.s.w.s.m.m.a.RequestMappingHandlerMapping - Mapped "{[/article/query]}" onto public cc.mrbird.common.domain.ResponseBo cc.mrbird.web.controller.ArticleController.queryArticle(java.lang.String)
20:35:00.485 febs [main] INFO  o.s.w.s.m.m.a.RequestMappingHandlerMapping - Mapped "{[/movie/getMovieHot]}" onto public cc.mrbird.common.domain.ResponseBo cc.mrbird.web.controller.MovieController.getMoiveHot()
20:35:00.485 febs [main] INFO  o.s.w.s.m.m.a.RequestMappingHandlerMapping - Mapped "{[/movie/detail]}" onto public cc.mrbird.common.domain.ResponseBo cc.mrbird.web.controller.MovieController.getDetail(java.lang.String)
20:35:00.485 febs [main] INFO  o.s.w.s.m.m.a.RequestMappingHandlerMapping - Mapped "{[/movie/coming]}" onto public java.lang.String cc.mrbird.web.controller.MovieController.movieComing()
20:35:00.485 febs [main] INFO  o.s.w.s.m.m.a.RequestMappingHandlerMapping - Mapped "{[/movie/hot]}" onto public java.lang.String cc.mrbird.web.controller.MovieController.movieHot()
20:35:00.485 febs [main] INFO  o.s.w.s.m.m.a.RequestMappingHandlerMapping - Mapped "{[/movie/getMovieComing]}" onto public cc.mrbird.common.domain.ResponseBo cc.mrbird.web.controller.MovieController.getMovieComing()
20:35:00.485 febs [main] INFO  o.s.w.s.m.m.a.RequestMappingHandlerMapping - Mapped "{[/movie/comments]}" onto public cc.mrbird.common.domain.ResponseBo cc.mrbird.web.controller.MovieController.getComments(java.lang.String)
20:35:00.485 febs [main] INFO  o.s.w.s.m.m.a.RequestMappingHandlerMapping - Mapped "{[/one/yuwen]}" onto public java.lang.String cc.mrbird.web.controller.OneIsAllController.yuwenIndex()
20:35:00.485 febs [main] INFO  o.s.w.s.m.m.a.RequestMappingHandlerMapping - Mapped "{[/one/essay]}" onto public java.lang.String cc.mrbird.web.controller.OneIsAllController.essayIndex()
20:35:00.485 febs [main] INFO  o.s.w.s.m.m.a.RequestMappingHandlerMapping - Mapped "{[/one/oneList]}" onto public cc.mrbird.common.domain.ResponseBo cc.mrbird.web.controller.OneIsAllController.getOneList()
20:35:00.485 febs [main] INFO  o.s.w.s.m.m.a.RequestMappingHandlerMapping - Mapped "{[/one/readingList]}" onto public cc.mrbird.common.domain.ResponseBo cc.mrbird.web.controller.OneIsAllController.getReadingList()
20:35:00.485 febs [main] INFO  o.s.w.s.m.m.a.RequestMappingHandlerMapping - Mapped "{[/one/painting]}" onto public java.lang.String cc.mrbird.web.controller.OneIsAllController.paintIndex()
20:35:00.485 febs [main] INFO  o.s.w.s.m.m.a.RequestMappingHandlerMapping - Mapped "{[/one/yuwenDetail]}" onto public cc.mrbird.common.domain.ResponseBo cc.mrbird.web.controller.OneIsAllController.getYuwenDetail(java.lang.String,java.lang.String)
20:35:00.485 febs [main] INFO  o.s.w.s.m.m.a.RequestMappingHandlerMapping - Mapped "{[/one/yuwenComments]}" onto public cc.mrbird.common.domain.ResponseBo cc.mrbird.web.controller.OneIsAllController.getYuwenComments(java.lang.String)
20:35:00.485 febs [main] INFO  o.s.w.s.m.m.a.RequestMappingHandlerMapping - Mapped "{[/one/essayDetail]}" onto public cc.mrbird.common.domain.ResponseBo cc.mrbird.web.controller.OneIsAllController.getEssayDetail(java.lang.String,java.lang.String)
20:35:00.485 febs [main] INFO  o.s.w.s.m.m.a.RequestMappingHandlerMapping - Mapped "{[/one/essayComments]}" onto public cc.mrbird.common.domain.ResponseBo cc.mrbird.web.controller.OneIsAllController.getEssayComments(java.lang.String)
20:35:00.485 febs [main] INFO  o.s.w.s.m.m.a.RequestMappingHandlerMapping - Mapped "{[/weather/query]}" onto public cc.mrbird.common.domain.ResponseBo cc.mrbird.web.controller.WeatherController.queryWeather(java.lang.String)
20:35:00.485 febs [main] INFO  o.s.w.s.m.m.a.RequestMappingHandlerMapping - Mapped "{[/weather]}" onto public java.lang.String cc.mrbird.web.controller.WeatherController.weather()
20:35:00.485 febs [main] INFO  o.s.w.s.m.m.a.RequestMappingHandlerMapping - Mapped "{[/error]}" onto public org.springframework.http.ResponseEntity<java.util.Map<java.lang.String, java.lang.Object>> org.springframework.boot.autoconfigure.web.servlet.error.BasicErrorController.error(javax.servlet.http.HttpServletRequest)
20:35:00.485 febs [main] INFO  o.s.w.s.m.m.a.RequestMappingHandlerMapping - Mapped "{[/error],produces=[text/html]}" onto public org.springframework.web.servlet.ModelAndView org.springframework.boot.autoconfigure.web.servlet.error.BasicErrorController.errorHtml(javax.servlet.http.HttpServletRequest,javax.servlet.http.HttpServletResponse)
20:35:00.547 febs [main] INFO  o.s.w.s.h.SimpleUrlHandlerMapping - Mapped URL path [/webjars/**] onto handler of type [class org.springframework.web.servlet.resource.ResourceHttpRequestHandler]
20:35:00.547 febs [main] INFO  o.s.w.s.h.SimpleUrlHandlerMapping - Mapped URL path [/**] onto handler of type [class org.springframework.web.servlet.resource.ResourceHttpRequestHandler]
20:35:00.594 febs [main] INFO  o.s.w.s.m.m.a.ExceptionHandlerExceptionResolver - Detected @ExceptionHandler methods in globalExceptionHandler
20:35:00.797 febs [main] INFO  o.s.b.a.w.s.WelcomePageHandlerMapping - Adding welcome page template: index
20:35:02.109 febs [main] INFO  o.s.j.e.a.AnnotationMBeanExporter - Registering beans for JMX exposure on startup
20:35:02.125 febs [main] INFO  o.s.j.e.a.AnnotationMBeanExporter - Bean with name 'statFilter' has been autodetected for JMX exposure
20:35:02.125 febs [main] INFO  o.s.j.e.a.AnnotationMBeanExporter - Bean with name 'dataSource' has been autodetected for JMX exposure
20:35:02.125 febs [main] INFO  o.s.j.e.a.AnnotationMBeanExporter - Located MBean 'dataSource': registering with JMX server as MBean [com.alibaba.druid.spring.boot.autoconfigure:name=dataSource,type=DruidDataSourceWrapper]
20:35:02.125 febs [main] INFO  o.s.j.e.a.AnnotationMBeanExporter - Located MBean 'statFilter': registering with JMX server as MBean [com.alibaba.druid.filter.stat:name=statFilter,type=StatFilter]
20:35:02.125 febs [main] INFO  o.s.c.s.DefaultLifecycleProcessor - Starting beans in phase 2147483647
20:35:02.125 febs [main] INFO  o.s.s.quartz.SchedulerFactoryBean - Will start Quartz Scheduler [MyScheduler] in 1 seconds
20:35:02.141 febs [main] INFO  o.a.coyote.http11.Http11NioProtocol - Starting ProtocolHandler ["http-nio-80"]
20:35:02.156 febs [main] INFO  o.a.tomcat.util.net.NioSelectorPool - Using a shared selector for servlet write/read
20:35:02.172 febs [main] INFO  o.s.b.w.e.tomcat.TomcatWebServer - Tomcat started on port(s): 80 (http) with context path ''
20:35:02.172 febs [main] INFO  cc.mrbird.Application - Started Application in 16.313 seconds (JVM running for 18.704)
20:35:02.187 febs [main] INFO  cc.mrbird.Application - 《《《《《《 FEBS started up successfully at 2022-09-17 20:35:02.187 》》》》》》
20:35:03.147 febs [Quartz Scheduler [MyScheduler]] INFO  o.s.s.quartz.SchedulerFactoryBean - Starting Quartz Scheduler now, after delay of 1 seconds
20:35:03.507 febs [Quartz Scheduler [MyScheduler]] INFO  org.quartz.core.QuartzScheduler - Scheduler MyScheduler_$_DESKTOP-J914O471663418096188 started.
20:36:05.230 febs [http-nio-80-exec-1] INFO  o.a.c.c.C.[Tomcat].[localhost].[/] - Initializing Spring FrameworkServlet 'dispatcherServlet'
20:36:05.231 febs [http-nio-80-exec-1] INFO  o.s.web.servlet.DispatcherServlet - FrameworkServlet 'dispatcherServlet': initialization started
20:36:05.267 febs [http-nio-80-exec-1] INFO  o.s.web.servlet.DispatcherServlet - FrameworkServlet 'dispatcherServlet': initialization completed in 36 ms
20:36:05.289 febs [http-nio-80-exec-1] INFO  o.a.s.s.m.AbstractValidatingSessionManager - Enabling session validation scheduler...
20:51:15.785 febs [QuartzScheduler_MyScheduler-DESKTOP-J914O471663418096188_MisfireHandler] INFO  o.s.s.quartz.LocalDataSourceJobStore - Handling 1 trigger(s) that missed their scheduled fire-time.
