14:38:35.458 febs [main] INFO  cc.mrbird.Application - Starting Application on DESKTOP-J914O47 with PID 9264 (E:\git\FEBS\target\classes started by admin in E:\git\FEBS)
14:38:35.481 febs [main] INFO  cc.mrbird.Application - No active profile set, falling back to default profiles: default
14:38:35.822 febs [main] INFO  o.s.b.w.s.c.AnnotationConfigServletWebServerApplicationContext - Refreshing org.springframework.boot.web.servlet.context.AnnotationConfigServletWebServerApplicationContext@294e5088: startup date [Thu Oct 21 14:38:35 CST 2021]; root of context hierarchy
14:38:40.258 febs [main] INFO  o.s.b.f.s.DefaultListableBeanFactory - Overriding bean definition for bean 'shiroRealm' with a different definition: replacing [Generic bean: class [cc.mrbird.common.shiro.ShiroRealm]; scope=singleton; abstract=false; lazyInit=false; autowireMode=0; dependencyCheck=0; autowireCandidate=true; primary=false; factoryBeanName=null; factoryMethodName=null; initMethodName=null; destroyMethodName=null; defined in file [E:\git\FEBS\target\classes\cc\mrbird\common\shiro\ShiroRealm.class]] with [Root bean: class [null]; scope=; abstract=false; lazyInit=false; autowireMode=3; dependencyCheck=0; autowireCandidate=true; primary=false; factoryBeanName=shiroConfig; factoryMethodName=shiroRealm; initMethodName=null; destroyMethodName=(inferred); defined in class path resource [cc/mrbird/common/shiro/ShiroConfig.class]]
14:38:41.312 febs [main] INFO  o.s.d.r.c.RepositoryConfigurationDelegate - Multiple Spring Data modules found, entering strict repository configuration mode!
14:38:43.801 febs [main] INFO  c.u.j.c.EnableEncryptablePropertiesBeanFactoryPostProcessor - Post-processing PropertySource instances
14:38:44.171 febs [main] INFO  c.u.j.EncryptablePropertySourceConverter - Converting PropertySource configurationProperties [org.springframework.boot.context.properties.source.ConfigurationPropertySourcesPropertySource] to AOP Proxy
14:38:44.174 febs [main] INFO  c.u.j.EncryptablePropertySourceConverter - Converting PropertySource servletConfigInitParams [org.springframework.core.env.PropertySource$StubPropertySource] to EncryptablePropertySourceWrapper
14:38:44.175 febs [main] INFO  c.u.j.EncryptablePropertySourceConverter - Converting PropertySource servletContextInitParams [org.springframework.core.env.PropertySource$StubPropertySource] to EncryptablePropertySourceWrapper
14:38:44.176 febs [main] INFO  c.u.j.EncryptablePropertySourceConverter - Converting PropertySource systemProperties [org.springframework.core.env.MapPropertySource] to EncryptableMapPropertySourceWrapper
14:38:44.178 febs [main] INFO  c.u.j.EncryptablePropertySourceConverter - Converting PropertySource systemEnvironment [org.springframework.boot.env.SystemEnvironmentPropertySourceEnvironmentPostProcessor$OriginAwareSystemEnvironmentPropertySource] to EncryptableMapPropertySourceWrapper
14:38:44.180 febs [main] INFO  c.u.j.EncryptablePropertySourceConverter - Converting PropertySource random [org.springframework.boot.env.RandomValuePropertySource] to EncryptablePropertySourceWrapper
14:38:44.181 febs [main] INFO  c.u.j.EncryptablePropertySourceConverter - Converting PropertySource applicationConfig: [classpath:/application.yml] [org.springframework.boot.env.OriginTrackedMapPropertySource] to EncryptableMapPropertySourceWrapper
14:38:44.412 febs [main] INFO  o.s.c.s.PostProcessorRegistrationDelegate$BeanPostProcessorChecker - Bean 'asyncExecutorPoolConfig' of type [cc.mrbird.common.config.AsyncExecutorPoolConfig$$EnhancerBySpringCGLIB$$97809155] is not eligible for getting processed by all BeanPostProcessors (for example: not eligible for auto-proxying)
14:38:44.578 febs [main] INFO  c.u.j.f.DefaultLazyPropertyFilter - Property Filter custom Bean not found with name 'encryptablePropertyFilter'. Initializing Default Property Filter
14:38:44.598 febs [main] INFO  o.s.c.s.PostProcessorRegistrationDelegate$BeanPostProcessorChecker - Bean 'com.alibaba.druid.spring.boot.autoconfigure.stat.DruidSpringAopConfiguration' of type [com.alibaba.druid.spring.boot.autoconfigure.stat.DruidSpringAopConfiguration] is not eligible for getting processed by all BeanPostProcessors (for example: not eligible for auto-proxying)
14:38:44.780 febs [main] INFO  o.s.c.s.PostProcessorRegistrationDelegate$BeanPostProcessorChecker - Bean 'org.springframework.boot.context.properties.ConversionServiceDeducer$Factory' of type [org.springframework.boot.context.properties.ConversionServiceDeducer$Factory] is not eligible for getting processed by all BeanPostProcessors (for example: not eligible for auto-proxying)
14:38:45.202 febs [main] INFO  c.u.j.r.DefaultLazyPropertyResolver - Property Resolver custom Bean not found with name 'encryptablePropertyResolver'. Initializing Default Property Resolver
14:38:45.207 febs [main] INFO  c.u.j.d.DefaultLazyPropertyDetector - Property Detector custom Bean not found with name 'encryptablePropertyDetector'. Initializing Default Property Detector
14:38:45.277 febs [main] INFO  o.s.c.s.PostProcessorRegistrationDelegate$BeanPostProcessorChecker - Bean 'spring.datasource.druid-com.alibaba.druid.spring.boot.autoconfigure.properties.DruidStatProperties' of type [com.alibaba.druid.spring.boot.autoconfigure.properties.DruidStatProperties] is not eligible for getting processed by all BeanPostProcessors (for example: not eligible for auto-proxying)
14:38:45.331 febs [main] INFO  o.s.c.s.PostProcessorRegistrationDelegate$BeanPostProcessorChecker - Bean 'advisor' of type [org.springframework.aop.support.RegexpMethodPointcutAdvisor] is not eligible for getting processed by all BeanPostProcessors (for example: not eligible for auto-proxying)
14:38:45.379 febs [main] INFO  o.s.c.s.PostProcessorRegistrationDelegate$BeanPostProcessorChecker - Bean 'redisConfig' of type [cc.mrbird.common.config.RedisConfig$$EnhancerBySpringCGLIB$$f12afc25] is not eligible for getting processed by all BeanPostProcessors (for example: not eligible for auto-proxying)
14:38:45.503 febs [main] INFO  o.s.c.s.PostProcessorRegistrationDelegate$BeanPostProcessorChecker - Bean 'org.springframework.transaction.annotation.ProxyTransactionManagementConfiguration' of type [org.springframework.transaction.annotation.ProxyTransactionManagementConfiguration$$EnhancerBySpringCGLIB$$c47060e] is not eligible for getting processed by all BeanPostProcessors (for example: not eligible for auto-proxying)
14:38:45.598 febs [main] INFO  o.s.c.s.PostProcessorRegistrationDelegate$BeanPostProcessorChecker - Bean 'febsProperties' of type [cc.mrbird.common.config.FebsProperties$$EnhancerBySpringCGLIB$$ea009de1] is not eligible for getting processed by all BeanPostProcessors (for example: not eligible for auto-proxying)
14:38:45.605 febs [main] INFO  o.s.c.s.PostProcessorRegistrationDelegate$BeanPostProcessorChecker - Bean 'shiroConfig' of type [cc.mrbird.common.shiro.ShiroConfig$$EnhancerBySpringCGLIB$$179e8c48] is not eligible for getting processed by all BeanPostProcessors (for example: not eligible for auto-proxying)
14:39:12.135 febs [main] INFO  o.s.c.s.PostProcessorRegistrationDelegate$BeanPostProcessorChecker - Bean 'mybatis-org.mybatis.spring.boot.autoconfigure.MybatisProperties' of type [org.mybatis.spring.boot.autoconfigure.MybatisProperties] is not eligible for getting processed by all BeanPostProcessors (for example: not eligible for auto-proxying)
14:39:13.689 febs [main] INFO  o.s.c.s.PostProcessorRegistrationDelegate$BeanPostProcessorChecker - Bean 'myBatisConfig' of type [cc.mrbird.common.config.MyBatisConfig$$EnhancerBySpringCGLIB$$283df81d] is not eligible for getting processed by all BeanPostProcessors (for example: not eligible for auto-proxying)
14:39:14.661 febs [main] INFO  o.s.c.s.PostProcessorRegistrationDelegate$BeanPostProcessorChecker - Bean 'sqlStatementInterceptor' of type [cc.mrbird.common.interceptor.SqlStatementInterceptor] is not eligible for getting processed by all BeanPostProcessors (for example: not eligible for auto-proxying)
14:39:16.719 febs [main] INFO  o.s.c.s.PostProcessorRegistrationDelegate$BeanPostProcessorChecker - Bean 'org.mybatis.spring.boot.autoconfigure.MybatisAutoConfiguration' of type [org.mybatis.spring.boot.autoconfigure.MybatisAutoConfiguration$$EnhancerBySpringCGLIB$$3f1b573e] is not eligible for getting processed by all BeanPostProcessors (for example: not eligible for auto-proxying)
14:39:17.952 febs [main] INFO  o.s.c.s.PostProcessorRegistrationDelegate$BeanPostProcessorChecker - Bean 'com.alibaba.druid.spring.boot.autoconfigure.DruidDataSourceAutoConfigure' of type [com.alibaba.druid.spring.boot.autoconfigure.DruidDataSourceAutoConfigure$$EnhancerBySpringCGLIB$$25f2fb80] is not eligible for getting processed by all BeanPostProcessors (for example: not eligible for auto-proxying)
14:39:18.606 febs [main] INFO  c.a.d.s.b.a.DruidDataSourceAutoConfigure - Init DruidDataSource
14:39:33.522 febs [main] INFO  o.s.c.s.PostProcessorRegistrationDelegate$BeanPostProcessorChecker - Bean 'spring.datasource-org.springframework.boot.autoconfigure.jdbc.DataSourceProperties' of type [org.springframework.boot.autoconfigure.jdbc.DataSourceProperties] is not eligible for getting processed by all BeanPostProcessors (for example: not eligible for auto-proxying)
14:39:36.972 febs [main] INFO  o.s.c.s.PostProcessorRegistrationDelegate$BeanPostProcessorChecker - Bean 'com.alibaba.druid.spring.boot.autoconfigure.stat.DruidFilterConfiguration' of type [com.alibaba.druid.spring.boot.autoconfigure.stat.DruidFilterConfiguration] is not eligible for getting processed by all BeanPostProcessors (for example: not eligible for auto-proxying)
14:39:51.485 febs [main] INFO  o.s.c.s.PostProcessorRegistrationDelegate$BeanPostProcessorChecker - Bean 'statFilter' of type [com.alibaba.druid.filter.stat.StatFilter] is not eligible for getting processed by all BeanPostProcessors (for example: not eligible for auto-proxying)
14:41:15.085 febs [main] INFO  c.alibaba.druid.pool.DruidDataSource - {dataSource-1} inited
14:41:15.095 febs [main] INFO  o.s.c.s.PostProcessorRegistrationDelegate$BeanPostProcessorChecker - Bean 'dataSource' of type [com.alibaba.druid.spring.boot.autoconfigure.DruidDataSourceWrapper] is not eligible for getting processed by all BeanPostProcessors (for example: not eligible for auto-proxying)
14:41:40.114 febs [main] INFO  o.s.c.s.PostProcessorRegistrationDelegate$BeanPostProcessorChecker - Bean 'org.springframework.boot.autoconfigure.jdbc.DataSourceInitializerInvoker' of type [org.springframework.boot.autoconfigure.jdbc.DataSourceInitializerInvoker] is not eligible for getting processed by all BeanPostProcessors (for example: not eligible for auto-proxying)
14:42:11.478 febs [main] INFO  o.s.c.s.PostProcessorRegistrationDelegate$BeanPostProcessorChecker - Bean 'sqlSessionFactory' of type [org.apache.ibatis.session.defaults.DefaultSqlSessionFactory] is not eligible for getting processed by all BeanPostProcessors (for example: not eligible for auto-proxying)
14:42:14.004 febs [main] INFO  o.s.c.s.PostProcessorRegistrationDelegate$BeanPostProcessorChecker - Bean 'sqlSessionTemplate' of type [org.mybatis.spring.SqlSessionTemplate] is not eligible for getting processed by all BeanPostProcessors (for example: not eligible for auto-proxying)
14:42:15.495 febs [main] INFO  o.s.c.s.PostProcessorRegistrationDelegate$BeanPostProcessorChecker - Bean 'userMapper' of type [org.mybatis.spring.mapper.MapperFactoryBean] is not eligible for getting processed by all BeanPostProcessors (for example: not eligible for auto-proxying)
14:42:16.415 febs [main] INFO  o.s.c.s.PostProcessorRegistrationDelegate$BeanPostProcessorChecker - Bean 'userMapper' of type [com.sun.proxy.$Proxy96] is not eligible for getting processed by all BeanPostProcessors (for example: not eligible for auto-proxying)
14:42:22.025 febs [main] INFO  o.s.c.s.PostProcessorRegistrationDelegate$BeanPostProcessorChecker - Bean 'redisPoolFactory' of type [redis.clients.jedis.JedisPool] is not eligible for getting processed by all BeanPostProcessors (for example: not eligible for auto-proxying)
14:42:22.915 febs [main] INFO  o.s.c.s.PostProcessorRegistrationDelegate$BeanPostProcessorChecker - Bean 'redisService' of type [cc.mrbird.common.service.impl.RedisServiceImpl] is not eligible for getting processed by all BeanPostProcessors (for example: not eligible for auto-proxying)
14:42:28.848 febs [main] INFO  o.s.c.s.PostProcessorRegistrationDelegate$BeanPostProcessorChecker - Bean 'userRoleMapper' of type [org.mybatis.spring.mapper.MapperFactoryBean] is not eligible for getting processed by all BeanPostProcessors (for example: not eligible for auto-proxying)
14:42:29.373 febs [main] INFO  o.s.c.s.PostProcessorRegistrationDelegate$BeanPostProcessorChecker - Bean 'userRoleMapper' of type [com.sun.proxy.$Proxy98] is not eligible for getting processed by all BeanPostProcessors (for example: not eligible for auto-proxying)
14:42:32.924 febs [main] INFO  o.s.c.s.PostProcessorRegistrationDelegate$BeanPostProcessorChecker - Bean 'userRoleService' of type [cc.mrbird.system.service.impl.UserRoleServiceImpl] is not eligible for getting processed by all BeanPostProcessors (for example: not eligible for auto-proxying)
14:42:39.980 febs [main] INFO  o.s.c.s.PostProcessorRegistrationDelegate$BeanPostProcessorChecker - Bean 'userService' of type [cc.mrbird.system.service.impl.UserServiceImpl] is not eligible for getting processed by all BeanPostProcessors (for example: not eligible for auto-proxying)
14:42:52.664 febs [main] INFO  o.s.c.s.PostProcessorRegistrationDelegate$BeanPostProcessorChecker - Bean 'roleMapper' of type [org.mybatis.spring.mapper.MapperFactoryBean] is not eligible for getting processed by all BeanPostProcessors (for example: not eligible for auto-proxying)
14:42:53.341 febs [main] INFO  o.s.c.s.PostProcessorRegistrationDelegate$BeanPostProcessorChecker - Bean 'roleMapper' of type [com.sun.proxy.$Proxy104] is not eligible for getting processed by all BeanPostProcessors (for example: not eligible for auto-proxying)
14:42:57.380 febs [main] INFO  o.s.c.s.PostProcessorRegistrationDelegate$BeanPostProcessorChecker - Bean 'roleMenuMapper' of type [org.mybatis.spring.mapper.MapperFactoryBean] is not eligible for getting processed by all BeanPostProcessors (for example: not eligible for auto-proxying)
14:42:57.931 febs [main] INFO  o.s.c.s.PostProcessorRegistrationDelegate$BeanPostProcessorChecker - Bean 'roleMenuMapper' of type [com.sun.proxy.$Proxy105] is not eligible for getting processed by all BeanPostProcessors (for example: not eligible for auto-proxying)
14:43:01.658 febs [main] INFO  o.s.c.s.PostProcessorRegistrationDelegate$BeanPostProcessorChecker - Bean 'roleMenuService' of type [cc.mrbird.system.service.impl.RoleMenuServiceImpl] is not eligible for getting processed by all BeanPostProcessors (for example: not eligible for auto-proxying)
14:43:08.467 febs [main] INFO  o.s.c.s.PostProcessorRegistrationDelegate$BeanPostProcessorChecker - Bean 'roleService' of type [cc.mrbird.system.service.impl.RoleServiceImpl] is not eligible for getting processed by all BeanPostProcessors (for example: not eligible for auto-proxying)
14:43:19.533 febs [main] INFO  o.s.c.s.PostProcessorRegistrationDelegate$BeanPostProcessorChecker - Bean 'menuMapper' of type [org.mybatis.spring.mapper.MapperFactoryBean] is not eligible for getting processed by all BeanPostProcessors (for example: not eligible for auto-proxying)
14:43:20.163 febs [main] INFO  o.s.c.s.PostProcessorRegistrationDelegate$BeanPostProcessorChecker - Bean 'menuMapper' of type [com.sun.proxy.$Proxy106] is not eligible for getting processed by all BeanPostProcessors (for example: not eligible for auto-proxying)
14:43:23.321 febs [main] INFO  o.s.c.s.PostProcessorRegistrationDelegate$BeanPostProcessorChecker - Bean 'menuService' of type [cc.mrbird.system.service.impl.MenuServiceImpl] is not eligible for getting processed by all BeanPostProcessors (for example: not eligible for auto-proxying)
14:43:31.303 febs [main] INFO  o.s.c.s.PostProcessorRegistrationDelegate$BeanPostProcessorChecker - Bean 'shiroRealm' of type [cc.mrbird.common.shiro.ShiroRealm] is not eligible for getting processed by all BeanPostProcessors (for example: not eligible for auto-proxying)
14:43:37.063 febs [main] INFO  o.s.c.s.PostProcessorRegistrationDelegate$BeanPostProcessorChecker - Bean 'redisSessionDAO' of type [org.crazycake.shiro.RedisSessionDAO] is not eligible for getting processed by all BeanPostProcessors (for example: not eligible for auto-proxying)
14:43:38.828 febs [main] INFO  o.s.c.s.PostProcessorRegistrationDelegate$BeanPostProcessorChecker - Bean 'sessionManager' of type [org.apache.shiro.web.session.mgt.DefaultWebSessionManager] is not eligible for getting processed by all BeanPostProcessors (for example: not eligible for auto-proxying)
14:43:43.745 febs [main] INFO  o.s.c.s.PostProcessorRegistrationDelegate$BeanPostProcessorChecker - Bean 'securityManager' of type [org.apache.shiro.web.mgt.DefaultWebSecurityManager] is not eligible for getting processed by all BeanPostProcessors (for example: not eligible for auto-proxying)
14:43:49.396 febs [main] INFO  o.s.c.s.PostProcessorRegistrationDelegate$BeanPostProcessorChecker - Bean 'authorizationAttributeSourceAdvisor' of type [org.apache.shiro.spring.security.interceptor.AuthorizationAttributeSourceAdvisor] is not eligible for getting processed by all BeanPostProcessors (for example: not eligible for auto-proxying)
14:45:44.341 febs [main] INFO  o.s.b.w.e.tomcat.TomcatWebServer - Tomcat initialized with port(s): 8080 (http)
14:45:45.370 febs [main] INFO  o.a.coyote.http11.Http11NioProtocol - Initializing ProtocolHandler ["http-nio-8080"]
14:45:47.105 febs [main] INFO  o.a.catalina.core.StandardService - Starting service [Tomcat]
14:45:47.114 febs [main] INFO  o.a.catalina.core.StandardEngine - Starting Servlet Engine: Apache Tomcat/8.5.32
14:45:47.538 febs [localhost-startStop-1] INFO  o.a.c.core.AprLifecycleListener - The APR based Apache Tomcat Native library which allows optimal performance in production environments was not found on the java.library.path: [D:\Program Files\java8\bin;C:\WINDOWS\Sun\Java\bin;C:\WINDOWS\system32;C:\WINDOWS;C:\WINDOWS\system32;C:\WINDOWS;C:\WINDOWS\System32\Wbem;C:\WINDOWS\System32\WindowsPowerShell\v1.0\;C:\WINDOWS\System32\OpenSSH\;D:\Program Files\ffmpeg-N-103015-gc1bf56a526-win64-gpl-shared\bin;D:\Program Files\Python3.7;D:\Program Files\java8\jre8\bin;D:\Program Files\Git\bin;D:\Program Files\nodejs;D:\Program Files\plsql;;.]
14:46:07.600 febs [localhost-startStop-1] INFO  o.a.c.c.C.[Tomcat].[localhost].[/] - Initializing Spring embedded WebApplicationContext
14:46:07.608 febs [localhost-startStop-1] INFO  o.s.web.context.ContextLoader - Root WebApplicationContext: initialization completed in 451785 ms
14:46:24.519 febs [localhost-startStop-1] INFO  o.s.b.w.s.FilterRegistrationBean - Mapping filter: 'characterEncodingFilter' to: [/*]
14:46:24.520 febs [localhost-startStop-1] INFO  o.s.b.w.s.FilterRegistrationBean - Mapping filter: 'hiddenHttpMethodFilter' to: [/*]
14:46:24.520 febs [localhost-startStop-1] INFO  o.s.b.w.s.FilterRegistrationBean - Mapping filter: 'httpPutFormContentFilter' to: [/*]
14:46:24.521 febs [localhost-startStop-1] INFO  o.s.b.w.s.FilterRegistrationBean - Mapping filter: 'requestContextFilter' to: [/*]
14:46:24.522 febs [localhost-startStop-1] INFO  o.s.b.w.s.FilterRegistrationBean - Mapping filter: 'xssFilter' to urls: [/*]
14:46:24.522 febs [localhost-startStop-1] INFO  o.s.b.w.s.FilterRegistrationBean - Mapping filter: 'webStatFilter' to urls: [/*]
14:46:24.522 febs [localhost-startStop-1] INFO  o.s.b.w.s.FilterRegistrationBean - Mapping filter: 'shiroFilterFactoryBean' to: [/*]
14:46:24.523 febs [localhost-startStop-1] INFO  o.s.b.w.s.ServletRegistrationBean - Servlet dispatcherServlet mapped to [/]
14:46:24.525 febs [localhost-startStop-1] INFO  o.s.b.w.s.ServletRegistrationBean - Servlet statViewServlet mapped to [/druid/*]
14:46:24.807 febs [localhost-startStop-1] INFO  cc.mrbird.common.xss.XssFilter - ------------ xss filter init ------------
14:46:32.352 febs [main] INFO  cc.mrbird.Application - Starting Application on DESKTOP-J914O47 with PID 6360 (E:\git\FEBS\target\classes started by admin in E:\git\FEBS)
14:46:32.360 febs [main] INFO  cc.mrbird.Application - No active profile set, falling back to default profiles: default
14:46:32.599 febs [main] INFO  o.s.b.w.s.c.AnnotationConfigServletWebServerApplicationContext - Refreshing org.springframework.boot.web.servlet.context.AnnotationConfigServletWebServerApplicationContext@1329eff: startup date [Thu Oct 21 14:46:32 CST 2021]; root of context hierarchy
14:46:35.367 febs [main] INFO  o.s.b.f.s.DefaultListableBeanFactory - Overriding bean definition for bean 'shiroRealm' with a different definition: replacing [Generic bean: class [cc.mrbird.common.shiro.ShiroRealm]; scope=singleton; abstract=false; lazyInit=false; autowireMode=0; dependencyCheck=0; autowireCandidate=true; primary=false; factoryBeanName=null; factoryMethodName=null; initMethodName=null; destroyMethodName=null; defined in file [E:\git\FEBS\target\classes\cc\mrbird\common\shiro\ShiroRealm.class]] with [Root bean: class [null]; scope=; abstract=false; lazyInit=false; autowireMode=3; dependencyCheck=0; autowireCandidate=true; primary=false; factoryBeanName=shiroConfig; factoryMethodName=shiroRealm; initMethodName=null; destroyMethodName=(inferred); defined in class path resource [cc/mrbird/common/shiro/ShiroConfig.class]]
14:46:35.716 febs [main] INFO  o.s.d.r.c.RepositoryConfigurationDelegate - Multiple Spring Data modules found, entering strict repository configuration mode!
14:46:36.359 febs [main] INFO  c.u.j.c.EnableEncryptablePropertiesBeanFactoryPostProcessor - Post-processing PropertySource instances
14:46:36.596 febs [main] INFO  c.u.j.EncryptablePropertySourceConverter - Converting PropertySource configurationProperties [org.springframework.boot.context.properties.source.ConfigurationPropertySourcesPropertySource] to AOP Proxy
14:46:36.599 febs [main] INFO  c.u.j.EncryptablePropertySourceConverter - Converting PropertySource servletConfigInitParams [org.springframework.core.env.PropertySource$StubPropertySource] to EncryptablePropertySourceWrapper
14:46:36.599 febs [main] INFO  c.u.j.EncryptablePropertySourceConverter - Converting PropertySource servletContextInitParams [org.springframework.core.env.PropertySource$StubPropertySource] to EncryptablePropertySourceWrapper
14:46:36.600 febs [main] INFO  c.u.j.EncryptablePropertySourceConverter - Converting PropertySource systemProperties [org.springframework.core.env.MapPropertySource] to EncryptableMapPropertySourceWrapper
14:46:36.600 febs [main] INFO  c.u.j.EncryptablePropertySourceConverter - Converting PropertySource systemEnvironment [org.springframework.boot.env.SystemEnvironmentPropertySourceEnvironmentPostProcessor$OriginAwareSystemEnvironmentPropertySource] to EncryptableMapPropertySourceWrapper
14:46:36.600 febs [main] INFO  c.u.j.EncryptablePropertySourceConverter - Converting PropertySource random [org.springframework.boot.env.RandomValuePropertySource] to EncryptablePropertySourceWrapper
14:46:36.600 febs [main] INFO  c.u.j.EncryptablePropertySourceConverter - Converting PropertySource applicationConfig: [classpath:/application.yml] [org.springframework.boot.env.OriginTrackedMapPropertySource] to EncryptableMapPropertySourceWrapper
14:46:36.697 febs [main] INFO  o.s.c.s.PostProcessorRegistrationDelegate$BeanPostProcessorChecker - Bean 'asyncExecutorPoolConfig' of type [cc.mrbird.common.config.AsyncExecutorPoolConfig$$EnhancerBySpringCGLIB$$756458a6] is not eligible for getting processed by all BeanPostProcessors (for example: not eligible for auto-proxying)
14:46:36.774 febs [main] INFO  c.u.j.f.DefaultLazyPropertyFilter - Property Filter custom Bean not found with name 'encryptablePropertyFilter'. Initializing Default Property Filter
14:46:36.797 febs [main] INFO  o.s.c.s.PostProcessorRegistrationDelegate$BeanPostProcessorChecker - Bean 'com.alibaba.druid.spring.boot.autoconfigure.stat.DruidSpringAopConfiguration' of type [com.alibaba.druid.spring.boot.autoconfigure.stat.DruidSpringAopConfiguration] is not eligible for getting processed by all BeanPostProcessors (for example: not eligible for auto-proxying)
14:46:36.957 febs [main] INFO  o.s.c.s.PostProcessorRegistrationDelegate$BeanPostProcessorChecker - Bean 'org.springframework.boot.context.properties.ConversionServiceDeducer$Factory' of type [org.springframework.boot.context.properties.ConversionServiceDeducer$Factory] is not eligible for getting processed by all BeanPostProcessors (for example: not eligible for auto-proxying)
14:46:37.133 febs [main] INFO  c.u.j.r.DefaultLazyPropertyResolver - Property Resolver custom Bean not found with name 'encryptablePropertyResolver'. Initializing Default Property Resolver
14:46:37.136 febs [main] INFO  c.u.j.d.DefaultLazyPropertyDetector - Property Detector custom Bean not found with name 'encryptablePropertyDetector'. Initializing Default Property Detector
14:46:37.161 febs [main] INFO  o.s.c.s.PostProcessorRegistrationDelegate$BeanPostProcessorChecker - Bean 'spring.datasource.druid-com.alibaba.druid.spring.boot.autoconfigure.properties.DruidStatProperties' of type [com.alibaba.druid.spring.boot.autoconfigure.properties.DruidStatProperties] is not eligible for getting processed by all BeanPostProcessors (for example: not eligible for auto-proxying)
14:46:37.175 febs [main] INFO  o.s.c.s.PostProcessorRegistrationDelegate$BeanPostProcessorChecker - Bean 'advisor' of type [org.springframework.aop.support.RegexpMethodPointcutAdvisor] is not eligible for getting processed by all BeanPostProcessors (for example: not eligible for auto-proxying)
14:46:37.195 febs [main] INFO  o.s.c.s.PostProcessorRegistrationDelegate$BeanPostProcessorChecker - Bean 'redisConfig' of type [cc.mrbird.common.config.RedisConfig$$EnhancerBySpringCGLIB$$cf0ec376] is not eligible for getting processed by all BeanPostProcessors (for example: not eligible for auto-proxying)
14:46:37.270 febs [main] INFO  o.s.c.s.PostProcessorRegistrationDelegate$BeanPostProcessorChecker - Bean 'org.springframework.transaction.annotation.ProxyTransactionManagementConfiguration' of type [org.springframework.transaction.annotation.ProxyTransactionManagementConfiguration$$EnhancerBySpringCGLIB$$ea2acd5f] is not eligible for getting processed by all BeanPostProcessors (for example: not eligible for auto-proxying)
14:46:37.345 febs [main] INFO  o.s.c.s.PostProcessorRegistrationDelegate$BeanPostProcessorChecker - Bean 'febsProperties' of type [cc.mrbird.common.config.FebsProperties$$EnhancerBySpringCGLIB$$c7e46532] is not eligible for getting processed by all BeanPostProcessors (for example: not eligible for auto-proxying)
14:46:37.351 febs [main] INFO  o.s.c.s.PostProcessorRegistrationDelegate$BeanPostProcessorChecker - Bean 'shiroConfig' of type [cc.mrbird.common.shiro.ShiroConfig$$EnhancerBySpringCGLIB$$f5825399] is not eligible for getting processed by all BeanPostProcessors (for example: not eligible for auto-proxying)
14:46:38.611 febs [main] INFO  o.s.c.s.PostProcessorRegistrationDelegate$BeanPostProcessorChecker - Bean 'mybatis-org.mybatis.spring.boot.autoconfigure.MybatisProperties' of type [org.mybatis.spring.boot.autoconfigure.MybatisProperties] is not eligible for getting processed by all BeanPostProcessors (for example: not eligible for auto-proxying)
14:46:38.626 febs [main] INFO  o.s.c.s.PostProcessorRegistrationDelegate$BeanPostProcessorChecker - Bean 'myBatisConfig' of type [cc.mrbird.common.config.MyBatisConfig$$EnhancerBySpringCGLIB$$621bf6e] is not eligible for getting processed by all BeanPostProcessors (for example: not eligible for auto-proxying)
14:46:38.634 febs [main] INFO  o.s.c.s.PostProcessorRegistrationDelegate$BeanPostProcessorChecker - Bean 'sqlStatementInterceptor' of type [cc.mrbird.common.interceptor.SqlStatementInterceptor] is not eligible for getting processed by all BeanPostProcessors (for example: not eligible for auto-proxying)
14:46:38.648 febs [main] INFO  o.s.c.s.PostProcessorRegistrationDelegate$BeanPostProcessorChecker - Bean 'org.mybatis.spring.boot.autoconfigure.MybatisAutoConfiguration' of type [org.mybatis.spring.boot.autoconfigure.MybatisAutoConfiguration$$EnhancerBySpringCGLIB$$1cff1e8f] is not eligible for getting processed by all BeanPostProcessors (for example: not eligible for auto-proxying)
14:46:38.658 febs [main] INFO  o.s.c.s.PostProcessorRegistrationDelegate$BeanPostProcessorChecker - Bean 'com.alibaba.druid.spring.boot.autoconfigure.DruidDataSourceAutoConfigure' of type [com.alibaba.druid.spring.boot.autoconfigure.DruidDataSourceAutoConfigure$$EnhancerBySpringCGLIB$$3d6c2d1] is not eligible for getting processed by all BeanPostProcessors (for example: not eligible for auto-proxying)
14:46:38.664 febs [main] INFO  c.a.d.s.b.a.DruidDataSourceAutoConfigure - Init DruidDataSource
14:46:38.803 febs [main] INFO  o.s.c.s.PostProcessorRegistrationDelegate$BeanPostProcessorChecker - Bean 'spring.datasource-org.springframework.boot.autoconfigure.jdbc.DataSourceProperties' of type [org.springframework.boot.autoconfigure.jdbc.DataSourceProperties] is not eligible for getting processed by all BeanPostProcessors (for example: not eligible for auto-proxying)
14:46:38.832 febs [main] INFO  o.s.c.s.PostProcessorRegistrationDelegate$BeanPostProcessorChecker - Bean 'com.alibaba.druid.spring.boot.autoconfigure.stat.DruidFilterConfiguration' of type [com.alibaba.druid.spring.boot.autoconfigure.stat.DruidFilterConfiguration] is not eligible for getting processed by all BeanPostProcessors (for example: not eligible for auto-proxying)
14:46:38.900 febs [main] INFO  o.s.c.s.PostProcessorRegistrationDelegate$BeanPostProcessorChecker - Bean 'statFilter' of type [com.alibaba.druid.filter.stat.StatFilter] is not eligible for getting processed by all BeanPostProcessors (for example: not eligible for auto-proxying)
14:46:40.362 febs [main] INFO  c.alibaba.druid.pool.DruidDataSource - {dataSource-1} inited
14:46:40.363 febs [main] INFO  o.s.c.s.PostProcessorRegistrationDelegate$BeanPostProcessorChecker - Bean 'dataSource' of type [com.alibaba.druid.spring.boot.autoconfigure.DruidDataSourceWrapper] is not eligible for getting processed by all BeanPostProcessors (for example: not eligible for auto-proxying)
14:46:40.477 febs [main] INFO  o.s.c.s.PostProcessorRegistrationDelegate$BeanPostProcessorChecker - Bean 'org.springframework.boot.autoconfigure.jdbc.DataSourceInitializerInvoker' of type [org.springframework.boot.autoconfigure.jdbc.DataSourceInitializerInvoker] is not eligible for getting processed by all BeanPostProcessors (for example: not eligible for auto-proxying)
14:46:41.079 febs [main] INFO  o.s.c.s.PostProcessorRegistrationDelegate$BeanPostProcessorChecker - Bean 'sqlSessionFactory' of type [org.apache.ibatis.session.defaults.DefaultSqlSessionFactory] is not eligible for getting processed by all BeanPostProcessors (for example: not eligible for auto-proxying)
14:46:41.100 febs [main] INFO  o.s.c.s.PostProcessorRegistrationDelegate$BeanPostProcessorChecker - Bean 'sqlSessionTemplate' of type [org.mybatis.spring.SqlSessionTemplate] is not eligible for getting processed by all BeanPostProcessors (for example: not eligible for auto-proxying)
14:46:41.104 febs [main] INFO  o.s.c.s.PostProcessorRegistrationDelegate$BeanPostProcessorChecker - Bean 'userMapper' of type [org.mybatis.spring.mapper.MapperFactoryBean] is not eligible for getting processed by all BeanPostProcessors (for example: not eligible for auto-proxying)
14:46:41.111 febs [main] INFO  o.s.c.s.PostProcessorRegistrationDelegate$BeanPostProcessorChecker - Bean 'userMapper' of type [com.sun.proxy.$Proxy96] is not eligible for getting processed by all BeanPostProcessors (for example: not eligible for auto-proxying)
14:46:41.174 febs [main] INFO  o.s.c.s.PostProcessorRegistrationDelegate$BeanPostProcessorChecker - Bean 'redisPoolFactory' of type [redis.clients.jedis.JedisPool] is not eligible for getting processed by all BeanPostProcessors (for example: not eligible for auto-proxying)
14:46:41.178 febs [main] INFO  o.s.c.s.PostProcessorRegistrationDelegate$BeanPostProcessorChecker - Bean 'redisService' of type [cc.mrbird.common.service.impl.RedisServiceImpl] is not eligible for getting processed by all BeanPostProcessors (for example: not eligible for auto-proxying)
14:46:41.214 febs [main] INFO  o.s.c.s.PostProcessorRegistrationDelegate$BeanPostProcessorChecker - Bean 'userRoleMapper' of type [org.mybatis.spring.mapper.MapperFactoryBean] is not eligible for getting processed by all BeanPostProcessors (for example: not eligible for auto-proxying)
14:46:41.216 febs [main] INFO  o.s.c.s.PostProcessorRegistrationDelegate$BeanPostProcessorChecker - Bean 'userRoleMapper' of type [com.sun.proxy.$Proxy98] is not eligible for getting processed by all BeanPostProcessors (for example: not eligible for auto-proxying)
14:46:41.229 febs [main] INFO  o.s.c.s.PostProcessorRegistrationDelegate$BeanPostProcessorChecker - Bean 'userRoleService' of type [cc.mrbird.system.service.impl.UserRoleServiceImpl] is not eligible for getting processed by all BeanPostProcessors (for example: not eligible for auto-proxying)
14:46:41.267 febs [main] INFO  o.s.c.s.PostProcessorRegistrationDelegate$BeanPostProcessorChecker - Bean 'userService' of type [cc.mrbird.system.service.impl.UserServiceImpl] is not eligible for getting processed by all BeanPostProcessors (for example: not eligible for auto-proxying)
14:46:41.373 febs [main] INFO  o.s.c.s.PostProcessorRegistrationDelegate$BeanPostProcessorChecker - Bean 'roleMapper' of type [org.mybatis.spring.mapper.MapperFactoryBean] is not eligible for getting processed by all BeanPostProcessors (for example: not eligible for auto-proxying)
14:46:41.378 febs [main] INFO  o.s.c.s.PostProcessorRegistrationDelegate$BeanPostProcessorChecker - Bean 'roleMapper' of type [com.sun.proxy.$Proxy104] is not eligible for getting processed by all BeanPostProcessors (for example: not eligible for auto-proxying)
14:46:41.402 febs [main] INFO  o.s.c.s.PostProcessorRegistrationDelegate$BeanPostProcessorChecker - Bean 'roleMenuMapper' of type [org.mybatis.spring.mapper.MapperFactoryBean] is not eligible for getting processed by all BeanPostProcessors (for example: not eligible for auto-proxying)
14:46:41.408 febs [main] INFO  o.s.c.s.PostProcessorRegistrationDelegate$BeanPostProcessorChecker - Bean 'roleMenuMapper' of type [com.sun.proxy.$Proxy105] is not eligible for getting processed by all BeanPostProcessors (for example: not eligible for auto-proxying)
14:46:41.428 febs [main] INFO  o.s.c.s.PostProcessorRegistrationDelegate$BeanPostProcessorChecker - Bean 'roleMenuService' of type [cc.mrbird.system.service.impl.RoleMenuServiceImpl] is not eligible for getting processed by all BeanPostProcessors (for example: not eligible for auto-proxying)
14:46:41.472 febs [main] INFO  o.s.c.s.PostProcessorRegistrationDelegate$BeanPostProcessorChecker - Bean 'roleService' of type [cc.mrbird.system.service.impl.RoleServiceImpl] is not eligible for getting processed by all BeanPostProcessors (for example: not eligible for auto-proxying)
14:46:41.532 febs [main] INFO  o.s.c.s.PostProcessorRegistrationDelegate$BeanPostProcessorChecker - Bean 'menuMapper' of type [org.mybatis.spring.mapper.MapperFactoryBean] is not eligible for getting processed by all BeanPostProcessors (for example: not eligible for auto-proxying)
14:46:41.538 febs [main] INFO  o.s.c.s.PostProcessorRegistrationDelegate$BeanPostProcessorChecker - Bean 'menuMapper' of type [com.sun.proxy.$Proxy106] is not eligible for getting processed by all BeanPostProcessors (for example: not eligible for auto-proxying)
14:46:41.550 febs [main] INFO  o.s.c.s.PostProcessorRegistrationDelegate$BeanPostProcessorChecker - Bean 'menuService' of type [cc.mrbird.system.service.impl.MenuServiceImpl] is not eligible for getting processed by all BeanPostProcessors (for example: not eligible for auto-proxying)
14:46:41.591 febs [main] INFO  o.s.c.s.PostProcessorRegistrationDelegate$BeanPostProcessorChecker - Bean 'shiroRealm' of type [cc.mrbird.common.shiro.ShiroRealm] is not eligible for getting processed by all BeanPostProcessors (for example: not eligible for auto-proxying)
14:46:41.621 febs [main] INFO  o.s.c.s.PostProcessorRegistrationDelegate$BeanPostProcessorChecker - Bean 'redisSessionDAO' of type [org.crazycake.shiro.RedisSessionDAO] is not eligible for getting processed by all BeanPostProcessors (for example: not eligible for auto-proxying)
14:46:41.636 febs [main] INFO  o.s.c.s.PostProcessorRegistrationDelegate$BeanPostProcessorChecker - Bean 'sessionManager' of type [org.apache.shiro.web.session.mgt.DefaultWebSessionManager] is not eligible for getting processed by all BeanPostProcessors (for example: not eligible for auto-proxying)
14:46:41.663 febs [main] INFO  o.s.c.s.PostProcessorRegistrationDelegate$BeanPostProcessorChecker - Bean 'securityManager' of type [org.apache.shiro.web.mgt.DefaultWebSecurityManager] is not eligible for getting processed by all BeanPostProcessors (for example: not eligible for auto-proxying)
14:46:41.693 febs [main] INFO  o.s.c.s.PostProcessorRegistrationDelegate$BeanPostProcessorChecker - Bean 'authorizationAttributeSourceAdvisor' of type [org.apache.shiro.spring.security.interceptor.AuthorizationAttributeSourceAdvisor] is not eligible for getting processed by all BeanPostProcessors (for example: not eligible for auto-proxying)
14:46:42.437 febs [main] INFO  o.s.b.w.e.tomcat.TomcatWebServer - Tomcat initialized with port(s): 8080 (http)
14:46:42.460 febs [main] INFO  o.a.coyote.http11.Http11NioProtocol - Initializing ProtocolHandler ["http-nio-8080"]
14:46:42.480 febs [main] INFO  o.a.catalina.core.StandardService - Starting service [Tomcat]
14:46:42.481 febs [main] INFO  o.a.catalina.core.StandardEngine - Starting Servlet Engine: Apache Tomcat/8.5.32
14:46:42.496 febs [localhost-startStop-1] INFO  o.a.c.core.AprLifecycleListener - The APR based Apache Tomcat Native library which allows optimal performance in production environments was not found on the java.library.path: [D:\Program Files\java8\bin;C:\WINDOWS\Sun\Java\bin;C:\WINDOWS\system32;C:\WINDOWS;C:\WINDOWS\system32;C:\WINDOWS;C:\WINDOWS\System32\Wbem;C:\WINDOWS\System32\WindowsPowerShell\v1.0\;C:\WINDOWS\System32\OpenSSH\;D:\Program Files\ffmpeg-N-103015-gc1bf56a526-win64-gpl-shared\bin;D:\Program Files\Python3.7;D:\Program Files\java8\jre8\bin;D:\Program Files\Git\bin;D:\Program Files\nodejs;D:\Program Files\plsql;;.]
14:46:42.970 febs [localhost-startStop-1] INFO  o.a.c.c.C.[Tomcat].[localhost].[/] - Initializing Spring embedded WebApplicationContext
14:46:42.971 febs [localhost-startStop-1] INFO  o.s.web.context.ContextLoader - Root WebApplicationContext: initialization completed in 10372 ms
14:46:43.343 febs [localhost-startStop-1] INFO  o.s.b.w.s.FilterRegistrationBean - Mapping filter: 'characterEncodingFilter' to: [/*]
14:46:43.343 febs [localhost-startStop-1] INFO  o.s.b.w.s.FilterRegistrationBean - Mapping filter: 'hiddenHttpMethodFilter' to: [/*]
14:46:43.344 febs [localhost-startStop-1] INFO  o.s.b.w.s.FilterRegistrationBean - Mapping filter: 'httpPutFormContentFilter' to: [/*]
14:46:43.344 febs [localhost-startStop-1] INFO  o.s.b.w.s.FilterRegistrationBean - Mapping filter: 'requestContextFilter' to: [/*]
14:46:43.344 febs [localhost-startStop-1] INFO  o.s.b.w.s.FilterRegistrationBean - Mapping filter: 'xssFilter' to urls: [/*]
14:46:43.344 febs [localhost-startStop-1] INFO  o.s.b.w.s.FilterRegistrationBean - Mapping filter: 'webStatFilter' to urls: [/*]
14:46:43.345 febs [localhost-startStop-1] INFO  o.s.b.w.s.FilterRegistrationBean - Mapping filter: 'shiroFilterFactoryBean' to: [/*]
14:46:43.345 febs [localhost-startStop-1] INFO  o.s.b.w.s.ServletRegistrationBean - Servlet dispatcherServlet mapped to [/]
14:46:43.347 febs [localhost-startStop-1] INFO  o.s.b.w.s.ServletRegistrationBean - Servlet statViewServlet mapped to [/druid/*]
14:46:43.387 febs [localhost-startStop-1] INFO  cc.mrbird.common.xss.XssFilter - ------------ xss filter init ------------
14:46:44.147 febs [main] INFO  org.quartz.impl.StdSchedulerFactory - Using default implementation for ThreadExecutor
14:46:44.185 febs [main] INFO  o.quartz.core.SchedulerSignalerImpl - Initialized Scheduler Signaller of type: class org.quartz.core.SchedulerSignalerImpl
14:46:44.185 febs [main] INFO  org.quartz.core.QuartzScheduler - Quartz Scheduler v.2.3.0 created.
14:46:44.192 febs [main] INFO  o.s.s.quartz.LocalDataSourceJobStore - Using db table-based data access locking (synchronization).
14:46:44.196 febs [main] INFO  o.s.s.quartz.LocalDataSourceJobStore - JobStoreCMT initialized.
14:46:44.198 febs [main] INFO  org.quartz.core.QuartzScheduler - Scheduler meta-data: Quartz Scheduler (v2.3.0) 'MyScheduler' with instanceId 'DESKTOP-J914O471634798804159'
  Scheduler class: 'org.quartz.core.QuartzScheduler' - running locally.
  NOT STARTED.
  Currently in standby mode.
  Number of jobs executed: 0
  Using thread pool 'org.quartz.simpl.SimpleThreadPool' - with 20 threads.
  Using job-store 'org.springframework.scheduling.quartz.LocalDataSourceJobStore' - which supports persistence. and is clustered.

14:46:44.198 febs [main] INFO  org.quartz.impl.StdSchedulerFactory - Quartz scheduler 'MyScheduler' initialized from an externally provided properties instance.
14:46:44.198 febs [main] INFO  org.quartz.impl.StdSchedulerFactory - Quartz scheduler version: 2.3.0
14:46:44.201 febs [main] INFO  org.quartz.core.QuartzScheduler - JobFactory set to: org.springframework.scheduling.quartz.AdaptableJobFactory@77b3752b
14:46:44.447 febs [main] INFO  c.m.c.i.SqlStatementInterceptor - 【SQL语句Id】>>>> cc.mrbird.job.dao.JobMapper.queryList
14:46:44.447 febs [main] INFO  c.m.c.i.SqlStatementInterceptor - 【SQL语句耗时】>>>> 170 ms
14:46:44.447 febs [main] INFO  c.m.c.i.SqlStatementInterceptor - 【SQL语句】>>>> select job_id jobId,bean_name beanName,method_name methodName, params,cron_expression cronExpression,status,remark,create_time createTime from t_job order by job_id
14:46:47.235 febs [main] INFO  o.s.s.c.ThreadPoolTaskExecutor - Initializing ExecutorService  'taskExecutor'
14:46:47.595 febs [main] INFO  o.s.w.s.h.SimpleUrlHandlerMapping - Mapped URL path [/**/favicon.ico] onto handler of type [class org.springframework.web.servlet.resource.ResourceHttpRequestHandler]
14:46:48.832 febs [main] INFO  o.s.w.s.m.m.a.RequestMappingHandlerAdapter - Looking for @ControllerAdvice: org.springframework.boot.web.servlet.context.AnnotationConfigServletWebServerApplicationContext@1329eff: startup date [Thu Oct 21 14:46:32 CST 2021]; root of context hierarchy
14:46:49.008 febs [main] INFO  o.s.w.s.m.m.a.RequestMappingHandlerMapping - Mapped "{[/common/download]}" onto public void cc.mrbird.common.controller.CommonController.fileDownload(java.lang.String,java.lang.Boolean,javax.servlet.http.HttpServletResponse) throws java.io.IOException,cc.mrbird.common.exception.FileDownloadException
14:46:49.012 febs [main] INFO  o.s.w.s.m.m.a.RequestMappingHandlerMapping - Mapped "{[/test],methods=[GET]}" onto public int cc.mrbird.common.controller.TestController.testLimiter()
14:46:49.015 febs [main] INFO  o.s.w.s.m.m.a.RequestMappingHandlerMapping - Mapped "{[/job]}" onto public java.lang.String cc.mrbird.job.controller.JobController.index()
14:46:49.016 febs [main] INFO  o.s.w.s.m.m.a.RequestMappingHandlerMapping - Mapped "{[/job/delete]}" onto public cc.mrbird.common.domain.ResponseBo cc.mrbird.job.controller.JobController.deleteJob(java.lang.String)
14:46:49.016 febs [main] INFO  o.s.w.s.m.m.a.RequestMappingHandlerMapping - Mapped "{[/job/resume]}" onto public cc.mrbird.common.domain.ResponseBo cc.mrbird.job.controller.JobController.resumeJob(java.lang.String)
14:46:49.017 febs [main] INFO  o.s.w.s.m.m.a.RequestMappingHandlerMapping - Mapped "{[/job/pause]}" onto public cc.mrbird.common.domain.ResponseBo cc.mrbird.job.controller.JobController.pauseJob(java.lang.String)
14:46:49.017 febs [main] INFO  o.s.w.s.m.m.a.RequestMappingHandlerMapping - Mapped "{[/job/add]}" onto public cc.mrbird.common.domain.ResponseBo cc.mrbird.job.controller.JobController.addJob(cc.mrbird.job.domain.Job)
14:46:49.018 febs [main] INFO  o.s.w.s.m.m.a.RequestMappingHandlerMapping - Mapped "{[/job/list]}" onto public java.util.Map<java.lang.String, java.lang.Object> cc.mrbird.job.controller.JobController.jobList(cc.mrbird.common.domain.QueryRequest,cc.mrbird.job.domain.Job)
14:46:49.018 febs [main] INFO  o.s.w.s.m.m.a.RequestMappingHandlerMapping - Mapped "{[/job/checkCron]}" onto public boolean cc.mrbird.job.controller.JobController.checkCron(java.lang.String)
14:46:49.018 febs [main] INFO  o.s.w.s.m.m.a.RequestMappingHandlerMapping - Mapped "{[/job/getJob]}" onto public cc.mrbird.common.domain.ResponseBo cc.mrbird.job.controller.JobController.getJob(java.lang.Long)
14:46:49.019 febs [main] INFO  o.s.w.s.m.m.a.RequestMappingHandlerMapping - Mapped "{[/job/update]}" onto public cc.mrbird.common.domain.ResponseBo cc.mrbird.job.controller.JobController.updateJob(cc.mrbird.job.domain.Job)
14:46:49.019 febs [main] INFO  o.s.w.s.m.m.a.RequestMappingHandlerMapping - Mapped "{[/job/run]}" onto public cc.mrbird.common.domain.ResponseBo cc.mrbird.job.controller.JobController.runJob(java.lang.String)
14:46:49.020 febs [main] INFO  o.s.w.s.m.m.a.RequestMappingHandlerMapping - Mapped "{[/job/getSysCronClazz]}" onto public cc.mrbird.common.domain.ResponseBo cc.mrbird.job.controller.JobController.getSysCronClazz(cc.mrbird.job.domain.Job)
14:46:49.020 febs [main] INFO  o.s.w.s.m.m.a.RequestMappingHandlerMapping - Mapped "{[/job/csv]}" onto public cc.mrbird.common.domain.ResponseBo cc.mrbird.job.controller.JobController.jobCsv(cc.mrbird.job.domain.Job)
14:46:49.021 febs [main] INFO  o.s.w.s.m.m.a.RequestMappingHandlerMapping - Mapped "{[/job/excel]}" onto public cc.mrbird.common.domain.ResponseBo cc.mrbird.job.controller.JobController.jobExcel(cc.mrbird.job.domain.Job)
14:46:49.023 febs [main] INFO  o.s.w.s.m.m.a.RequestMappingHandlerMapping - Mapped "{[/jobLog]}" onto public java.lang.String cc.mrbird.job.controller.JobLogController.index()
14:46:49.024 febs [main] INFO  o.s.w.s.m.m.a.RequestMappingHandlerMapping - Mapped "{[/jobLog/delete]}" onto public cc.mrbird.common.domain.ResponseBo cc.mrbird.job.controller.JobLogController.deleteJobLog(java.lang.String)
14:46:49.024 febs [main] INFO  o.s.w.s.m.m.a.RequestMappingHandlerMapping - Mapped "{[/jobLog/excel]}" onto public cc.mrbird.common.domain.ResponseBo cc.mrbird.job.controller.JobLogController.jobLogExcel(cc.mrbird.job.domain.JobLog)
14:46:49.024 febs [main] INFO  o.s.w.s.m.m.a.RequestMappingHandlerMapping - Mapped "{[/jobLog/list]}" onto public java.util.Map<java.lang.String, java.lang.Object> cc.mrbird.job.controller.JobLogController.jobLogList(cc.mrbird.common.domain.QueryRequest,cc.mrbird.job.domain.JobLog)
14:46:49.025 febs [main] INFO  o.s.w.s.m.m.a.RequestMappingHandlerMapping - Mapped "{[/jobLog/csv]}" onto public cc.mrbird.common.domain.ResponseBo cc.mrbird.job.controller.JobLogController.jobLogCsv(cc.mrbird.job.domain.JobLog)
14:46:49.026 febs [main] INFO  o.s.w.s.m.m.a.RequestMappingHandlerMapping - Mapped "{[/dept]}" onto public java.lang.String cc.mrbird.system.controller.DeptController.index()
14:46:49.026 febs [main] INFO  o.s.w.s.m.m.a.RequestMappingHandlerMapping - Mapped "{[/dept/delete]}" onto public cc.mrbird.common.domain.ResponseBo cc.mrbird.system.controller.DeptController.deleteDepts(java.lang.String)
14:46:49.027 febs [main] INFO  o.s.w.s.m.m.a.RequestMappingHandlerMapping - Mapped "{[/dept/list]}" onto public java.util.List<cc.mrbird.system.domain.Dept> cc.mrbird.system.controller.DeptController.deptList(cc.mrbird.system.domain.Dept)
14:46:49.027 febs [main] INFO  o.s.w.s.m.m.a.RequestMappingHandlerMapping - Mapped "{[/dept/tree]}" onto public cc.mrbird.common.domain.ResponseBo cc.mrbird.system.controller.DeptController.getDeptTree()
14:46:49.027 febs [main] INFO  o.s.w.s.m.m.a.RequestMappingHandlerMapping - Mapped "{[/dept/csv]}" onto public cc.mrbird.common.domain.ResponseBo cc.mrbird.system.controller.DeptController.deptCsv(cc.mrbird.system.domain.Dept)
14:46:49.028 febs [main] INFO  o.s.w.s.m.m.a.RequestMappingHandlerMapping - Mapped "{[/dept/getDept]}" onto public cc.mrbird.common.domain.ResponseBo cc.mrbird.system.controller.DeptController.getDept(java.lang.Long)
14:46:49.028 febs [main] INFO  o.s.w.s.m.m.a.RequestMappingHandlerMapping - Mapped "{[/dept/checkDeptName]}" onto public boolean cc.mrbird.system.controller.DeptController.checkDeptName(java.lang.String,java.lang.String)
14:46:49.029 febs [main] INFO  o.s.w.s.m.m.a.RequestMappingHandlerMapping - Mapped "{[/dept/update]}" onto public cc.mrbird.common.domain.ResponseBo cc.mrbird.system.controller.DeptController.updateRole(cc.mrbird.system.domain.Dept)
14:46:49.029 febs [main] INFO  o.s.w.s.m.m.a.RequestMappingHandlerMapping - Mapped "{[/dept/excel]}" onto public cc.mrbird.common.domain.ResponseBo cc.mrbird.system.controller.DeptController.deptExcel(cc.mrbird.system.domain.Dept)
14:46:49.029 febs [main] INFO  o.s.w.s.m.m.a.RequestMappingHandlerMapping - Mapped "{[/dept/add]}" onto public cc.mrbird.common.domain.ResponseBo cc.mrbird.system.controller.DeptController.addRole(cc.mrbird.system.domain.Dept)
14:46:49.030 febs [main] INFO  o.s.w.s.m.m.a.RequestMappingHandlerMapping - Mapped "{[/dict]}" onto public java.lang.String cc.mrbird.system.controller.DictController.index()
14:46:49.031 febs [main] INFO  o.s.w.s.m.m.a.RequestMappingHandlerMapping - Mapped "{[/dict/list]}" onto public java.util.Map<java.lang.String, java.lang.Object> cc.mrbird.system.controller.DictController.dictList(cc.mrbird.common.domain.QueryRequest,cc.mrbird.system.domain.Dict)
14:46:49.031 febs [main] INFO  o.s.w.s.m.m.a.RequestMappingHandlerMapping - Mapped "{[/dict/delete]}" onto public cc.mrbird.common.domain.ResponseBo cc.mrbird.system.controller.DictController.deleteDicts(java.lang.String)
14:46:49.032 febs [main] INFO  o.s.w.s.m.m.a.RequestMappingHandlerMapping - Mapped "{[/dict/getDict]}" onto public cc.mrbird.common.domain.ResponseBo cc.mrbird.system.controller.DictController.getDict(java.lang.Long)
14:46:49.032 febs [main] INFO  o.s.w.s.m.m.a.RequestMappingHandlerMapping - Mapped "{[/dict/excel]}" onto public cc.mrbird.common.domain.ResponseBo cc.mrbird.system.controller.DictController.dictExcel(cc.mrbird.system.domain.Dict)
14:46:49.032 febs [main] INFO  o.s.w.s.m.m.a.RequestMappingHandlerMapping - Mapped "{[/dict/csv]}" onto public cc.mrbird.common.domain.ResponseBo cc.mrbird.system.controller.DictController.dictCsv(cc.mrbird.system.domain.Dict)
14:46:49.033 febs [main] INFO  o.s.w.s.m.m.a.RequestMappingHandlerMapping - Mapped "{[/dict/update]}" onto public cc.mrbird.common.domain.ResponseBo cc.mrbird.system.controller.DictController.updateDict(cc.mrbird.system.domain.Dict)
14:46:49.033 febs [main] INFO  o.s.w.s.m.m.a.RequestMappingHandlerMapping - Mapped "{[/dict/add]}" onto public cc.mrbird.common.domain.ResponseBo cc.mrbird.system.controller.DictController.addDict(cc.mrbird.system.domain.Dict)
14:46:49.034 febs [main] INFO  o.s.w.s.m.m.a.RequestMappingHandlerMapping - Mapped "{[/log]}" onto public java.lang.String cc.mrbird.system.controller.LogController.index()
14:46:49.034 febs [main] INFO  o.s.w.s.m.m.a.RequestMappingHandlerMapping - Mapped "{[/log/excel]}" onto public cc.mrbird.common.domain.ResponseBo cc.mrbird.system.controller.LogController.logExcel(cc.mrbird.system.domain.SysLog)
14:46:49.034 febs [main] INFO  o.s.w.s.m.m.a.RequestMappingHandlerMapping - Mapped "{[/log/delete]}" onto public cc.mrbird.common.domain.ResponseBo cc.mrbird.system.controller.LogController.deleteLogss(java.lang.String)
14:46:49.034 febs [main] INFO  o.s.w.s.m.m.a.RequestMappingHandlerMapping - Mapped "{[/log/csv]}" onto public cc.mrbird.common.domain.ResponseBo cc.mrbird.system.controller.LogController.logCsv(cc.mrbird.system.domain.SysLog)
14:46:49.035 febs [main] INFO  o.s.w.s.m.m.a.RequestMappingHandlerMapping - Mapped "{[/log/list]}" onto public java.util.Map<java.lang.String, java.lang.Object> cc.mrbird.system.controller.LogController.logList(cc.mrbird.common.domain.QueryRequest,cc.mrbird.system.domain.SysLog)
14:46:49.039 febs [main] INFO  o.s.w.s.m.m.a.RequestMappingHandlerMapping - Mapped "{[/index]}" onto public java.lang.String cc.mrbird.system.controller.LoginController.index(org.springframework.ui.Model)
14:46:49.039 febs [main] INFO  o.s.w.s.m.m.a.RequestMappingHandlerMapping - Mapped "{[/403],methods=[GET]}" onto public java.lang.String cc.mrbird.system.controller.LoginController.forbid()
14:46:49.039 febs [main] INFO  o.s.w.s.m.m.a.RequestMappingHandlerMapping - Mapped "{[/gifCode],methods=[GET]}" onto public void cc.mrbird.system.controller.LoginController.getGifCode(javax.servlet.http.HttpServletResponse,javax.servlet.http.HttpServletRequest)
14:46:49.039 febs [main] INFO  o.s.w.s.m.m.a.RequestMappingHandlerMapping - Mapped "{[/]}" onto public java.lang.String cc.mrbird.system.controller.LoginController.redirectIndex()
14:46:49.039 febs [main] INFO  o.s.w.s.m.m.a.RequestMappingHandlerMapping - Mapped "{[/login],methods=[GET]}" onto public java.lang.String cc.mrbird.system.controller.LoginController.login()
14:46:49.040 febs [main] INFO  o.s.w.s.m.m.a.RequestMappingHandlerMapping - Mapped "{[/login],methods=[POST]}" onto public cc.mrbird.common.domain.ResponseBo cc.mrbird.system.controller.LoginController.login(java.lang.String,java.lang.String,java.lang.String,java.lang.Boolean)
14:46:49.042 febs [main] INFO  o.s.w.s.m.m.a.RequestMappingHandlerMapping - Mapped "{[/menu]}" onto public java.lang.String cc.mrbird.system.controller.MenuController.index()
14:46:49.042 febs [main] INFO  o.s.w.s.m.m.a.RequestMappingHandlerMapping - Mapped "{[/menu/tree]}" onto public cc.mrbird.common.domain.ResponseBo cc.mrbird.system.controller.MenuController.getMenuTree()
14:46:49.042 febs [main] INFO  o.s.w.s.m.m.a.RequestMappingHandlerMapping - Mapped "{[/menu/csv]}" onto public cc.mrbird.common.domain.ResponseBo cc.mrbird.system.controller.MenuController.menuCsv(cc.mrbird.system.domain.Menu)
14:46:49.042 febs [main] INFO  o.s.w.s.m.m.a.RequestMappingHandlerMapping - Mapped "{[/menu/menu]}" onto public cc.mrbird.common.domain.ResponseBo cc.mrbird.system.controller.MenuController.getMenu(java.lang.String)
14:46:49.043 febs [main] INFO  o.s.w.s.m.m.a.RequestMappingHandlerMapping - Mapped "{[/menu/getMenu]}" onto public cc.mrbird.common.domain.ResponseBo cc.mrbird.system.controller.MenuController.getMenu(java.lang.Long)
14:46:49.044 febs [main] INFO  o.s.w.s.m.m.a.RequestMappingHandlerMapping - Mapped "{[/menu/delete]}" onto public cc.mrbird.common.domain.ResponseBo cc.mrbird.system.controller.MenuController.deleteMenus(java.lang.String)
14:46:49.044 febs [main] INFO  o.s.w.s.m.m.a.RequestMappingHandlerMapping - Mapped "{[/menu/getUserMenu]}" onto public cc.mrbird.common.domain.ResponseBo cc.mrbird.system.controller.MenuController.getUserMenu(java.lang.String)
14:46:49.044 febs [main] INFO  o.s.w.s.m.m.a.RequestMappingHandlerMapping - Mapped "{[/menu/update]}" onto public cc.mrbird.common.domain.ResponseBo cc.mrbird.system.controller.MenuController.updateMenu(cc.mrbird.system.domain.Menu)
14:46:49.044 febs [main] INFO  o.s.w.s.m.m.a.RequestMappingHandlerMapping - Mapped "{[/menu/checkMenuName]}" onto public boolean cc.mrbird.system.controller.MenuController.checkMenuName(java.lang.String,java.lang.String,java.lang.String)
14:46:49.046 febs [main] INFO  o.s.w.s.m.m.a.RequestMappingHandlerMapping - Mapped "{[/menu/excel]}" onto public cc.mrbird.common.domain.ResponseBo cc.mrbird.system.controller.MenuController.menuExcel(cc.mrbird.system.domain.Menu)
14:46:49.047 febs [main] INFO  o.s.w.s.m.m.a.RequestMappingHandlerMapping - Mapped "{[/menu/list]}" onto public java.util.List<cc.mrbird.system.domain.Menu> cc.mrbird.system.controller.MenuController.menuList(cc.mrbird.system.domain.Menu)
14:46:49.047 febs [main] INFO  o.s.w.s.m.m.a.RequestMappingHandlerMapping - Mapped "{[/menu/urlList],methods=[GET]}" onto public java.util.List<java.util.Map<java.lang.String, java.lang.String>> cc.mrbird.system.controller.MenuController.getAllUrl()
14:46:49.047 febs [main] INFO  o.s.w.s.m.m.a.RequestMappingHandlerMapping - Mapped "{[/menu/add]}" onto public cc.mrbird.common.domain.ResponseBo cc.mrbird.system.controller.MenuController.addMenu(cc.mrbird.system.domain.Menu)
14:46:49.047 febs [main] INFO  o.s.w.s.m.m.a.RequestMappingHandlerMapping - Mapped "{[/menu/menuButtonTree]}" onto public cc.mrbird.common.domain.ResponseBo cc.mrbird.system.controller.MenuController.getMenuButtonTree()
14:46:49.050 febs [main] INFO  o.s.w.s.m.m.a.RequestMappingHandlerMapping - Mapped "{[/redis/get]}" onto public cc.mrbird.common.domain.ResponseBo cc.mrbird.system.controller.RedisController.get(java.lang.String)
14:46:49.050 febs [main] INFO  o.s.w.s.m.m.a.RequestMappingHandlerMapping - Mapped "{[/redis/keys]}" onto public cc.mrbird.common.domain.ResponseBo cc.mrbird.system.controller.RedisController.keys(java.lang.String)
14:46:49.050 febs [main] INFO  o.s.w.s.m.m.a.RequestMappingHandlerMapping - Mapped "{[/redis/set]}" onto public cc.mrbird.common.domain.ResponseBo cc.mrbird.system.controller.RedisController.set(java.lang.String)
14:46:49.051 febs [main] INFO  o.s.w.s.m.m.a.RequestMappingHandlerMapping - Mapped "{[/redis/exists]}" onto public cc.mrbird.common.domain.ResponseBo cc.mrbird.system.controller.RedisController.exists(java.lang.String)
14:46:49.052 febs [main] INFO  o.s.w.s.m.m.a.RequestMappingHandlerMapping - Mapped "{[/redis/del]}" onto public cc.mrbird.common.domain.ResponseBo cc.mrbird.system.controller.RedisController.del(java.lang.String)
14:46:49.053 febs [main] INFO  o.s.w.s.m.m.a.RequestMappingHandlerMapping - Mapped "{[/redis/terminal]}" onto public java.lang.String cc.mrbird.system.controller.RedisController.redisTerminal(org.springframework.ui.Model)
14:46:49.053 febs [main] INFO  o.s.w.s.m.m.a.RequestMappingHandlerMapping - Mapped "{[/redis/memoryInfo]}" onto public java.lang.String cc.mrbird.system.controller.RedisController.getMemoryInfo()
14:46:49.053 febs [main] INFO  o.s.w.s.m.m.a.RequestMappingHandlerMapping - Mapped "{[/redis/pexpire]}" onto public cc.mrbird.common.domain.ResponseBo cc.mrbird.system.controller.RedisController.pexpire(java.lang.String)
14:46:49.053 febs [main] INFO  o.s.w.s.m.m.a.RequestMappingHandlerMapping - Mapped "{[/redis/pttl]}" onto public cc.mrbird.common.domain.ResponseBo cc.mrbird.system.controller.RedisController.pttl(java.lang.String)
14:46:49.054 febs [main] INFO  o.s.w.s.m.m.a.RequestMappingHandlerMapping - Mapped "{[/redis/info]}" onto public java.lang.String cc.mrbird.system.controller.RedisController.getRedisInfo(org.springframework.ui.Model)
14:46:49.054 febs [main] INFO  o.s.w.s.m.m.a.RequestMappingHandlerMapping - Mapped "{[/redis/keysSize]}" onto public java.lang.String cc.mrbird.system.controller.RedisController.getKeysSize()
14:46:49.055 febs [main] INFO  o.s.w.s.m.m.a.RequestMappingHandlerMapping - Mapped "{[/role]}" onto public java.lang.String cc.mrbird.system.controller.RoleController.index()
14:46:49.058 febs [main] INFO  o.s.w.s.m.m.a.RequestMappingHandlerMapping - Mapped "{[/role/getRole]}" onto public cc.mrbird.common.domain.ResponseBo cc.mrbird.system.controller.RoleController.getRole(java.lang.Long)
14:46:49.058 febs [main] INFO  o.s.w.s.m.m.a.RequestMappingHandlerMapping - Mapped "{[/role/update]}" onto public cc.mrbird.common.domain.ResponseBo cc.mrbird.system.controller.RoleController.updateRole(cc.mrbird.system.domain.Role,java.lang.Long[])
14:46:49.059 febs [main] INFO  o.s.w.s.m.m.a.RequestMappingHandlerMapping - Mapped "{[/role/excel]}" onto public cc.mrbird.common.domain.ResponseBo cc.mrbird.system.controller.RoleController.roleExcel(cc.mrbird.system.domain.Role)
14:46:49.059 febs [main] INFO  o.s.w.s.m.m.a.RequestMappingHandlerMapping - Mapped "{[/role/csv]}" onto public cc.mrbird.common.domain.ResponseBo cc.mrbird.system.controller.RoleController.roleCsv(cc.mrbird.system.domain.Role)
14:46:49.059 febs [main] INFO  o.s.w.s.m.m.a.RequestMappingHandlerMapping - Mapped "{[/role/checkRoleName]}" onto public boolean cc.mrbird.system.controller.RoleController.checkRoleName(java.lang.String,java.lang.String)
14:46:49.059 febs [main] INFO  o.s.w.s.m.m.a.RequestMappingHandlerMapping - Mapped "{[/role/delete]}" onto public cc.mrbird.common.domain.ResponseBo cc.mrbird.system.controller.RoleController.deleteRoles(java.lang.String)
14:46:49.060 febs [main] INFO  o.s.w.s.m.m.a.RequestMappingHandlerMapping - Mapped "{[/role/list]}" onto public java.util.Map<java.lang.String, java.lang.Object> cc.mrbird.system.controller.RoleController.roleList(cc.mrbird.common.domain.QueryRequest,cc.mrbird.system.domain.Role)
14:46:49.060 febs [main] INFO  o.s.w.s.m.m.a.RequestMappingHandlerMapping - Mapped "{[/role/add]}" onto public cc.mrbird.common.domain.ResponseBo cc.mrbird.system.controller.RoleController.addRole(cc.mrbird.system.domain.Role,java.lang.Long[])
14:46:49.061 febs [main] INFO  o.s.w.s.m.m.a.RequestMappingHandlerMapping - Mapped "{[/session/list]}" onto public java.util.Map<java.lang.String, java.lang.Object> cc.mrbird.system.controller.SessionController.list()
14:46:49.061 febs [main] INFO  o.s.w.s.m.m.a.RequestMappingHandlerMapping - Mapped "{[/session/forceLogout]}" onto public cc.mrbird.common.domain.ResponseBo cc.mrbird.system.controller.SessionController.forceLogout(java.lang.String)
14:46:49.062 febs [main] INFO  o.s.w.s.m.m.a.RequestMappingHandlerMapping - Mapped "{[/session]}" onto public java.lang.String cc.mrbird.system.controller.SessionController.online()
14:46:49.065 febs [main] INFO  o.s.w.s.m.m.a.RequestMappingHandlerMapping - Mapped "{[/user]}" onto public java.lang.String cc.mrbird.system.controller.UserController.index(org.springframework.ui.Model)
14:46:49.065 febs [main] INFO  o.s.w.s.m.m.a.RequestMappingHandlerMapping - Mapped "{[/user/list]}" onto public java.util.Map<java.lang.String, java.lang.Object> cc.mrbird.system.controller.UserController.userList(cc.mrbird.common.domain.QueryRequest,cc.mrbird.system.domain.User)
14:46:49.065 febs [main] INFO  o.s.w.s.m.m.a.RequestMappingHandlerMapping - Mapped "{[/user/getUserProfile]}" onto public cc.mrbird.common.domain.ResponseBo cc.mrbird.system.controller.UserController.getUserProfile(java.lang.Long)
14:46:49.066 febs [main] INFO  o.s.w.s.m.m.a.RequestMappingHandlerMapping - Mapped "{[/user/checkPassword]}" onto public boolean cc.mrbird.system.controller.UserController.checkPassword(java.lang.String)
14:46:49.066 febs [main] INFO  o.s.w.s.m.m.a.RequestMappingHandlerMapping - Mapped "{[/user/changeAvatar]}" onto public cc.mrbird.common.domain.ResponseBo cc.mrbird.system.controller.UserController.changeAvatar(java.lang.String)
14:46:49.066 febs [main] INFO  o.s.w.s.m.m.a.RequestMappingHandlerMapping - Mapped "{[/user/update]}" onto public cc.mrbird.common.domain.ResponseBo cc.mrbird.system.controller.UserController.updateUser(cc.mrbird.system.domain.User,java.lang.Long[])
14:46:49.066 febs [main] INFO  o.s.w.s.m.m.a.RequestMappingHandlerMapping - Mapped "{[/user/checkUserName]}" onto public boolean cc.mrbird.system.controller.UserController.checkUserName(java.lang.String,java.lang.String)
14:46:49.066 febs [main] INFO  o.s.w.s.m.m.a.RequestMappingHandlerMapping - Mapped "{[/user/profile]}" onto public java.lang.String cc.mrbird.system.controller.UserController.profileIndex(org.springframework.ui.Model)
14:46:49.067 febs [main] INFO  o.s.w.s.m.m.a.RequestMappingHandlerMapping - Mapped "{[/user/csv]}" onto public cc.mrbird.common.domain.ResponseBo cc.mrbird.system.controller.UserController.userCsv(cc.mrbird.system.domain.User)
14:46:49.067 febs [main] INFO  o.s.w.s.m.m.a.RequestMappingHandlerMapping - Mapped "{[/user/regist]}" onto public cc.mrbird.common.domain.ResponseBo cc.mrbird.system.controller.UserController.regist(cc.mrbird.system.domain.User)
14:46:49.067 febs [main] INFO  o.s.w.s.m.m.a.RequestMappingHandlerMapping - Mapped "{[/user/excel]}" onto public cc.mrbird.common.domain.ResponseBo cc.mrbird.system.controller.UserController.userExcel(cc.mrbird.system.domain.User)
14:46:49.068 febs [main] INFO  o.s.w.s.m.m.a.RequestMappingHandlerMapping - Mapped "{[/user/delete]}" onto public cc.mrbird.common.domain.ResponseBo cc.mrbird.system.controller.UserController.deleteUsers(java.lang.String)
14:46:49.068 febs [main] INFO  o.s.w.s.m.m.a.RequestMappingHandlerMapping - Mapped "{[/user/getUser]}" onto public cc.mrbird.common.domain.ResponseBo cc.mrbird.system.controller.UserController.getUser(java.lang.Long)
14:46:49.072 febs [main] INFO  o.s.w.s.m.m.a.RequestMappingHandlerMapping - Mapped "{[/user/updatePassword]}" onto public cc.mrbird.common.domain.ResponseBo cc.mrbird.system.controller.UserController.updatePassword(java.lang.String)
14:46:49.073 febs [main] INFO  o.s.w.s.m.m.a.RequestMappingHandlerMapping - Mapped "{[/user/theme]}" onto public cc.mrbird.common.domain.ResponseBo cc.mrbird.system.controller.UserController.updateTheme(cc.mrbird.system.domain.User)
14:46:49.073 febs [main] INFO  o.s.w.s.m.m.a.RequestMappingHandlerMapping - Mapped "{[/user/updateUserProfile]}" onto public cc.mrbird.common.domain.ResponseBo cc.mrbird.system.controller.UserController.updateUserProfile(cc.mrbird.system.domain.User)
14:46:49.074 febs [main] INFO  o.s.w.s.m.m.a.RequestMappingHandlerMapping - Mapped "{[/user/add]}" onto public cc.mrbird.common.domain.ResponseBo cc.mrbird.system.controller.UserController.addUser(cc.mrbird.system.domain.User,java.lang.Long[])
14:46:49.075 febs [main] INFO  o.s.w.s.m.m.a.RequestMappingHandlerMapping - Mapped "{[/article]}" onto public java.lang.String cc.mrbird.web.controller.ArticleController.index()
14:46:49.075 febs [main] INFO  o.s.w.s.m.m.a.RequestMappingHandlerMapping - Mapped "{[/article/query]}" onto public cc.mrbird.common.domain.ResponseBo cc.mrbird.web.controller.ArticleController.queryArticle(java.lang.String)
14:46:49.076 febs [main] INFO  o.s.w.s.m.m.a.RequestMappingHandlerMapping - Mapped "{[/movie/getMovieComing]}" onto public cc.mrbird.common.domain.ResponseBo cc.mrbird.web.controller.MovieController.getMovieComing()
14:46:49.076 febs [main] INFO  o.s.w.s.m.m.a.RequestMappingHandlerMapping - Mapped "{[/movie/detail]}" onto public cc.mrbird.common.domain.ResponseBo cc.mrbird.web.controller.MovieController.getDetail(java.lang.String)
14:46:49.077 febs [main] INFO  o.s.w.s.m.m.a.RequestMappingHandlerMapping - Mapped "{[/movie/comments]}" onto public cc.mrbird.common.domain.ResponseBo cc.mrbird.web.controller.MovieController.getComments(java.lang.String)
14:46:49.077 febs [main] INFO  o.s.w.s.m.m.a.RequestMappingHandlerMapping - Mapped "{[/movie/hot]}" onto public java.lang.String cc.mrbird.web.controller.MovieController.movieHot()
14:46:49.077 febs [main] INFO  o.s.w.s.m.m.a.RequestMappingHandlerMapping - Mapped "{[/movie/coming]}" onto public java.lang.String cc.mrbird.web.controller.MovieController.movieComing()
14:46:49.077 febs [main] INFO  o.s.w.s.m.m.a.RequestMappingHandlerMapping - Mapped "{[/movie/getMovieHot]}" onto public cc.mrbird.common.domain.ResponseBo cc.mrbird.web.controller.MovieController.getMoiveHot()
14:46:49.078 febs [main] INFO  o.s.w.s.m.m.a.RequestMappingHandlerMapping - Mapped "{[/one/yuwenComments]}" onto public cc.mrbird.common.domain.ResponseBo cc.mrbird.web.controller.OneIsAllController.getYuwenComments(java.lang.String)
14:46:49.079 febs [main] INFO  o.s.w.s.m.m.a.RequestMappingHandlerMapping - Mapped "{[/one/essayDetail]}" onto public cc.mrbird.common.domain.ResponseBo cc.mrbird.web.controller.OneIsAllController.getEssayDetail(java.lang.String,java.lang.String)
14:46:49.079 febs [main] INFO  o.s.w.s.m.m.a.RequestMappingHandlerMapping - Mapped "{[/one/painting]}" onto public java.lang.String cc.mrbird.web.controller.OneIsAllController.paintIndex()
14:46:49.079 febs [main] INFO  o.s.w.s.m.m.a.RequestMappingHandlerMapping - Mapped "{[/one/readingList]}" onto public cc.mrbird.common.domain.ResponseBo cc.mrbird.web.controller.OneIsAllController.getReadingList()
14:46:49.079 febs [main] INFO  o.s.w.s.m.m.a.RequestMappingHandlerMapping - Mapped "{[/one/essay]}" onto public java.lang.String cc.mrbird.web.controller.OneIsAllController.essayIndex()
14:46:49.079 febs [main] INFO  o.s.w.s.m.m.a.RequestMappingHandlerMapping - Mapped "{[/one/yuwenDetail]}" onto public cc.mrbird.common.domain.ResponseBo cc.mrbird.web.controller.OneIsAllController.getYuwenDetail(java.lang.String,java.lang.String)
14:46:49.079 febs [main] INFO  o.s.w.s.m.m.a.RequestMappingHandlerMapping - Mapped "{[/one/essayComments]}" onto public cc.mrbird.common.domain.ResponseBo cc.mrbird.web.controller.OneIsAllController.getEssayComments(java.lang.String)
14:46:49.080 febs [main] INFO  o.s.w.s.m.m.a.RequestMappingHandlerMapping - Mapped "{[/one/yuwen]}" onto public java.lang.String cc.mrbird.web.controller.OneIsAllController.yuwenIndex()
14:46:49.080 febs [main] INFO  o.s.w.s.m.m.a.RequestMappingHandlerMapping - Mapped "{[/one/oneList]}" onto public cc.mrbird.common.domain.ResponseBo cc.mrbird.web.controller.OneIsAllController.getOneList()
14:46:49.080 febs [main] INFO  o.s.w.s.m.m.a.RequestMappingHandlerMapping - Mapped "{[/weather/query]}" onto public cc.mrbird.common.domain.ResponseBo cc.mrbird.web.controller.WeatherController.queryWeather(java.lang.String)
14:46:49.080 febs [main] INFO  o.s.w.s.m.m.a.RequestMappingHandlerMapping - Mapped "{[/weather]}" onto public java.lang.String cc.mrbird.web.controller.WeatherController.weather()
14:46:49.084 febs [main] INFO  o.s.w.s.m.m.a.RequestMappingHandlerMapping - Mapped "{[/error]}" onto public org.springframework.http.ResponseEntity<java.util.Map<java.lang.String, java.lang.Object>> org.springframework.boot.autoconfigure.web.servlet.error.BasicErrorController.error(javax.servlet.http.HttpServletRequest)
14:46:49.084 febs [main] INFO  o.s.w.s.m.m.a.RequestMappingHandlerMapping - Mapped "{[/error],produces=[text/html]}" onto public org.springframework.web.servlet.ModelAndView org.springframework.boot.autoconfigure.web.servlet.error.BasicErrorController.errorHtml(javax.servlet.http.HttpServletRequest,javax.servlet.http.HttpServletResponse)
14:46:49.169 febs [main] INFO  o.s.w.s.h.SimpleUrlHandlerMapping - Mapped URL path [/webjars/**] onto handler of type [class org.springframework.web.servlet.resource.ResourceHttpRequestHandler]
14:46:49.170 febs [main] INFO  o.s.w.s.h.SimpleUrlHandlerMapping - Mapped URL path [/**] onto handler of type [class org.springframework.web.servlet.resource.ResourceHttpRequestHandler]
14:46:49.256 febs [main] INFO  o.s.w.s.m.m.a.ExceptionHandlerExceptionResolver - Detected @ExceptionHandler methods in globalExceptionHandler
14:46:49.598 febs [main] INFO  o.s.b.a.w.s.WelcomePageHandlerMapping - Adding welcome page template: index
14:46:52.096 febs [main] INFO  o.s.j.e.a.AnnotationMBeanExporter - Registering beans for JMX exposure on startup
14:46:52.099 febs [main] INFO  o.s.j.e.a.AnnotationMBeanExporter - Bean with name 'statFilter' has been autodetected for JMX exposure
14:46:52.099 febs [main] INFO  o.s.j.e.a.AnnotationMBeanExporter - Bean with name 'dataSource' has been autodetected for JMX exposure
14:46:52.107 febs [main] INFO  o.s.j.e.a.AnnotationMBeanExporter - Located MBean 'dataSource': registering with JMX server as MBean [com.alibaba.druid.spring.boot.autoconfigure:name=dataSource,type=DruidDataSourceWrapper]
14:46:52.108 febs [main] INFO  o.s.j.e.a.AnnotationMBeanExporter - Located MBean 'statFilter': registering with JMX server as MBean [com.alibaba.druid.filter.stat:name=statFilter,type=StatFilter]
14:46:52.147 febs [main] INFO  o.s.c.s.DefaultLifecycleProcessor - Starting beans in phase 2147483647
14:46:52.147 febs [main] INFO  o.s.s.quartz.SchedulerFactoryBean - Will start Quartz Scheduler [MyScheduler] in 1 seconds
14:46:52.159 febs [main] INFO  o.a.coyote.http11.Http11NioProtocol - Starting ProtocolHandler ["http-nio-8080"]
14:46:52.175 febs [main] INFO  o.a.tomcat.util.net.NioSelectorPool - Using a shared selector for servlet write/read
14:46:52.225 febs [main] INFO  o.s.b.w.e.tomcat.TomcatWebServer - Tomcat started on port(s): 8080 (http) with context path ''
14:46:52.230 febs [main] INFO  cc.mrbird.Application - Started Application in 21.372 seconds (JVM running for 22.712)
14:46:52.267 febs [main] INFO  cc.mrbird.Application - 《《《《《《 FEBS started up successfully at 2021-10-21 14:46:52.267 》》》》》》
14:46:53.149 febs [Quartz Scheduler [MyScheduler]] INFO  o.s.s.quartz.SchedulerFactoryBean - Starting Quartz Scheduler now, after delay of 1 seconds
14:46:53.453 febs [Quartz Scheduler [MyScheduler]] INFO  org.quartz.core.QuartzScheduler - Scheduler MyScheduler_$_DESKTOP-J914O471634798804159 started.
14:47:01.699 febs [http-nio-8080-exec-1] INFO  o.a.c.c.C.[Tomcat].[localhost].[/] - Initializing Spring FrameworkServlet 'dispatcherServlet'
14:47:01.699 febs [http-nio-8080-exec-1] INFO  o.s.web.servlet.DispatcherServlet - FrameworkServlet 'dispatcherServlet': initialization started
14:47:01.749 febs [http-nio-8080-exec-1] INFO  o.s.web.servlet.DispatcherServlet - FrameworkServlet 'dispatcherServlet': initialization completed in 50 ms
14:47:01.889 febs [http-nio-8080-exec-1] INFO  o.a.s.s.m.AbstractValidatingSessionManager - Enabling session validation scheduler...
14:59:32.132 febs [http-nio-8080-exec-1] INFO  c.m.c.i.SqlStatementInterceptor - 【SQL语句Id】>>>> cc.mrbird.system.dao.UserMapper.selectByExample
14:59:32.132 febs [http-nio-8080-exec-1] INFO  c.m.c.i.SqlStatementInterceptor - 【SQL语句耗时】>>>> 13 ms
14:59:32.132 febs [http-nio-8080-exec-1] INFO  c.m.c.i.SqlStatementInterceptor - 【SQL语句】>>>> SELECT USER_ID,USERNAME,PASSWORD,DEPT_ID,EMAIL,MOBILE,STATUS,CRATE_TIME,MODIFY_TIME,LAST_LOGIN_TIME,SSEX,THEME,AVATAR,DESCRIPTION FROM t_user WHERE ( lower(username)= 'scott' )
14:59:54.882 febs [http-nio-8080-exec-4] INFO  c.m.c.i.SqlStatementInterceptor - 【SQL语句Id】>>>> cc.mrbird.system.dao.UserMapper.selectByExample
14:59:54.883 febs [http-nio-8080-exec-4] INFO  c.m.c.i.SqlStatementInterceptor - 【SQL语句耗时】>>>> 8 ms
14:59:54.883 febs [http-nio-8080-exec-4] INFO  c.m.c.i.SqlStatementInterceptor - 【SQL语句】>>>> SELECT USER_ID,USERNAME,PASSWORD,DEPT_ID,EMAIL,MOBILE,STATUS,CRATE_TIME,MODIFY_TIME,LAST_LOGIN_TIME,SSEX,THEME,AVATAR,DESCRIPTION FROM t_user WHERE ( lower(username)= 'mrbird' )
15:01:25.119 febs [main] INFO  cc.mrbird.Application - Starting Application on DESKTOP-J914O47 with PID 4472 (E:\git\FEBS\target\classes started by admin in E:\git\FEBS)
15:01:25.127 febs [main] INFO  cc.mrbird.Application - No active profile set, falling back to default profiles: default
15:01:25.398 febs [main] INFO  o.s.b.w.s.c.AnnotationConfigServletWebServerApplicationContext - Refreshing org.springframework.boot.web.servlet.context.AnnotationConfigServletWebServerApplicationContext@2a62b5bc: startup date [Thu Oct 21 15:01:25 CST 2021]; root of context hierarchy
15:01:28.443 febs [main] INFO  o.s.b.f.s.DefaultListableBeanFactory - Overriding bean definition for bean 'shiroRealm' with a different definition: replacing [Generic bean: class [cc.mrbird.common.shiro.ShiroRealm]; scope=singleton; abstract=false; lazyInit=false; autowireMode=0; dependencyCheck=0; autowireCandidate=true; primary=false; factoryBeanName=null; factoryMethodName=null; initMethodName=null; destroyMethodName=null; defined in file [E:\git\FEBS\target\classes\cc\mrbird\common\shiro\ShiroRealm.class]] with [Root bean: class [null]; scope=; abstract=false; lazyInit=false; autowireMode=3; dependencyCheck=0; autowireCandidate=true; primary=false; factoryBeanName=shiroConfig; factoryMethodName=shiroRealm; initMethodName=null; destroyMethodName=(inferred); defined in class path resource [cc/mrbird/common/shiro/ShiroConfig.class]]
15:01:28.880 febs [main] INFO  o.s.d.r.c.RepositoryConfigurationDelegate - Multiple Spring Data modules found, entering strict repository configuration mode!
