20:36:26.765 febs [main] INFO  cc.mrbird.Application - Starting Application on DESKTOP-3M58MVV with PID 8988 (E:\git\FEBS\target\classes started by 懒虫虫 in E:\git\FEBS)
20:36:26.800 febs [main] INFO  cc.mrbird.Application - No active profile set, falling back to default profiles: default
20:36:27.236 febs [main] INFO  o.s.b.w.s.c.AnnotationConfigServletWebServerApplicationContext - Refreshing org.springframework.boot.web.servlet.context.AnnotationConfigServletWebServerApplicationContext@69fb6037: startup date [Sat Feb 29 20:36:27 CST 2020]; root of context hierarchy
20:36:30.017 febs [main] INFO  o.s.b.f.s.DefaultListableBeanFactory - Overriding bean definition for bean 'shiroRealm' with a different definition: replacing [Generic bean: class [cc.mrbird.common.shiro.ShiroRealm]; scope=singleton; abstract=false; lazyInit=false; autowireMode=0; dependencyCheck=0; autowireCandidate=true; primary=false; factoryBeanName=null; factoryMethodName=null; initMethodName=null; destroyMethodName=null; defined in file [E:\git\FEBS\target\classes\cc\mrbird\common\shiro\ShiroRealm.class]] with [Root bean: class [null]; scope=; abstract=false; lazyInit=false; autowireMode=3; dependencyCheck=0; autowireCandidate=true; primary=false; factoryBeanName=shiroConfig; factoryMethodName=shiroRealm; initMethodName=null; destroyMethodName=(inferred); defined in class path resource [cc/mrbird/common/shiro/ShiroConfig.class]]
20:36:30.818 febs [main] INFO  o.s.d.r.c.RepositoryConfigurationDelegate - Multiple Spring Data modules found, entering strict repository configuration mode!
20:36:31.838 febs [main] INFO  c.u.j.c.EnableEncryptablePropertiesBeanFactoryPostProcessor - Post-processing PropertySource instances
20:36:32.255 febs [main] INFO  c.u.j.EncryptablePropertySourceConverter - Converting PropertySource configurationProperties [org.springframework.boot.context.properties.source.ConfigurationPropertySourcesPropertySource] to AOP Proxy
20:36:32.258 febs [main] INFO  c.u.j.EncryptablePropertySourceConverter - Converting PropertySource servletConfigInitParams [org.springframework.core.env.PropertySource$StubPropertySource] to EncryptablePropertySourceWrapper
20:36:32.259 febs [main] INFO  c.u.j.EncryptablePropertySourceConverter - Converting PropertySource servletContextInitParams [org.springframework.core.env.PropertySource$StubPropertySource] to EncryptablePropertySourceWrapper
20:36:32.259 febs [main] INFO  c.u.j.EncryptablePropertySourceConverter - Converting PropertySource systemProperties [org.springframework.core.env.MapPropertySource] to EncryptableMapPropertySourceWrapper
20:36:32.262 febs [main] INFO  c.u.j.EncryptablePropertySourceConverter - Converting PropertySource systemEnvironment [org.springframework.boot.env.SystemEnvironmentPropertySourceEnvironmentPostProcessor$OriginAwareSystemEnvironmentPropertySource] to EncryptableMapPropertySourceWrapper
20:36:32.263 febs [main] INFO  c.u.j.EncryptablePropertySourceConverter - Converting PropertySource random [org.springframework.boot.env.RandomValuePropertySource] to EncryptablePropertySourceWrapper
20:36:32.265 febs [main] INFO  c.u.j.EncryptablePropertySourceConverter - Converting PropertySource applicationConfig: [classpath:/application.yml] [org.springframework.boot.env.OriginTrackedMapPropertySource] to EncryptableMapPropertySourceWrapper
20:36:32.402 febs [main] INFO  o.s.c.s.PostProcessorRegistrationDelegate$BeanPostProcessorChecker - Bean 'asyncExecutorPoolConfig' of type [cc.mrbird.common.config.AsyncExecutorPoolConfig$$EnhancerBySpringCGLIB$$9818ae7] is not eligible for getting processed by all BeanPostProcessors (for example: not eligible for auto-proxying)
20:36:32.503 febs [main] INFO  c.u.j.f.DefaultLazyPropertyFilter - Property Filter custom Bean not found with name 'encryptablePropertyFilter'. Initializing Default Property Filter
20:36:32.516 febs [main] INFO  o.s.c.s.PostProcessorRegistrationDelegate$BeanPostProcessorChecker - Bean 'com.alibaba.druid.spring.boot.autoconfigure.stat.DruidSpringAopConfiguration' of type [com.alibaba.druid.spring.boot.autoconfigure.stat.DruidSpringAopConfiguration] is not eligible for getting processed by all BeanPostProcessors (for example: not eligible for auto-proxying)
20:36:32.672 febs [main] INFO  o.s.c.s.PostProcessorRegistrationDelegate$BeanPostProcessorChecker - Bean 'org.springframework.boot.context.properties.ConversionServiceDeducer$Factory' of type [org.springframework.boot.context.properties.ConversionServiceDeducer$Factory] is not eligible for getting processed by all BeanPostProcessors (for example: not eligible for auto-proxying)
20:36:32.877 febs [main] INFO  c.u.j.r.DefaultLazyPropertyResolver - Property Resolver custom Bean not found with name 'encryptablePropertyResolver'. Initializing Default Property Resolver
20:36:32.881 febs [main] INFO  c.u.j.d.DefaultLazyPropertyDetector - Property Detector custom Bean not found with name 'encryptablePropertyDetector'. Initializing Default Property Detector
20:36:32.914 febs [main] INFO  o.s.c.s.PostProcessorRegistrationDelegate$BeanPostProcessorChecker - Bean 'spring.datasource.druid-com.alibaba.druid.spring.boot.autoconfigure.properties.DruidStatProperties' of type [com.alibaba.druid.spring.boot.autoconfigure.properties.DruidStatProperties] is not eligible for getting processed by all BeanPostProcessors (for example: not eligible for auto-proxying)
20:36:32.948 febs [main] INFO  o.s.c.s.PostProcessorRegistrationDelegate$BeanPostProcessorChecker - Bean 'advisor' of type [org.springframework.aop.support.RegexpMethodPointcutAdvisor] is not eligible for getting processed by all BeanPostProcessors (for example: not eligible for auto-proxying)
20:36:32.968 febs [main] INFO  o.s.c.s.PostProcessorRegistrationDelegate$BeanPostProcessorChecker - Bean 'redisConfig' of type [cc.mrbird.common.config.RedisConfig$$EnhancerBySpringCGLIB$$632bf5b7] is not eligible for getting processed by all BeanPostProcessors (for example: not eligible for auto-proxying)
20:36:33.056 febs [main] INFO  o.s.c.s.PostProcessorRegistrationDelegate$BeanPostProcessorChecker - Bean 'org.springframework.transaction.annotation.ProxyTransactionManagementConfiguration' of type [org.springframework.transaction.annotation.ProxyTransactionManagementConfiguration$$EnhancerBySpringCGLIB$$7e47ffa0] is not eligible for getting processed by all BeanPostProcessors (for example: not eligible for auto-proxying)
20:36:33.200 febs [main] INFO  o.s.c.s.PostProcessorRegistrationDelegate$BeanPostProcessorChecker - Bean 'febsProperties' of type [cc.mrbird.common.config.FebsProperties$$EnhancerBySpringCGLIB$$5c019773] is not eligible for getting processed by all BeanPostProcessors (for example: not eligible for auto-proxying)
20:36:33.207 febs [main] INFO  o.s.c.s.PostProcessorRegistrationDelegate$BeanPostProcessorChecker - Bean 'shiroConfig' of type [cc.mrbird.common.shiro.ShiroConfig$$EnhancerBySpringCGLIB$$899f85da] is not eligible for getting processed by all BeanPostProcessors (for example: not eligible for auto-proxying)
20:36:34.893 febs [main] INFO  o.s.c.s.PostProcessorRegistrationDelegate$BeanPostProcessorChecker - Bean 'mybatis-org.mybatis.spring.boot.autoconfigure.MybatisProperties' of type [org.mybatis.spring.boot.autoconfigure.MybatisProperties] is not eligible for getting processed by all BeanPostProcessors (for example: not eligible for auto-proxying)
20:36:34.910 febs [main] INFO  o.s.c.s.PostProcessorRegistrationDelegate$BeanPostProcessorChecker - Bean 'myBatisConfig' of type [cc.mrbird.common.config.MyBatisConfig$$EnhancerBySpringCGLIB$$9a3ef1af] is not eligible for getting processed by all BeanPostProcessors (for example: not eligible for auto-proxying)
20:36:34.920 febs [main] INFO  o.s.c.s.PostProcessorRegistrationDelegate$BeanPostProcessorChecker - Bean 'sqlStatementInterceptor' of type [cc.mrbird.common.interceptor.SqlStatementInterceptor] is not eligible for getting processed by all BeanPostProcessors (for example: not eligible for auto-proxying)
20:36:34.945 febs [main] INFO  o.s.c.s.PostProcessorRegistrationDelegate$BeanPostProcessorChecker - Bean 'org.mybatis.spring.boot.autoconfigure.MybatisAutoConfiguration' of type [org.mybatis.spring.boot.autoconfigure.MybatisAutoConfiguration$$EnhancerBySpringCGLIB$$b11c50d0] is not eligible for getting processed by all BeanPostProcessors (for example: not eligible for auto-proxying)
20:36:34.961 febs [main] INFO  o.s.c.s.PostProcessorRegistrationDelegate$BeanPostProcessorChecker - Bean 'com.alibaba.druid.spring.boot.autoconfigure.DruidDataSourceAutoConfigure' of type [com.alibaba.druid.spring.boot.autoconfigure.DruidDataSourceAutoConfigure$$EnhancerBySpringCGLIB$$97f3f512] is not eligible for getting processed by all BeanPostProcessors (for example: not eligible for auto-proxying)
20:36:34.967 febs [main] INFO  c.a.d.s.b.a.DruidDataSourceAutoConfigure - Init DruidDataSource
20:36:35.211 febs [main] INFO  o.s.c.s.PostProcessorRegistrationDelegate$BeanPostProcessorChecker - Bean 'spring.datasource-org.springframework.boot.autoconfigure.jdbc.DataSourceProperties' of type [org.springframework.boot.autoconfigure.jdbc.DataSourceProperties] is not eligible for getting processed by all BeanPostProcessors (for example: not eligible for auto-proxying)
20:36:35.226 febs [main] INFO  o.s.c.s.PostProcessorRegistrationDelegate$BeanPostProcessorChecker - Bean 'com.alibaba.druid.spring.boot.autoconfigure.stat.DruidFilterConfiguration' of type [com.alibaba.druid.spring.boot.autoconfigure.stat.DruidFilterConfiguration] is not eligible for getting processed by all BeanPostProcessors (for example: not eligible for auto-proxying)
20:36:35.296 febs [main] INFO  o.s.c.s.PostProcessorRegistrationDelegate$BeanPostProcessorChecker - Bean 'statFilter' of type [com.alibaba.druid.filter.stat.StatFilter] is not eligible for getting processed by all BeanPostProcessors (for example: not eligible for auto-proxying)
20:36:39.442 febs [main] INFO  c.alibaba.druid.pool.DruidDataSource - {dataSource-1} inited
20:36:39.443 febs [main] INFO  o.s.c.s.PostProcessorRegistrationDelegate$BeanPostProcessorChecker - Bean 'dataSource' of type [com.alibaba.druid.spring.boot.autoconfigure.DruidDataSourceWrapper] is not eligible for getting processed by all BeanPostProcessors (for example: not eligible for auto-proxying)
20:36:39.551 febs [main] INFO  o.s.c.s.PostProcessorRegistrationDelegate$BeanPostProcessorChecker - Bean 'org.springframework.boot.autoconfigure.jdbc.DataSourceInitializerInvoker' of type [org.springframework.boot.autoconfigure.jdbc.DataSourceInitializerInvoker] is not eligible for getting processed by all BeanPostProcessors (for example: not eligible for auto-proxying)
20:36:40.291 febs [main] INFO  o.s.c.s.PostProcessorRegistrationDelegate$BeanPostProcessorChecker - Bean 'sqlSessionFactory' of type [org.apache.ibatis.session.defaults.DefaultSqlSessionFactory] is not eligible for getting processed by all BeanPostProcessors (for example: not eligible for auto-proxying)
20:36:40.328 febs [main] INFO  o.s.c.s.PostProcessorRegistrationDelegate$BeanPostProcessorChecker - Bean 'sqlSessionTemplate' of type [org.mybatis.spring.SqlSessionTemplate] is not eligible for getting processed by all BeanPostProcessors (for example: not eligible for auto-proxying)
20:36:40.334 febs [main] INFO  o.s.c.s.PostProcessorRegistrationDelegate$BeanPostProcessorChecker - Bean 'userMapper' of type [org.mybatis.spring.mapper.MapperFactoryBean] is not eligible for getting processed by all BeanPostProcessors (for example: not eligible for auto-proxying)
20:36:40.345 febs [main] INFO  o.s.c.s.PostProcessorRegistrationDelegate$BeanPostProcessorChecker - Bean 'userMapper' of type [com.sun.proxy.$Proxy96] is not eligible for getting processed by all BeanPostProcessors (for example: not eligible for auto-proxying)
20:36:40.410 febs [main] INFO  o.s.c.s.PostProcessorRegistrationDelegate$BeanPostProcessorChecker - Bean 'redisPoolFactory' of type [redis.clients.jedis.JedisPool] is not eligible for getting processed by all BeanPostProcessors (for example: not eligible for auto-proxying)
20:36:40.413 febs [main] INFO  o.s.c.s.PostProcessorRegistrationDelegate$BeanPostProcessorChecker - Bean 'redisService' of type [cc.mrbird.common.service.impl.RedisServiceImpl] is not eligible for getting processed by all BeanPostProcessors (for example: not eligible for auto-proxying)
20:36:40.460 febs [main] INFO  o.s.c.s.PostProcessorRegistrationDelegate$BeanPostProcessorChecker - Bean 'userRoleMapper' of type [org.mybatis.spring.mapper.MapperFactoryBean] is not eligible for getting processed by all BeanPostProcessors (for example: not eligible for auto-proxying)
20:36:40.464 febs [main] INFO  o.s.c.s.PostProcessorRegistrationDelegate$BeanPostProcessorChecker - Bean 'userRoleMapper' of type [com.sun.proxy.$Proxy98] is not eligible for getting processed by all BeanPostProcessors (for example: not eligible for auto-proxying)
20:36:40.478 febs [main] INFO  o.s.c.s.PostProcessorRegistrationDelegate$BeanPostProcessorChecker - Bean 'userRoleService' of type [cc.mrbird.system.service.impl.UserRoleServiceImpl] is not eligible for getting processed by all BeanPostProcessors (for example: not eligible for auto-proxying)
20:36:40.539 febs [main] INFO  o.s.c.s.PostProcessorRegistrationDelegate$BeanPostProcessorChecker - Bean 'userService' of type [cc.mrbird.system.service.impl.UserServiceImpl] is not eligible for getting processed by all BeanPostProcessors (for example: not eligible for auto-proxying)
20:36:40.646 febs [main] INFO  o.s.c.s.PostProcessorRegistrationDelegate$BeanPostProcessorChecker - Bean 'roleMapper' of type [org.mybatis.spring.mapper.MapperFactoryBean] is not eligible for getting processed by all BeanPostProcessors (for example: not eligible for auto-proxying)
20:36:40.649 febs [main] INFO  o.s.c.s.PostProcessorRegistrationDelegate$BeanPostProcessorChecker - Bean 'roleMapper' of type [com.sun.proxy.$Proxy104] is not eligible for getting processed by all BeanPostProcessors (for example: not eligible for auto-proxying)
20:36:40.662 febs [main] INFO  o.s.c.s.PostProcessorRegistrationDelegate$BeanPostProcessorChecker - Bean 'roleMenuMapper' of type [org.mybatis.spring.mapper.MapperFactoryBean] is not eligible for getting processed by all BeanPostProcessors (for example: not eligible for auto-proxying)
20:36:40.665 febs [main] INFO  o.s.c.s.PostProcessorRegistrationDelegate$BeanPostProcessorChecker - Bean 'roleMenuMapper' of type [com.sun.proxy.$Proxy105] is not eligible for getting processed by all BeanPostProcessors (for example: not eligible for auto-proxying)
20:36:40.682 febs [main] INFO  o.s.c.s.PostProcessorRegistrationDelegate$BeanPostProcessorChecker - Bean 'roleMenuService' of type [cc.mrbird.system.service.impl.RoleMenuServiceImpl] is not eligible for getting processed by all BeanPostProcessors (for example: not eligible for auto-proxying)
20:36:40.715 febs [main] INFO  o.s.c.s.PostProcessorRegistrationDelegate$BeanPostProcessorChecker - Bean 'roleService' of type [cc.mrbird.system.service.impl.RoleServiceImpl] is not eligible for getting processed by all BeanPostProcessors (for example: not eligible for auto-proxying)
20:36:40.778 febs [main] INFO  o.s.c.s.PostProcessorRegistrationDelegate$BeanPostProcessorChecker - Bean 'menuMapper' of type [org.mybatis.spring.mapper.MapperFactoryBean] is not eligible for getting processed by all BeanPostProcessors (for example: not eligible for auto-proxying)
20:36:40.782 febs [main] INFO  o.s.c.s.PostProcessorRegistrationDelegate$BeanPostProcessorChecker - Bean 'menuMapper' of type [com.sun.proxy.$Proxy106] is not eligible for getting processed by all BeanPostProcessors (for example: not eligible for auto-proxying)
20:36:40.796 febs [main] INFO  o.s.c.s.PostProcessorRegistrationDelegate$BeanPostProcessorChecker - Bean 'menuService' of type [cc.mrbird.system.service.impl.MenuServiceImpl] is not eligible for getting processed by all BeanPostProcessors (for example: not eligible for auto-proxying)
20:36:40.835 febs [main] INFO  o.s.c.s.PostProcessorRegistrationDelegate$BeanPostProcessorChecker - Bean 'shiroRealm' of type [cc.mrbird.common.shiro.ShiroRealm] is not eligible for getting processed by all BeanPostProcessors (for example: not eligible for auto-proxying)
20:36:40.884 febs [main] INFO  o.s.c.s.PostProcessorRegistrationDelegate$BeanPostProcessorChecker - Bean 'redisSessionDAO' of type [org.crazycake.shiro.RedisSessionDAO] is not eligible for getting processed by all BeanPostProcessors (for example: not eligible for auto-proxying)
20:36:40.900 febs [main] INFO  o.s.c.s.PostProcessorRegistrationDelegate$BeanPostProcessorChecker - Bean 'sessionManager' of type [org.apache.shiro.web.session.mgt.DefaultWebSessionManager] is not eligible for getting processed by all BeanPostProcessors (for example: not eligible for auto-proxying)
20:36:40.921 febs [main] INFO  o.s.c.s.PostProcessorRegistrationDelegate$BeanPostProcessorChecker - Bean 'securityManager' of type [org.apache.shiro.web.mgt.DefaultWebSecurityManager] is not eligible for getting processed by all BeanPostProcessors (for example: not eligible for auto-proxying)
20:36:41.006 febs [main] INFO  o.s.c.s.PostProcessorRegistrationDelegate$BeanPostProcessorChecker - Bean 'authorizationAttributeSourceAdvisor' of type [org.apache.shiro.spring.security.interceptor.AuthorizationAttributeSourceAdvisor] is not eligible for getting processed by all BeanPostProcessors (for example: not eligible for auto-proxying)
20:36:42.357 febs [main] INFO  o.s.b.w.e.tomcat.TomcatWebServer - Tomcat initialized with port(s): 8080 (http)
20:36:42.386 febs [main] INFO  o.a.coyote.http11.Http11NioProtocol - Initializing ProtocolHandler ["http-nio-8080"]
20:36:42.418 febs [main] INFO  o.a.catalina.core.StandardService - Starting service [Tomcat]
20:36:42.419 febs [main] INFO  o.a.catalina.core.StandardEngine - Starting Servlet Engine: Apache Tomcat/8.5.32
20:36:42.457 febs [localhost-startStop-1] INFO  o.a.c.core.AprLifecycleListener - Loaded APR based Apache Tomcat Native library [1.2.23] using APR version [1.7.0].
20:36:42.458 febs [localhost-startStop-1] INFO  o.a.c.core.AprLifecycleListener - APR capabilities: IPv6 [true], sendfile [true], accept filters [false], random [true].
20:36:42.458 febs [localhost-startStop-1] INFO  o.a.c.core.AprLifecycleListener - APR/OpenSSL configuration: useAprConnector [false], useOpenSSL [true]
20:36:42.465 febs [localhost-startStop-1] INFO  o.a.c.core.AprLifecycleListener - OpenSSL successfully initialized [OpenSSL 1.1.1c  28 May 2019]
20:36:42.807 febs [localhost-startStop-1] INFO  o.a.c.c.C.[Tomcat].[localhost].[/] - Initializing Spring embedded WebApplicationContext
20:36:42.808 febs [localhost-startStop-1] INFO  o.s.web.context.ContextLoader - Root WebApplicationContext: initialization completed in 15572 ms
20:36:43.157 febs [localhost-startStop-1] INFO  o.s.b.w.s.FilterRegistrationBean - Mapping filter: 'characterEncodingFilter' to: [/*]
20:36:43.158 febs [localhost-startStop-1] INFO  o.s.b.w.s.FilterRegistrationBean - Mapping filter: 'hiddenHttpMethodFilter' to: [/*]
20:36:43.158 febs [localhost-startStop-1] INFO  o.s.b.w.s.FilterRegistrationBean - Mapping filter: 'httpPutFormContentFilter' to: [/*]
20:36:43.158 febs [localhost-startStop-1] INFO  o.s.b.w.s.FilterRegistrationBean - Mapping filter: 'requestContextFilter' to: [/*]
20:36:43.159 febs [localhost-startStop-1] INFO  o.s.b.w.s.FilterRegistrationBean - Mapping filter: 'xssFilter' to urls: [/*]
20:36:43.159 febs [localhost-startStop-1] INFO  o.s.b.w.s.FilterRegistrationBean - Mapping filter: 'webStatFilter' to urls: [/*]
20:36:43.159 febs [localhost-startStop-1] INFO  o.s.b.w.s.FilterRegistrationBean - Mapping filter: 'shiroFilterFactoryBean' to: [/*]
20:36:43.159 febs [localhost-startStop-1] INFO  o.s.b.w.s.ServletRegistrationBean - Servlet dispatcherServlet mapped to [/]
20:36:43.161 febs [localhost-startStop-1] INFO  o.s.b.w.s.ServletRegistrationBean - Servlet statViewServlet mapped to [/druid/*]
20:36:43.226 febs [localhost-startStop-1] INFO  cc.mrbird.common.xss.XssFilter - ------------ xss filter init ------------
20:36:44.068 febs [main] INFO  org.quartz.impl.StdSchedulerFactory - Using default implementation for ThreadExecutor
20:36:44.097 febs [main] INFO  o.quartz.core.SchedulerSignalerImpl - Initialized Scheduler Signaller of type: class org.quartz.core.SchedulerSignalerImpl
20:36:44.097 febs [main] INFO  org.quartz.core.QuartzScheduler - Quartz Scheduler v.2.3.0 created.
20:36:44.103 febs [main] INFO  o.s.s.quartz.LocalDataSourceJobStore - Using db table-based data access locking (synchronization).
20:36:44.107 febs [main] INFO  o.s.s.quartz.LocalDataSourceJobStore - JobStoreCMT initialized.
20:36:44.108 febs [main] INFO  org.quartz.core.QuartzScheduler - Scheduler meta-data: Quartz Scheduler (v2.3.0) 'MyScheduler' with instanceId 'DESKTOP-3M58MVV1582979804072'
  Scheduler class: 'org.quartz.core.QuartzScheduler' - running locally.
  NOT STARTED.
  Currently in standby mode.
  Number of jobs executed: 0
  Using thread pool 'org.quartz.simpl.SimpleThreadPool' - with 20 threads.
  Using job-store 'org.springframework.scheduling.quartz.LocalDataSourceJobStore' - which supports persistence. and is clustered.

20:36:44.109 febs [main] INFO  org.quartz.impl.StdSchedulerFactory - Quartz scheduler 'MyScheduler' initialized from an externally provided properties instance.
20:36:44.109 febs [main] INFO  org.quartz.impl.StdSchedulerFactory - Quartz scheduler version: 2.3.0
20:36:44.112 febs [main] INFO  org.quartz.core.QuartzScheduler - JobFactory set to: org.springframework.scheduling.quartz.AdaptableJobFactory@11787b64
20:36:44.314 febs [main] INFO  c.m.c.i.SqlStatementInterceptor - 【SQL语句Id】>>>> cc.mrbird.job.dao.JobMapper.queryList
20:36:44.314 febs [main] INFO  c.m.c.i.SqlStatementInterceptor - 【SQL语句耗时】>>>> 130 ms
20:36:44.314 febs [main] INFO  c.m.c.i.SqlStatementInterceptor - 【SQL语句】>>>> select job_id jobId,bean_name beanName,method_name methodName, params,cron_expression cronExpression,status,remark,create_time createTime from t_job order by job_id
20:36:50.352 febs [main] INFO  o.s.s.c.ThreadPoolTaskExecutor - Initializing ExecutorService  'taskExecutor'
20:36:50.844 febs [main] INFO  o.s.w.s.h.SimpleUrlHandlerMapping - Mapped URL path [/**/favicon.ico] onto handler of type [class org.springframework.web.servlet.resource.ResourceHttpRequestHandler]
20:36:52.036 febs [main] INFO  o.s.w.s.m.m.a.RequestMappingHandlerAdapter - Looking for @ControllerAdvice: org.springframework.boot.web.servlet.context.AnnotationConfigServletWebServerApplicationContext@69fb6037: startup date [Sat Feb 29 20:36:27 CST 2020]; root of context hierarchy
20:36:52.241 febs [main] INFO  o.s.w.s.m.m.a.RequestMappingHandlerMapping - Mapped "{[/common/download]}" onto public void cc.mrbird.common.controller.CommonController.fileDownload(java.lang.String,java.lang.Boolean,javax.servlet.http.HttpServletResponse) throws java.io.IOException,cc.mrbird.common.exception.FileDownloadException
20:36:52.246 febs [main] INFO  o.s.w.s.m.m.a.RequestMappingHandlerMapping - Mapped "{[/test],methods=[GET]}" onto public int cc.mrbird.common.controller.TestController.testLimiter()
20:36:52.252 febs [main] INFO  o.s.w.s.m.m.a.RequestMappingHandlerMapping - Mapped "{[/job]}" onto public java.lang.String cc.mrbird.job.controller.JobController.index()
20:36:52.254 febs [main] INFO  o.s.w.s.m.m.a.RequestMappingHandlerMapping - Mapped "{[/job/pause]}" onto public cc.mrbird.common.domain.ResponseBo cc.mrbird.job.controller.JobController.pauseJob(java.lang.String)
20:36:52.255 febs [main] INFO  o.s.w.s.m.m.a.RequestMappingHandlerMapping - Mapped "{[/job/add]}" onto public cc.mrbird.common.domain.ResponseBo cc.mrbird.job.controller.JobController.addJob(cc.mrbird.job.domain.Job)
20:36:52.255 febs [main] INFO  o.s.w.s.m.m.a.RequestMappingHandlerMapping - Mapped "{[/job/resume]}" onto public cc.mrbird.common.domain.ResponseBo cc.mrbird.job.controller.JobController.resumeJob(java.lang.String)
20:36:52.256 febs [main] INFO  o.s.w.s.m.m.a.RequestMappingHandlerMapping - Mapped "{[/job/delete]}" onto public cc.mrbird.common.domain.ResponseBo cc.mrbird.job.controller.JobController.deleteJob(java.lang.String)
20:36:52.258 febs [main] INFO  o.s.w.s.m.m.a.RequestMappingHandlerMapping - Mapped "{[/job/list]}" onto public java.util.Map<java.lang.String, java.lang.Object> cc.mrbird.job.controller.JobController.jobList(cc.mrbird.common.domain.QueryRequest,cc.mrbird.job.domain.Job)
20:36:52.260 febs [main] INFO  o.s.w.s.m.m.a.RequestMappingHandlerMapping - Mapped "{[/job/checkCron]}" onto public boolean cc.mrbird.job.controller.JobController.checkCron(java.lang.String)
20:36:52.261 febs [main] INFO  o.s.w.s.m.m.a.RequestMappingHandlerMapping - Mapped "{[/job/getJob]}" onto public cc.mrbird.common.domain.ResponseBo cc.mrbird.job.controller.JobController.getJob(java.lang.Long)
20:36:52.262 febs [main] INFO  o.s.w.s.m.m.a.RequestMappingHandlerMapping - Mapped "{[/job/excel]}" onto public cc.mrbird.common.domain.ResponseBo cc.mrbird.job.controller.JobController.jobExcel(cc.mrbird.job.domain.Job)
20:36:52.262 febs [main] INFO  o.s.w.s.m.m.a.RequestMappingHandlerMapping - Mapped "{[/job/getSysCronClazz]}" onto public cc.mrbird.common.domain.ResponseBo cc.mrbird.job.controller.JobController.getSysCronClazz(cc.mrbird.job.domain.Job)
20:36:52.263 febs [main] INFO  o.s.w.s.m.m.a.RequestMappingHandlerMapping - Mapped "{[/job/update]}" onto public cc.mrbird.common.domain.ResponseBo cc.mrbird.job.controller.JobController.updateJob(cc.mrbird.job.domain.Job)
20:36:52.263 febs [main] INFO  o.s.w.s.m.m.a.RequestMappingHandlerMapping - Mapped "{[/job/csv]}" onto public cc.mrbird.common.domain.ResponseBo cc.mrbird.job.controller.JobController.jobCsv(cc.mrbird.job.domain.Job)
20:36:52.264 febs [main] INFO  o.s.w.s.m.m.a.RequestMappingHandlerMapping - Mapped "{[/job/run]}" onto public cc.mrbird.common.domain.ResponseBo cc.mrbird.job.controller.JobController.runJob(java.lang.String)
20:36:52.267 febs [main] INFO  o.s.w.s.m.m.a.RequestMappingHandlerMapping - Mapped "{[/jobLog]}" onto public java.lang.String cc.mrbird.job.controller.JobLogController.index()
20:36:52.267 febs [main] INFO  o.s.w.s.m.m.a.RequestMappingHandlerMapping - Mapped "{[/jobLog/list]}" onto public java.util.Map<java.lang.String, java.lang.Object> cc.mrbird.job.controller.JobLogController.jobLogList(cc.mrbird.common.domain.QueryRequest,cc.mrbird.job.domain.JobLog)
20:36:52.267 febs [main] INFO  o.s.w.s.m.m.a.RequestMappingHandlerMapping - Mapped "{[/jobLog/delete]}" onto public cc.mrbird.common.domain.ResponseBo cc.mrbird.job.controller.JobLogController.deleteJobLog(java.lang.String)
20:36:52.268 febs [main] INFO  o.s.w.s.m.m.a.RequestMappingHandlerMapping - Mapped "{[/jobLog/excel]}" onto public cc.mrbird.common.domain.ResponseBo cc.mrbird.job.controller.JobLogController.jobLogExcel(cc.mrbird.job.domain.JobLog)
20:36:52.268 febs [main] INFO  o.s.w.s.m.m.a.RequestMappingHandlerMapping - Mapped "{[/jobLog/csv]}" onto public cc.mrbird.common.domain.ResponseBo cc.mrbird.job.controller.JobLogController.jobLogCsv(cc.mrbird.job.domain.JobLog)
20:36:52.271 febs [main] INFO  o.s.w.s.m.m.a.RequestMappingHandlerMapping - Mapped "{[/dept]}" onto public java.lang.String cc.mrbird.system.controller.DeptController.index()
20:36:52.271 febs [main] INFO  o.s.w.s.m.m.a.RequestMappingHandlerMapping - Mapped "{[/dept/delete]}" onto public cc.mrbird.common.domain.ResponseBo cc.mrbird.system.controller.DeptController.deleteDepts(java.lang.String)
20:36:52.271 febs [main] INFO  o.s.w.s.m.m.a.RequestMappingHandlerMapping - Mapped "{[/dept/update]}" onto public cc.mrbird.common.domain.ResponseBo cc.mrbird.system.controller.DeptController.updateRole(cc.mrbird.system.domain.Dept)
20:36:52.272 febs [main] INFO  o.s.w.s.m.m.a.RequestMappingHandlerMapping - Mapped "{[/dept/tree]}" onto public cc.mrbird.common.domain.ResponseBo cc.mrbird.system.controller.DeptController.getDeptTree()
20:36:52.272 febs [main] INFO  o.s.w.s.m.m.a.RequestMappingHandlerMapping - Mapped "{[/dept/getDept]}" onto public cc.mrbird.common.domain.ResponseBo cc.mrbird.system.controller.DeptController.getDept(java.lang.Long)
20:36:52.273 febs [main] INFO  o.s.w.s.m.m.a.RequestMappingHandlerMapping - Mapped "{[/dept/list]}" onto public java.util.List<cc.mrbird.system.domain.Dept> cc.mrbird.system.controller.DeptController.deptList(cc.mrbird.system.domain.Dept)
20:36:52.273 febs [main] INFO  o.s.w.s.m.m.a.RequestMappingHandlerMapping - Mapped "{[/dept/excel]}" onto public cc.mrbird.common.domain.ResponseBo cc.mrbird.system.controller.DeptController.deptExcel(cc.mrbird.system.domain.Dept)
20:36:52.273 febs [main] INFO  o.s.w.s.m.m.a.RequestMappingHandlerMapping - Mapped "{[/dept/csv]}" onto public cc.mrbird.common.domain.ResponseBo cc.mrbird.system.controller.DeptController.deptCsv(cc.mrbird.system.domain.Dept)
20:36:52.273 febs [main] INFO  o.s.w.s.m.m.a.RequestMappingHandlerMapping - Mapped "{[/dept/checkDeptName]}" onto public boolean cc.mrbird.system.controller.DeptController.checkDeptName(java.lang.String,java.lang.String)
20:36:52.274 febs [main] INFO  o.s.w.s.m.m.a.RequestMappingHandlerMapping - Mapped "{[/dept/add]}" onto public cc.mrbird.common.domain.ResponseBo cc.mrbird.system.controller.DeptController.addRole(cc.mrbird.system.domain.Dept)
20:36:52.275 febs [main] INFO  o.s.w.s.m.m.a.RequestMappingHandlerMapping - Mapped "{[/dict]}" onto public java.lang.String cc.mrbird.system.controller.DictController.index()
20:36:52.276 febs [main] INFO  o.s.w.s.m.m.a.RequestMappingHandlerMapping - Mapped "{[/dict/list]}" onto public java.util.Map<java.lang.String, java.lang.Object> cc.mrbird.system.controller.DictController.dictList(cc.mrbird.common.domain.QueryRequest,cc.mrbird.system.domain.Dict)
20:36:52.276 febs [main] INFO  o.s.w.s.m.m.a.RequestMappingHandlerMapping - Mapped "{[/dict/delete]}" onto public cc.mrbird.common.domain.ResponseBo cc.mrbird.system.controller.DictController.deleteDicts(java.lang.String)
20:36:52.276 febs [main] INFO  o.s.w.s.m.m.a.RequestMappingHandlerMapping - Mapped "{[/dict/excel]}" onto public cc.mrbird.common.domain.ResponseBo cc.mrbird.system.controller.DictController.dictExcel(cc.mrbird.system.domain.Dict)
20:36:52.277 febs [main] INFO  o.s.w.s.m.m.a.RequestMappingHandlerMapping - Mapped "{[/dict/update]}" onto public cc.mrbird.common.domain.ResponseBo cc.mrbird.system.controller.DictController.updateDict(cc.mrbird.system.domain.Dict)
20:36:52.277 febs [main] INFO  o.s.w.s.m.m.a.RequestMappingHandlerMapping - Mapped "{[/dict/csv]}" onto public cc.mrbird.common.domain.ResponseBo cc.mrbird.system.controller.DictController.dictCsv(cc.mrbird.system.domain.Dict)
20:36:52.278 febs [main] INFO  o.s.w.s.m.m.a.RequestMappingHandlerMapping - Mapped "{[/dict/getDict]}" onto public cc.mrbird.common.domain.ResponseBo cc.mrbird.system.controller.DictController.getDict(java.lang.Long)
20:36:52.278 febs [main] INFO  o.s.w.s.m.m.a.RequestMappingHandlerMapping - Mapped "{[/dict/add]}" onto public cc.mrbird.common.domain.ResponseBo cc.mrbird.system.controller.DictController.addDict(cc.mrbird.system.domain.Dict)
20:36:52.279 febs [main] INFO  o.s.w.s.m.m.a.RequestMappingHandlerMapping - Mapped "{[/log]}" onto public java.lang.String cc.mrbird.system.controller.LogController.index()
20:36:52.279 febs [main] INFO  o.s.w.s.m.m.a.RequestMappingHandlerMapping - Mapped "{[/log/list]}" onto public java.util.Map<java.lang.String, java.lang.Object> cc.mrbird.system.controller.LogController.logList(cc.mrbird.common.domain.QueryRequest,cc.mrbird.system.domain.SysLog)
20:36:52.279 febs [main] INFO  o.s.w.s.m.m.a.RequestMappingHandlerMapping - Mapped "{[/log/csv]}" onto public cc.mrbird.common.domain.ResponseBo cc.mrbird.system.controller.LogController.logCsv(cc.mrbird.system.domain.SysLog)
20:36:52.279 febs [main] INFO  o.s.w.s.m.m.a.RequestMappingHandlerMapping - Mapped "{[/log/delete]}" onto public cc.mrbird.common.domain.ResponseBo cc.mrbird.system.controller.LogController.deleteLogss(java.lang.String)
20:36:52.279 febs [main] INFO  o.s.w.s.m.m.a.RequestMappingHandlerMapping - Mapped "{[/log/excel]}" onto public cc.mrbird.common.domain.ResponseBo cc.mrbird.system.controller.LogController.logExcel(cc.mrbird.system.domain.SysLog)
20:36:52.283 febs [main] INFO  o.s.w.s.m.m.a.RequestMappingHandlerMapping - Mapped "{[/index]}" onto public java.lang.String cc.mrbird.system.controller.LoginController.index(org.springframework.ui.Model)
20:36:52.283 febs [main] INFO  o.s.w.s.m.m.a.RequestMappingHandlerMapping - Mapped "{[/403],methods=[GET]}" onto public java.lang.String cc.mrbird.system.controller.LoginController.forbid()
20:36:52.283 febs [main] INFO  o.s.w.s.m.m.a.RequestMappingHandlerMapping - Mapped "{[/]}" onto public java.lang.String cc.mrbird.system.controller.LoginController.redirectIndex()
20:36:52.284 febs [main] INFO  o.s.w.s.m.m.a.RequestMappingHandlerMapping - Mapped "{[/login],methods=[POST]}" onto public cc.mrbird.common.domain.ResponseBo cc.mrbird.system.controller.LoginController.login(java.lang.String,java.lang.String,java.lang.String,java.lang.Boolean)
20:36:52.284 febs [main] INFO  o.s.w.s.m.m.a.RequestMappingHandlerMapping - Mapped "{[/login],methods=[GET]}" onto public java.lang.String cc.mrbird.system.controller.LoginController.login()
20:36:52.284 febs [main] INFO  o.s.w.s.m.m.a.RequestMappingHandlerMapping - Mapped "{[/gifCode],methods=[GET]}" onto public void cc.mrbird.system.controller.LoginController.getGifCode(javax.servlet.http.HttpServletResponse,javax.servlet.http.HttpServletRequest)
20:36:52.286 febs [main] INFO  o.s.w.s.m.m.a.RequestMappingHandlerMapping - Mapped "{[/menu]}" onto public java.lang.String cc.mrbird.system.controller.MenuController.index()
20:36:52.287 febs [main] INFO  o.s.w.s.m.m.a.RequestMappingHandlerMapping - Mapped "{[/menu/checkMenuName]}" onto public boolean cc.mrbird.system.controller.MenuController.checkMenuName(java.lang.String,java.lang.String,java.lang.String)
20:36:52.287 febs [main] INFO  o.s.w.s.m.m.a.RequestMappingHandlerMapping - Mapped "{[/menu/update]}" onto public cc.mrbird.common.domain.ResponseBo cc.mrbird.system.controller.MenuController.updateMenu(cc.mrbird.system.domain.Menu)
20:36:52.288 febs [main] INFO  o.s.w.s.m.m.a.RequestMappingHandlerMapping - Mapped "{[/menu/list]}" onto public java.util.List<cc.mrbird.system.domain.Menu> cc.mrbird.system.controller.MenuController.menuList(cc.mrbird.system.domain.Menu)
20:36:52.288 febs [main] INFO  o.s.w.s.m.m.a.RequestMappingHandlerMapping - Mapped "{[/menu/tree]}" onto public cc.mrbird.common.domain.ResponseBo cc.mrbird.system.controller.MenuController.getMenuTree()
20:36:52.288 febs [main] INFO  o.s.w.s.m.m.a.RequestMappingHandlerMapping - Mapped "{[/menu/csv]}" onto public cc.mrbird.common.domain.ResponseBo cc.mrbird.system.controller.MenuController.menuCsv(cc.mrbird.system.domain.Menu)
20:36:52.289 febs [main] INFO  o.s.w.s.m.m.a.RequestMappingHandlerMapping - Mapped "{[/menu/excel]}" onto public cc.mrbird.common.domain.ResponseBo cc.mrbird.system.controller.MenuController.menuExcel(cc.mrbird.system.domain.Menu)
20:36:52.289 febs [main] INFO  o.s.w.s.m.m.a.RequestMappingHandlerMapping - Mapped "{[/menu/getUserMenu]}" onto public cc.mrbird.common.domain.ResponseBo cc.mrbird.system.controller.MenuController.getUserMenu(java.lang.String)
20:36:52.289 febs [main] INFO  o.s.w.s.m.m.a.RequestMappingHandlerMapping - Mapped "{[/menu/add]}" onto public cc.mrbird.common.domain.ResponseBo cc.mrbird.system.controller.MenuController.addMenu(cc.mrbird.system.domain.Menu)
20:36:52.289 febs [main] INFO  o.s.w.s.m.m.a.RequestMappingHandlerMapping - Mapped "{[/menu/delete]}" onto public cc.mrbird.common.domain.ResponseBo cc.mrbird.system.controller.MenuController.deleteMenus(java.lang.String)
20:36:52.289 febs [main] INFO  o.s.w.s.m.m.a.RequestMappingHandlerMapping - Mapped "{[/menu/menu]}" onto public cc.mrbird.common.domain.ResponseBo cc.mrbird.system.controller.MenuController.getMenu(java.lang.String)
20:36:52.290 febs [main] INFO  o.s.w.s.m.m.a.RequestMappingHandlerMapping - Mapped "{[/menu/getMenu]}" onto public cc.mrbird.common.domain.ResponseBo cc.mrbird.system.controller.MenuController.getMenu(java.lang.Long)
20:36:52.290 febs [main] INFO  o.s.w.s.m.m.a.RequestMappingHandlerMapping - Mapped "{[/menu/urlList],methods=[GET]}" onto public java.util.List<java.util.Map<java.lang.String, java.lang.String>> cc.mrbird.system.controller.MenuController.getAllUrl()
20:36:52.290 febs [main] INFO  o.s.w.s.m.m.a.RequestMappingHandlerMapping - Mapped "{[/menu/menuButtonTree]}" onto public cc.mrbird.common.domain.ResponseBo cc.mrbird.system.controller.MenuController.getMenuButtonTree()
20:36:52.292 febs [main] INFO  o.s.w.s.m.m.a.RequestMappingHandlerMapping - Mapped "{[/redis/get]}" onto public cc.mrbird.common.domain.ResponseBo cc.mrbird.system.controller.RedisController.get(java.lang.String)
20:36:52.293 febs [main] INFO  o.s.w.s.m.m.a.RequestMappingHandlerMapping - Mapped "{[/redis/keys]}" onto public cc.mrbird.common.domain.ResponseBo cc.mrbird.system.controller.RedisController.keys(java.lang.String)
20:36:52.293 febs [main] INFO  o.s.w.s.m.m.a.RequestMappingHandlerMapping - Mapped "{[/redis/set]}" onto public cc.mrbird.common.domain.ResponseBo cc.mrbird.system.controller.RedisController.set(java.lang.String)
20:36:52.294 febs [main] INFO  o.s.w.s.m.m.a.RequestMappingHandlerMapping - Mapped "{[/redis/exists]}" onto public cc.mrbird.common.domain.ResponseBo cc.mrbird.system.controller.RedisController.exists(java.lang.String)
20:36:52.294 febs [main] INFO  o.s.w.s.m.m.a.RequestMappingHandlerMapping - Mapped "{[/redis/del]}" onto public cc.mrbird.common.domain.ResponseBo cc.mrbird.system.controller.RedisController.del(java.lang.String)
20:36:52.294 febs [main] INFO  o.s.w.s.m.m.a.RequestMappingHandlerMapping - Mapped "{[/redis/terminal]}" onto public java.lang.String cc.mrbird.system.controller.RedisController.redisTerminal(org.springframework.ui.Model)
20:36:52.295 febs [main] INFO  o.s.w.s.m.m.a.RequestMappingHandlerMapping - Mapped "{[/redis/info]}" onto public java.lang.String cc.mrbird.system.controller.RedisController.getRedisInfo(org.springframework.ui.Model)
20:36:52.295 febs [main] INFO  o.s.w.s.m.m.a.RequestMappingHandlerMapping - Mapped "{[/redis/pttl]}" onto public cc.mrbird.common.domain.ResponseBo cc.mrbird.system.controller.RedisController.pttl(java.lang.String)
20:36:52.295 febs [main] INFO  o.s.w.s.m.m.a.RequestMappingHandlerMapping - Mapped "{[/redis/pexpire]}" onto public cc.mrbird.common.domain.ResponseBo cc.mrbird.system.controller.RedisController.pexpire(java.lang.String)
20:36:52.295 febs [main] INFO  o.s.w.s.m.m.a.RequestMappingHandlerMapping - Mapped "{[/redis/keysSize]}" onto public java.lang.String cc.mrbird.system.controller.RedisController.getKeysSize()
20:36:52.296 febs [main] INFO  o.s.w.s.m.m.a.RequestMappingHandlerMapping - Mapped "{[/redis/memoryInfo]}" onto public java.lang.String cc.mrbird.system.controller.RedisController.getMemoryInfo()
20:36:52.297 febs [main] INFO  o.s.w.s.m.m.a.RequestMappingHandlerMapping - Mapped "{[/role]}" onto public java.lang.String cc.mrbird.system.controller.RoleController.index()
20:36:52.297 febs [main] INFO  o.s.w.s.m.m.a.RequestMappingHandlerMapping - Mapped "{[/role/delete]}" onto public cc.mrbird.common.domain.ResponseBo cc.mrbird.system.controller.RoleController.deleteRoles(java.lang.String)
20:36:52.297 febs [main] INFO  o.s.w.s.m.m.a.RequestMappingHandlerMapping - Mapped "{[/role/excel]}" onto public cc.mrbird.common.domain.ResponseBo cc.mrbird.system.controller.RoleController.roleExcel(cc.mrbird.system.domain.Role)
20:36:52.298 febs [main] INFO  o.s.w.s.m.m.a.RequestMappingHandlerMapping - Mapped "{[/role/csv]}" onto public cc.mrbird.common.domain.ResponseBo cc.mrbird.system.controller.RoleController.roleCsv(cc.mrbird.system.domain.Role)
20:36:52.298 febs [main] INFO  o.s.w.s.m.m.a.RequestMappingHandlerMapping - Mapped "{[/role/checkRoleName]}" onto public boolean cc.mrbird.system.controller.RoleController.checkRoleName(java.lang.String,java.lang.String)
20:36:52.298 febs [main] INFO  o.s.w.s.m.m.a.RequestMappingHandlerMapping - Mapped "{[/role/getRole]}" onto public cc.mrbird.common.domain.ResponseBo cc.mrbird.system.controller.RoleController.getRole(java.lang.Long)
20:36:52.298 febs [main] INFO  o.s.w.s.m.m.a.RequestMappingHandlerMapping - Mapped "{[/role/update]}" onto public cc.mrbird.common.domain.ResponseBo cc.mrbird.system.controller.RoleController.updateRole(cc.mrbird.system.domain.Role,java.lang.Long[])
20:36:52.298 febs [main] INFO  o.s.w.s.m.m.a.RequestMappingHandlerMapping - Mapped "{[/role/list]}" onto public java.util.Map<java.lang.String, java.lang.Object> cc.mrbird.system.controller.RoleController.roleList(cc.mrbird.common.domain.QueryRequest,cc.mrbird.system.domain.Role)
20:36:52.298 febs [main] INFO  o.s.w.s.m.m.a.RequestMappingHandlerMapping - Mapped "{[/role/add]}" onto public cc.mrbird.common.domain.ResponseBo cc.mrbird.system.controller.RoleController.addRole(cc.mrbird.system.domain.Role,java.lang.Long[])
20:36:52.299 febs [main] INFO  o.s.w.s.m.m.a.RequestMappingHandlerMapping - Mapped "{[/session/list]}" onto public java.util.Map<java.lang.String, java.lang.Object> cc.mrbird.system.controller.SessionController.list()
20:36:52.299 febs [main] INFO  o.s.w.s.m.m.a.RequestMappingHandlerMapping - Mapped "{[/session]}" onto public java.lang.String cc.mrbird.system.controller.SessionController.online()
20:36:52.299 febs [main] INFO  o.s.w.s.m.m.a.RequestMappingHandlerMapping - Mapped "{[/session/forceLogout]}" onto public cc.mrbird.common.domain.ResponseBo cc.mrbird.system.controller.SessionController.forceLogout(java.lang.String)
20:36:52.301 febs [main] INFO  o.s.w.s.m.m.a.RequestMappingHandlerMapping - Mapped "{[/user]}" onto public java.lang.String cc.mrbird.system.controller.UserController.index(org.springframework.ui.Model)
20:36:52.301 febs [main] INFO  o.s.w.s.m.m.a.RequestMappingHandlerMapping - Mapped "{[/user/list]}" onto public java.util.Map<java.lang.String, java.lang.Object> cc.mrbird.system.controller.UserController.userList(cc.mrbird.common.domain.QueryRequest,cc.mrbird.system.domain.User)
20:36:52.302 febs [main] INFO  o.s.w.s.m.m.a.RequestMappingHandlerMapping - Mapped "{[/user/delete]}" onto public cc.mrbird.common.domain.ResponseBo cc.mrbird.system.controller.UserController.deleteUsers(java.lang.String)
20:36:52.303 febs [main] INFO  o.s.w.s.m.m.a.RequestMappingHandlerMapping - Mapped "{[/user/checkUserName]}" onto public boolean cc.mrbird.system.controller.UserController.checkUserName(java.lang.String,java.lang.String)
20:36:52.303 febs [main] INFO  o.s.w.s.m.m.a.RequestMappingHandlerMapping - Mapped "{[/user/csv]}" onto public cc.mrbird.common.domain.ResponseBo cc.mrbird.system.controller.UserController.userCsv(cc.mrbird.system.domain.User)
20:36:52.303 febs [main] INFO  o.s.w.s.m.m.a.RequestMappingHandlerMapping - Mapped "{[/user/getUser]}" onto public cc.mrbird.common.domain.ResponseBo cc.mrbird.system.controller.UserController.getUser(java.lang.Long)
20:36:52.303 febs [main] INFO  o.s.w.s.m.m.a.RequestMappingHandlerMapping - Mapped "{[/user/regist]}" onto public cc.mrbird.common.domain.ResponseBo cc.mrbird.system.controller.UserController.regist(cc.mrbird.system.domain.User)
20:36:52.303 febs [main] INFO  o.s.w.s.m.m.a.RequestMappingHandlerMapping - Mapped "{[/user/update]}" onto public cc.mrbird.common.domain.ResponseBo cc.mrbird.system.controller.UserController.updateUser(cc.mrbird.system.domain.User,java.lang.Long[])
20:36:52.304 febs [main] INFO  o.s.w.s.m.m.a.RequestMappingHandlerMapping - Mapped "{[/user/excel]}" onto public cc.mrbird.common.domain.ResponseBo cc.mrbird.system.controller.UserController.userExcel(cc.mrbird.system.domain.User)
20:36:52.304 febs [main] INFO  o.s.w.s.m.m.a.RequestMappingHandlerMapping - Mapped "{[/user/theme]}" onto public cc.mrbird.common.domain.ResponseBo cc.mrbird.system.controller.UserController.updateTheme(cc.mrbird.system.domain.User)
20:36:52.305 febs [main] INFO  o.s.w.s.m.m.a.RequestMappingHandlerMapping - Mapped "{[/user/getUserProfile]}" onto public cc.mrbird.common.domain.ResponseBo cc.mrbird.system.controller.UserController.getUserProfile(java.lang.Long)
20:36:52.305 febs [main] INFO  o.s.w.s.m.m.a.RequestMappingHandlerMapping - Mapped "{[/user/changeAvatar]}" onto public cc.mrbird.common.domain.ResponseBo cc.mrbird.system.controller.UserController.changeAvatar(java.lang.String)
20:36:52.305 febs [main] INFO  o.s.w.s.m.m.a.RequestMappingHandlerMapping - Mapped "{[/user/checkPassword]}" onto public boolean cc.mrbird.system.controller.UserController.checkPassword(java.lang.String)
20:36:52.306 febs [main] INFO  o.s.w.s.m.m.a.RequestMappingHandlerMapping - Mapped "{[/user/updatePassword]}" onto public cc.mrbird.common.domain.ResponseBo cc.mrbird.system.controller.UserController.updatePassword(java.lang.String)
20:36:52.306 febs [main] INFO  o.s.w.s.m.m.a.RequestMappingHandlerMapping - Mapped "{[/user/profile]}" onto public java.lang.String cc.mrbird.system.controller.UserController.profileIndex(org.springframework.ui.Model)
20:36:52.306 febs [main] INFO  o.s.w.s.m.m.a.RequestMappingHandlerMapping - Mapped "{[/user/add]}" onto public cc.mrbird.common.domain.ResponseBo cc.mrbird.system.controller.UserController.addUser(cc.mrbird.system.domain.User,java.lang.Long[])
20:36:52.307 febs [main] INFO  o.s.w.s.m.m.a.RequestMappingHandlerMapping - Mapped "{[/user/updateUserProfile]}" onto public cc.mrbird.common.domain.ResponseBo cc.mrbird.system.controller.UserController.updateUserProfile(cc.mrbird.system.domain.User)
20:36:52.308 febs [main] INFO  o.s.w.s.m.m.a.RequestMappingHandlerMapping - Mapped "{[/article]}" onto public java.lang.String cc.mrbird.web.controller.ArticleController.index()
20:36:52.309 febs [main] INFO  o.s.w.s.m.m.a.RequestMappingHandlerMapping - Mapped "{[/article/query]}" onto public cc.mrbird.common.domain.ResponseBo cc.mrbird.web.controller.ArticleController.queryArticle(java.lang.String)
20:36:52.311 febs [main] INFO  o.s.w.s.m.m.a.RequestMappingHandlerMapping - Mapped "{[/movie/getMovieHot]}" onto public cc.mrbird.common.domain.ResponseBo cc.mrbird.web.controller.MovieController.getMoiveHot()
20:36:52.311 febs [main] INFO  o.s.w.s.m.m.a.RequestMappingHandlerMapping - Mapped "{[/movie/comments]}" onto public cc.mrbird.common.domain.ResponseBo cc.mrbird.web.controller.MovieController.getComments(java.lang.String)
20:36:52.312 febs [main] INFO  o.s.w.s.m.m.a.RequestMappingHandlerMapping - Mapped "{[/movie/getMovieComing]}" onto public cc.mrbird.common.domain.ResponseBo cc.mrbird.web.controller.MovieController.getMovieComing()
20:36:52.312 febs [main] INFO  o.s.w.s.m.m.a.RequestMappingHandlerMapping - Mapped "{[/movie/coming]}" onto public java.lang.String cc.mrbird.web.controller.MovieController.movieComing()
20:36:52.312 febs [main] INFO  o.s.w.s.m.m.a.RequestMappingHandlerMapping - Mapped "{[/movie/detail]}" onto public cc.mrbird.common.domain.ResponseBo cc.mrbird.web.controller.MovieController.getDetail(java.lang.String)
20:36:52.312 febs [main] INFO  o.s.w.s.m.m.a.RequestMappingHandlerMapping - Mapped "{[/movie/hot]}" onto public java.lang.String cc.mrbird.web.controller.MovieController.movieHot()
20:36:52.313 febs [main] INFO  o.s.w.s.m.m.a.RequestMappingHandlerMapping - Mapped "{[/one/yuwenDetail]}" onto public cc.mrbird.common.domain.ResponseBo cc.mrbird.web.controller.OneIsAllController.getYuwenDetail(java.lang.String,java.lang.String)
20:36:52.314 febs [main] INFO  o.s.w.s.m.m.a.RequestMappingHandlerMapping - Mapped "{[/one/yuwen]}" onto public java.lang.String cc.mrbird.web.controller.OneIsAllController.yuwenIndex()
20:36:52.314 febs [main] INFO  o.s.w.s.m.m.a.RequestMappingHandlerMapping - Mapped "{[/one/readingList]}" onto public cc.mrbird.common.domain.ResponseBo cc.mrbird.web.controller.OneIsAllController.getReadingList()
20:36:52.314 febs [main] INFO  o.s.w.s.m.m.a.RequestMappingHandlerMapping - Mapped "{[/one/essayDetail]}" onto public cc.mrbird.common.domain.ResponseBo cc.mrbird.web.controller.OneIsAllController.getEssayDetail(java.lang.String,java.lang.String)
20:36:52.314 febs [main] INFO  o.s.w.s.m.m.a.RequestMappingHandlerMapping - Mapped "{[/one/essayComments]}" onto public cc.mrbird.common.domain.ResponseBo cc.mrbird.web.controller.OneIsAllController.getEssayComments(java.lang.String)
20:36:52.315 febs [main] INFO  o.s.w.s.m.m.a.RequestMappingHandlerMapping - Mapped "{[/one/yuwenComments]}" onto public cc.mrbird.common.domain.ResponseBo cc.mrbird.web.controller.OneIsAllController.getYuwenComments(java.lang.String)
20:36:52.315 febs [main] INFO  o.s.w.s.m.m.a.RequestMappingHandlerMapping - Mapped "{[/one/painting]}" onto public java.lang.String cc.mrbird.web.controller.OneIsAllController.paintIndex()
20:36:52.315 febs [main] INFO  o.s.w.s.m.m.a.RequestMappingHandlerMapping - Mapped "{[/one/oneList]}" onto public cc.mrbird.common.domain.ResponseBo cc.mrbird.web.controller.OneIsAllController.getOneList()
20:36:52.315 febs [main] INFO  o.s.w.s.m.m.a.RequestMappingHandlerMapping - Mapped "{[/one/essay]}" onto public java.lang.String cc.mrbird.web.controller.OneIsAllController.essayIndex()
20:36:52.316 febs [main] INFO  o.s.w.s.m.m.a.RequestMappingHandlerMapping - Mapped "{[/weather]}" onto public java.lang.String cc.mrbird.web.controller.WeatherController.weather()
20:36:52.316 febs [main] INFO  o.s.w.s.m.m.a.RequestMappingHandlerMapping - Mapped "{[/weather/query]}" onto public cc.mrbird.common.domain.ResponseBo cc.mrbird.web.controller.WeatherController.queryWeather(java.lang.String)
20:36:52.320 febs [main] INFO  o.s.w.s.m.m.a.RequestMappingHandlerMapping - Mapped "{[/error]}" onto public org.springframework.http.ResponseEntity<java.util.Map<java.lang.String, java.lang.Object>> org.springframework.boot.autoconfigure.web.servlet.error.BasicErrorController.error(javax.servlet.http.HttpServletRequest)
20:36:52.323 febs [main] INFO  o.s.w.s.m.m.a.RequestMappingHandlerMapping - Mapped "{[/error],produces=[text/html]}" onto public org.springframework.web.servlet.ModelAndView org.springframework.boot.autoconfigure.web.servlet.error.BasicErrorController.errorHtml(javax.servlet.http.HttpServletRequest,javax.servlet.http.HttpServletResponse)
20:36:52.437 febs [main] INFO  o.s.w.s.h.SimpleUrlHandlerMapping - Mapped URL path [/webjars/**] onto handler of type [class org.springframework.web.servlet.resource.ResourceHttpRequestHandler]
20:36:52.438 febs [main] INFO  o.s.w.s.h.SimpleUrlHandlerMapping - Mapped URL path [/**] onto handler of type [class org.springframework.web.servlet.resource.ResourceHttpRequestHandler]
20:36:52.517 febs [main] INFO  o.s.w.s.m.m.a.ExceptionHandlerExceptionResolver - Detected @ExceptionHandler methods in globalExceptionHandler
20:36:52.852 febs [main] INFO  o.s.b.a.w.s.WelcomePageHandlerMapping - Adding welcome page template: index
20:36:55.346 febs [main] INFO  o.s.j.e.a.AnnotationMBeanExporter - Registering beans for JMX exposure on startup
20:36:55.350 febs [main] INFO  o.s.j.e.a.AnnotationMBeanExporter - Bean with name 'statFilter' has been autodetected for JMX exposure
20:36:55.350 febs [main] INFO  o.s.j.e.a.AnnotationMBeanExporter - Bean with name 'dataSource' has been autodetected for JMX exposure
20:36:55.358 febs [main] INFO  o.s.j.e.a.AnnotationMBeanExporter - Located MBean 'dataSource': registering with JMX server as MBean [com.alibaba.druid.spring.boot.autoconfigure:name=dataSource,type=DruidDataSourceWrapper]
20:36:55.359 febs [main] INFO  o.s.j.e.a.AnnotationMBeanExporter - Located MBean 'statFilter': registering with JMX server as MBean [com.alibaba.druid.filter.stat:name=statFilter,type=StatFilter]
20:36:55.386 febs [main] INFO  o.s.c.s.DefaultLifecycleProcessor - Starting beans in phase 2147483647
20:36:55.386 febs [main] INFO  o.s.s.quartz.SchedulerFactoryBean - Will start Quartz Scheduler [MyScheduler] in 1 seconds
20:36:55.400 febs [main] INFO  o.a.coyote.http11.Http11NioProtocol - Starting ProtocolHandler ["http-nio-8080"]
20:36:55.441 febs [main] INFO  o.a.tomcat.util.net.NioSelectorPool - Using a shared selector for servlet write/read
20:36:55.493 febs [main] INFO  o.s.b.w.e.tomcat.TomcatWebServer - Tomcat started on port(s): 8080 (http) with context path ''
20:36:55.505 febs [main] INFO  cc.mrbird.Application - Started Application in 31.015 seconds (JVM running for 33.017)
20:36:55.515 febs [main] INFO  cc.mrbird.Application - 《《《《《《 FEBS started up successfully at 2020-02-29 20:36:55.515 》》》》》》
20:36:56.387 febs [Quartz Scheduler [MyScheduler]] INFO  o.s.s.quartz.SchedulerFactoryBean - Starting Quartz Scheduler now, after delay of 1 seconds
20:36:56.590 febs [Quartz Scheduler [MyScheduler]] INFO  org.quartz.core.QuartzScheduler - Scheduler MyScheduler_$_DESKTOP-3M58MVV1582979804072 started.
20:38:34.929 febs [http-nio-8080-exec-1] INFO  o.a.c.c.C.[Tomcat].[localhost].[/] - Initializing Spring FrameworkServlet 'dispatcherServlet'
20:38:34.929 febs [http-nio-8080-exec-1] INFO  o.s.web.servlet.DispatcherServlet - FrameworkServlet 'dispatcherServlet': initialization started
20:38:34.983 febs [http-nio-8080-exec-1] INFO  o.s.web.servlet.DispatcherServlet - FrameworkServlet 'dispatcherServlet': initialization completed in 54 ms
20:38:35.076 febs [http-nio-8080-exec-1] INFO  o.a.s.s.m.AbstractValidatingSessionManager - Enabling session validation scheduler...
20:38:54.070 febs [asyncTaskExecutor-1] INFO  c.m.c.i.SqlStatementInterceptor - 【SQL语句Id】>>>> cc.mrbird.system.dao.LogMapper.insert
20:38:54.070 febs [asyncTaskExecutor-1] INFO  c.m.c.i.SqlStatementInterceptor - 【SQL语句耗时】>>>> 311 ms
20:38:54.070 febs [asyncTaskExecutor-1] INFO  c.m.c.i.SqlStatementInterceptor - 【SQL语句】>>>> INSERT INTO t_log ( ID,USERNAME,OPERATION,TIME,METHOD,PARAMS,IP,CREATE_TIME,LOCATION ) VALUES( 1201,'root','访问系统',2,'cc.mrbird.system.controller.LoginController.index()','user: "User{userId=167, username='root', password='8069623ec3096117c7fc2a5a9409804a', deptId=null, deptName='null', email='null', mobile='null', status='1', crateTime=Fri Apr 05 22:08:47 CST 2019, modifyTime=null, lastLoginTime=Mon Aug 19 11:35:43 CST 2019, ssex='2', theme='green', avatar='default.jpg', description='null', roleName='null'}"  org.springframework.validation.BindingResult.user: "org.springframework.validation.BeanPropertyBindingResult: 0 errors"','127.0.0.1','2020-2-29 20:38:54','内网IP|0|0|内网IP|内网IP' )
20:38:55.317 febs [http-nio-8080-exec-7] INFO  c.m.c.i.SqlStatementInterceptor - 【SQL语句Id】>>>> cc.mrbird.system.dao.MenuMapper.findUserMenus
20:38:55.317 febs [http-nio-8080-exec-7] INFO  c.m.c.i.SqlStatementInterceptor - 【SQL语句耗时】>>>> 42 ms
20:38:55.317 febs [http-nio-8080-exec-7] INFO  c.m.c.i.SqlStatementInterceptor - 【SQL语句】>>>> select m.* from t_menu m where m.type <> 1 and m.MENU_ID in (select distinct rm.menu_id from t_role_menu rm left join t_role r on(rm.role_id = r.role_id) left join t_user_role ur on(ur.role_id = r.role_id) left join t_user u on (u.user_id = ur.user_id) where u.username = 'root') order by m.create_time
20:39:03.756 febs [http-nio-8080-exec-3] INFO  c.m.c.i.SqlStatementInterceptor - 【SQL语句Id】>>>> cc.mrbird.system.dao.RoleMapper.findUserRole
20:39:03.756 febs [http-nio-8080-exec-3] INFO  c.m.c.i.SqlStatementInterceptor - 【SQL语句耗时】>>>> 27 ms
20:39:03.756 febs [http-nio-8080-exec-3] INFO  c.m.c.i.SqlStatementInterceptor - 【SQL语句】>>>> select r.* from t_role r left join t_user_role ur on(r.role_id = ur.role_id) left join t_user u on(u.user_id = ur.user_id) where u.username = 'root'
20:39:03.771 febs [http-nio-8080-exec-3] INFO  c.m.c.i.SqlStatementInterceptor - 【SQL语句Id】>>>> cc.mrbird.system.dao.MenuMapper.findUserPermissions
20:39:03.771 febs [http-nio-8080-exec-3] INFO  c.m.c.i.SqlStatementInterceptor - 【SQL语句耗时】>>>> 13 ms
20:39:03.771 febs [http-nio-8080-exec-3] INFO  c.m.c.i.SqlStatementInterceptor - 【SQL语句】>>>> select m.perms from t_role r left join t_user_role ur on(r.role_id = ur.role_id) left join t_user u on(u.user_id = ur.user_id) left join t_role_menu rm on(rm.role_id = r.role_id) left join t_menu m on(m.menu_id = rm.menu_id ) where u.username = 'root' and m.perms is not null and m.perms <> ''
20:39:04.362 febs [http-nio-8080-exec-10] INFO  c.m.c.i.SqlStatementInterceptor - 【SQL语句Id】>>>> cc.mrbird.system.dao.DeptMapper.selectByExample
20:39:04.362 febs [http-nio-8080-exec-10] INFO  c.m.c.i.SqlStatementInterceptor - 【SQL语句耗时】>>>> 229 ms
20:39:04.362 febs [http-nio-8080-exec-10] INFO  c.m.c.i.SqlStatementInterceptor - 【SQL语句】>>>> SELECT DEPT_ID,PARENT_ID,DEPT_NAME,ORDER_NUM,CREATE_TIME FROM t_dept order by dept_id
20:39:04.537 febs [http-nio-8080-exec-2] INFO  c.m.c.i.SqlStatementInterceptor - 【SQL语句Id】>>>> cc.mrbird.system.dao.RoleMapper.selectByExample_COUNT
20:39:04.537 febs [http-nio-8080-exec-2] INFO  c.m.c.i.SqlStatementInterceptor - 【SQL语句耗时】>>>> 20 ms
20:39:04.537 febs [http-nio-8080-exec-2] INFO  c.m.c.i.SqlStatementInterceptor - 【SQL语句】>>>> SELECT ROLE_ID,ROLE_NAME,REMARK,CREATE_TIME,MODIFY_TIME FROM t_role order by create_time
20:39:04.554 febs [http-nio-8080-exec-2] INFO  c.m.c.i.SqlStatementInterceptor - 【SQL语句Id】>>>> cc.mrbird.system.dao.RoleMapper.selectByExample
20:39:04.554 febs [http-nio-8080-exec-2] INFO  c.m.c.i.SqlStatementInterceptor - 【SQL语句耗时】>>>> 16 ms
20:39:04.554 febs [http-nio-8080-exec-2] INFO  c.m.c.i.SqlStatementInterceptor - 【SQL语句】>>>> SELECT ROLE_ID,ROLE_NAME,REMARK,CREATE_TIME,MODIFY_TIME FROM t_role order by create_time
20:39:04.727 febs [asyncTaskExecutor-2] INFO  c.m.c.i.SqlStatementInterceptor - 【SQL语句Id】>>>> cc.mrbird.system.dao.LogMapper.insert
20:39:04.728 febs [asyncTaskExecutor-2] INFO  c.m.c.i.SqlStatementInterceptor - 【SQL语句耗时】>>>> 140 ms
20:39:04.728 febs [asyncTaskExecutor-2] INFO  c.m.c.i.SqlStatementInterceptor - 【SQL语句】>>>> INSERT INTO t_log ( ID,USERNAME,OPERATION,TIME,METHOD,PARAMS,IP,CREATE_TIME,LOCATION ) VALUES( 1202,'root','获取用户信息',129,'cc.mrbird.system.controller.UserController.userList()','request: "QueryRequest{pageSize=10, pageNum=1}"  user: "User{userId=null, username='', password='null', deptId=null, deptName='null', email='null', mobile='null', status='', crateTime=null, modifyTime=null, lastLoginTime=null, ssex='', theme='null', avatar='null', description='null', roleName='null'}"','127.0.0.1','2020-2-29 20:39:04','内网IP|0|0|内网IP|内网IP' )
