08:41:55.772 febs [main] INFO  cc.mrbird.Application - Starting Application v2.0 on localhost.localdomain with PID 786 (/home/ztszm/git/FEBS/target/docker/febs.jar started by root in /home/ztszm/git/FEBS/target/docker)
08:41:55.804 febs [main] INFO  cc.mrbird.Application - No active profile set, falling back to default profiles: default
08:41:56.161 febs [main] INFO  o.s.b.w.s.c.AnnotationConfigServletWebServerApplicationContext - Refreshing org.springframework.boot.web.servlet.context.AnnotationConfigServletWebServerApplicationContext@3d24753a: startup date [Sat Apr 06 08:41:56 CST 2019]; root of context hierarchy
08:41:59.137 febs [main] INFO  o.s.b.f.s.DefaultListableBeanFactory - Overriding bean definition for bean 'shiroRealm' with a different definition: replacing [Generic bean: class [cc.mrbird.common.shiro.ShiroRealm]; scope=singleton; abstract=false; lazyInit=false; autowireMode=0; dependencyCheck=0; autowireCandidate=true; primary=false; factoryBeanName=null; factoryMethodName=null; initMethodName=null; destroyMethodName=null; defined in URL [jar:file:/home/ztszm/git/FEBS/target/docker/febs.jar!/BOOT-INF/classes!/cc/mrbird/common/shiro/ShiroRealm.class]] with [Root bean: class [null]; scope=; abstract=false; lazyInit=false; autowireMode=3; dependencyCheck=0; autowireCandidate=true; primary=false; factoryBeanName=shiroConfig; factoryMethodName=shiroRealm; initMethodName=null; destroyMethodName=(inferred); defined in class path resource [cc/mrbird/common/shiro/ShiroConfig.class]]
08:41:59.877 febs [main] INFO  o.s.d.r.c.RepositoryConfigurationDelegate - Multiple Spring Data modules found, entering strict repository configuration mode!
08:42:02.086 febs [main] INFO  c.u.j.c.EnableEncryptablePropertiesBeanFactoryPostProcessor - Post-processing PropertySource instances
08:42:02.417 febs [main] INFO  c.u.j.EncryptablePropertySourceConverter - Converting PropertySource configurationProperties [org.springframework.boot.context.properties.source.ConfigurationPropertySourcesPropertySource] to AOP Proxy
08:42:02.424 febs [main] INFO  c.u.j.EncryptablePropertySourceConverter - Converting PropertySource servletConfigInitParams [org.springframework.core.env.PropertySource$StubPropertySource] to EncryptablePropertySourceWrapper
08:42:02.430 febs [main] INFO  c.u.j.EncryptablePropertySourceConverter - Converting PropertySource servletContextInitParams [org.springframework.core.env.PropertySource$StubPropertySource] to EncryptablePropertySourceWrapper
08:42:02.435 febs [main] INFO  c.u.j.EncryptablePropertySourceConverter - Converting PropertySource systemProperties [org.springframework.core.env.MapPropertySource] to EncryptableMapPropertySourceWrapper
08:42:02.441 febs [main] INFO  c.u.j.EncryptablePropertySourceConverter - Converting PropertySource systemEnvironment [org.springframework.boot.env.SystemEnvironmentPropertySourceEnvironmentPostProcessor$OriginAwareSystemEnvironmentPropertySource] to EncryptableMapPropertySourceWrapper
08:42:02.446 febs [main] INFO  c.u.j.EncryptablePropertySourceConverter - Converting PropertySource random [org.springframework.boot.env.RandomValuePropertySource] to EncryptablePropertySourceWrapper
08:42:02.451 febs [main] INFO  c.u.j.EncryptablePropertySourceConverter - Converting PropertySource applicationConfig: [classpath:/application.yml] [org.springframework.boot.env.OriginTrackedMapPropertySource] to EncryptableMapPropertySourceWrapper
08:42:02.607 febs [main] INFO  o.s.c.s.PostProcessorRegistrationDelegate$BeanPostProcessorChecker - Bean 'asyncExecutorPoolConfig' of type [cc.mrbird.common.config.AsyncExecutorPoolConfig$$EnhancerBySpringCGLIB$$1527774e] is not eligible for getting processed by all BeanPostProcessors (for example: not eligible for auto-proxying)
08:42:02.767 febs [main] INFO  c.u.j.f.DefaultLazyPropertyFilter - Property Filter custom Bean not found with name 'encryptablePropertyFilter'. Initializing Default Property Filter
08:42:02.801 febs [main] INFO  o.s.c.s.PostProcessorRegistrationDelegate$BeanPostProcessorChecker - Bean 'com.alibaba.druid.spring.boot.autoconfigure.stat.DruidSpringAopConfiguration' of type [com.alibaba.druid.spring.boot.autoconfigure.stat.DruidSpringAopConfiguration] is not eligible for getting processed by all BeanPostProcessors (for example: not eligible for auto-proxying)
08:42:03.176 febs [main] INFO  o.s.c.s.PostProcessorRegistrationDelegate$BeanPostProcessorChecker - Bean 'org.springframework.boot.context.properties.ConversionServiceDeducer$Factory' of type [org.springframework.boot.context.properties.ConversionServiceDeducer$Factory] is not eligible for getting processed by all BeanPostProcessors (for example: not eligible for auto-proxying)
08:42:03.478 febs [main] INFO  c.u.j.r.DefaultLazyPropertyResolver - Property Resolver custom Bean not found with name 'encryptablePropertyResolver'. Initializing Default Property Resolver
08:42:03.510 febs [main] INFO  c.u.j.d.DefaultLazyPropertyDetector - Property Detector custom Bean not found with name 'encryptablePropertyDetector'. Initializing Default Property Detector
08:42:03.554 febs [main] INFO  o.s.c.s.PostProcessorRegistrationDelegate$BeanPostProcessorChecker - Bean 'spring.datasource.druid-com.alibaba.druid.spring.boot.autoconfigure.properties.DruidStatProperties' of type [com.alibaba.druid.spring.boot.autoconfigure.properties.DruidStatProperties] is not eligible for getting processed by all BeanPostProcessors (for example: not eligible for auto-proxying)
08:42:03.612 febs [main] INFO  o.s.c.s.PostProcessorRegistrationDelegate$BeanPostProcessorChecker - Bean 'advisor' of type [org.springframework.aop.support.RegexpMethodPointcutAdvisor] is not eligible for getting processed by all BeanPostProcessors (for example: not eligible for auto-proxying)
08:42:03.667 febs [main] INFO  o.s.c.s.PostProcessorRegistrationDelegate$BeanPostProcessorChecker - Bean 'redisConfig' of type [cc.mrbird.common.config.RedisConfig$$EnhancerBySpringCGLIB$$6ed1e21e] is not eligible for getting processed by all BeanPostProcessors (for example: not eligible for auto-proxying)
08:42:03.782 febs [main] INFO  o.s.c.s.PostProcessorRegistrationDelegate$BeanPostProcessorChecker - Bean 'org.springframework.transaction.annotation.ProxyTransactionManagementConfiguration' of type [org.springframework.transaction.annotation.ProxyTransactionManagementConfiguration$$EnhancerBySpringCGLIB$$89edec07] is not eligible for getting processed by all BeanPostProcessors (for example: not eligible for auto-proxying)
08:42:03.909 febs [main] INFO  o.s.c.s.PostProcessorRegistrationDelegate$BeanPostProcessorChecker - Bean 'febsProperties' of type [cc.mrbird.common.config.FebsProperties$$EnhancerBySpringCGLIB$$67a783da] is not eligible for getting processed by all BeanPostProcessors (for example: not eligible for auto-proxying)
08:42:03.928 febs [main] INFO  o.s.c.s.PostProcessorRegistrationDelegate$BeanPostProcessorChecker - Bean 'shiroConfig' of type [cc.mrbird.common.shiro.ShiroConfig$$EnhancerBySpringCGLIB$$95457241] is not eligible for getting processed by all BeanPostProcessors (for example: not eligible for auto-proxying)
08:42:04.796 febs [main] INFO  o.s.c.s.PostProcessorRegistrationDelegate$BeanPostProcessorChecker - Bean 'mybatis-org.mybatis.spring.boot.autoconfigure.MybatisProperties' of type [org.mybatis.spring.boot.autoconfigure.MybatisProperties] is not eligible for getting processed by all BeanPostProcessors (for example: not eligible for auto-proxying)
08:42:04.832 febs [main] INFO  o.s.c.s.PostProcessorRegistrationDelegate$BeanPostProcessorChecker - Bean 'myBatisConfig' of type [cc.mrbird.common.config.MyBatisConfig$$EnhancerBySpringCGLIB$$a5e4de16] is not eligible for getting processed by all BeanPostProcessors (for example: not eligible for auto-proxying)
08:42:04.852 febs [main] INFO  o.s.c.s.PostProcessorRegistrationDelegate$BeanPostProcessorChecker - Bean 'sqlStatementInterceptor' of type [cc.mrbird.common.interceptor.SqlStatementInterceptor] is not eligible for getting processed by all BeanPostProcessors (for example: not eligible for auto-proxying)
08:42:04.879 febs [main] INFO  o.s.c.s.PostProcessorRegistrationDelegate$BeanPostProcessorChecker - Bean 'org.mybatis.spring.boot.autoconfigure.MybatisAutoConfiguration' of type [org.mybatis.spring.boot.autoconfigure.MybatisAutoConfiguration$$EnhancerBySpringCGLIB$$bcc23d37] is not eligible for getting processed by all BeanPostProcessors (for example: not eligible for auto-proxying)
08:42:04.906 febs [main] INFO  o.s.c.s.PostProcessorRegistrationDelegate$BeanPostProcessorChecker - Bean 'com.alibaba.druid.spring.boot.autoconfigure.DruidDataSourceAutoConfigure' of type [com.alibaba.druid.spring.boot.autoconfigure.DruidDataSourceAutoConfigure$$EnhancerBySpringCGLIB$$a399e179] is not eligible for getting processed by all BeanPostProcessors (for example: not eligible for auto-proxying)
08:42:04.927 febs [main] INFO  c.a.d.s.b.a.DruidDataSourceAutoConfigure - Init DruidDataSource
08:42:05.183 febs [main] INFO  o.s.c.s.PostProcessorRegistrationDelegate$BeanPostProcessorChecker - Bean 'spring.datasource-org.springframework.boot.autoconfigure.jdbc.DataSourceProperties' of type [org.springframework.boot.autoconfigure.jdbc.DataSourceProperties] is not eligible for getting processed by all BeanPostProcessors (for example: not eligible for auto-proxying)
08:42:05.234 febs [main] INFO  o.s.c.s.PostProcessorRegistrationDelegate$BeanPostProcessorChecker - Bean 'com.alibaba.druid.spring.boot.autoconfigure.stat.DruidFilterConfiguration' of type [com.alibaba.druid.spring.boot.autoconfigure.stat.DruidFilterConfiguration] is not eligible for getting processed by all BeanPostProcessors (for example: not eligible for auto-proxying)
08:42:05.355 febs [main] INFO  o.s.c.s.PostProcessorRegistrationDelegate$BeanPostProcessorChecker - Bean 'statFilter' of type [com.alibaba.druid.filter.stat.StatFilter] is not eligible for getting processed by all BeanPostProcessors (for example: not eligible for auto-proxying)
08:42:09.755 febs [main] INFO  c.alibaba.druid.pool.DruidDataSource - {dataSource-1} inited
08:42:09.763 febs [main] INFO  o.s.c.s.PostProcessorRegistrationDelegate$BeanPostProcessorChecker - Bean 'dataSource' of type [com.alibaba.druid.spring.boot.autoconfigure.DruidDataSourceWrapper] is not eligible for getting processed by all BeanPostProcessors (for example: not eligible for auto-proxying)
08:42:09.926 febs [main] INFO  o.s.c.s.PostProcessorRegistrationDelegate$BeanPostProcessorChecker - Bean 'org.springframework.boot.autoconfigure.jdbc.DataSourceInitializerInvoker' of type [org.springframework.boot.autoconfigure.jdbc.DataSourceInitializerInvoker] is not eligible for getting processed by all BeanPostProcessors (for example: not eligible for auto-proxying)
08:42:11.581 febs [main] INFO  o.s.c.s.PostProcessorRegistrationDelegate$BeanPostProcessorChecker - Bean 'sqlSessionFactory' of type [org.apache.ibatis.session.defaults.DefaultSqlSessionFactory] is not eligible for getting processed by all BeanPostProcessors (for example: not eligible for auto-proxying)
08:42:11.660 febs [main] INFO  o.s.c.s.PostProcessorRegistrationDelegate$BeanPostProcessorChecker - Bean 'sqlSessionTemplate' of type [org.mybatis.spring.SqlSessionTemplate] is not eligible for getting processed by all BeanPostProcessors (for example: not eligible for auto-proxying)
08:42:11.695 febs [main] INFO  o.s.c.s.PostProcessorRegistrationDelegate$BeanPostProcessorChecker - Bean 'userMapper' of type [org.mybatis.spring.mapper.MapperFactoryBean] is not eligible for getting processed by all BeanPostProcessors (for example: not eligible for auto-proxying)
08:42:11.727 febs [main] INFO  o.s.c.s.PostProcessorRegistrationDelegate$BeanPostProcessorChecker - Bean 'userMapper' of type [com.sun.proxy.$Proxy96] is not eligible for getting processed by all BeanPostProcessors (for example: not eligible for auto-proxying)
08:42:11.764 febs [main] INFO  o.s.c.s.PostProcessorRegistrationDelegate$BeanPostProcessorChecker - Bean 'userRoleMapper' of type [org.mybatis.spring.mapper.MapperFactoryBean] is not eligible for getting processed by all BeanPostProcessors (for example: not eligible for auto-proxying)
08:42:11.777 febs [main] INFO  o.s.c.s.PostProcessorRegistrationDelegate$BeanPostProcessorChecker - Bean 'userRoleMapper' of type [com.sun.proxy.$Proxy98] is not eligible for getting processed by all BeanPostProcessors (for example: not eligible for auto-proxying)
08:42:11.806 febs [main] INFO  o.s.c.s.PostProcessorRegistrationDelegate$BeanPostProcessorChecker - Bean 'userRoleService' of type [cc.mrbird.system.service.impl.UserRoleServiceImpl] is not eligible for getting processed by all BeanPostProcessors (for example: not eligible for auto-proxying)
08:42:11.898 febs [main] INFO  o.s.c.s.PostProcessorRegistrationDelegate$BeanPostProcessorChecker - Bean 'userService' of type [cc.mrbird.system.service.impl.UserServiceImpl] is not eligible for getting processed by all BeanPostProcessors (for example: not eligible for auto-proxying)
08:42:12.007 febs [main] INFO  o.s.c.s.PostProcessorRegistrationDelegate$BeanPostProcessorChecker - Bean 'roleMapper' of type [org.mybatis.spring.mapper.MapperFactoryBean] is not eligible for getting processed by all BeanPostProcessors (for example: not eligible for auto-proxying)
08:42:12.022 febs [main] INFO  o.s.c.s.PostProcessorRegistrationDelegate$BeanPostProcessorChecker - Bean 'roleMapper' of type [com.sun.proxy.$Proxy104] is not eligible for getting processed by all BeanPostProcessors (for example: not eligible for auto-proxying)
08:42:12.055 febs [main] INFO  o.s.c.s.PostProcessorRegistrationDelegate$BeanPostProcessorChecker - Bean 'roleMenuMapper' of type [org.mybatis.spring.mapper.MapperFactoryBean] is not eligible for getting processed by all BeanPostProcessors (for example: not eligible for auto-proxying)
08:42:12.072 febs [main] INFO  o.s.c.s.PostProcessorRegistrationDelegate$BeanPostProcessorChecker - Bean 'roleMenuMapper' of type [com.sun.proxy.$Proxy105] is not eligible for getting processed by all BeanPostProcessors (for example: not eligible for auto-proxying)
08:42:12.101 febs [main] INFO  o.s.c.s.PostProcessorRegistrationDelegate$BeanPostProcessorChecker - Bean 'roleMenuService' of type [cc.mrbird.system.service.impl.RoleMenuServiceImpl] is not eligible for getting processed by all BeanPostProcessors (for example: not eligible for auto-proxying)
08:42:12.151 febs [main] INFO  o.s.c.s.PostProcessorRegistrationDelegate$BeanPostProcessorChecker - Bean 'roleService' of type [cc.mrbird.system.service.impl.RoleServiceImpl] is not eligible for getting processed by all BeanPostProcessors (for example: not eligible for auto-proxying)
08:42:12.248 febs [main] INFO  o.s.c.s.PostProcessorRegistrationDelegate$BeanPostProcessorChecker - Bean 'menuMapper' of type [org.mybatis.spring.mapper.MapperFactoryBean] is not eligible for getting processed by all BeanPostProcessors (for example: not eligible for auto-proxying)
08:42:12.260 febs [main] INFO  o.s.c.s.PostProcessorRegistrationDelegate$BeanPostProcessorChecker - Bean 'menuMapper' of type [com.sun.proxy.$Proxy106] is not eligible for getting processed by all BeanPostProcessors (for example: not eligible for auto-proxying)
08:42:12.284 febs [main] INFO  o.s.c.s.PostProcessorRegistrationDelegate$BeanPostProcessorChecker - Bean 'menuService' of type [cc.mrbird.system.service.impl.MenuServiceImpl] is not eligible for getting processed by all BeanPostProcessors (for example: not eligible for auto-proxying)
08:42:12.344 febs [main] INFO  o.s.c.s.PostProcessorRegistrationDelegate$BeanPostProcessorChecker - Bean 'shiroRealm' of type [cc.mrbird.common.shiro.ShiroRealm] is not eligible for getting processed by all BeanPostProcessors (for example: not eligible for auto-proxying)
08:42:12.467 febs [main] INFO  o.s.c.s.PostProcessorRegistrationDelegate$BeanPostProcessorChecker - Bean 'redisSessionDAO' of type [org.crazycake.shiro.RedisSessionDAO] is not eligible for getting processed by all BeanPostProcessors (for example: not eligible for auto-proxying)
08:42:12.538 febs [main] INFO  o.s.c.s.PostProcessorRegistrationDelegate$BeanPostProcessorChecker - Bean 'sessionManager' of type [org.apache.shiro.web.session.mgt.DefaultWebSessionManager] is not eligible for getting processed by all BeanPostProcessors (for example: not eligible for auto-proxying)
08:42:12.607 febs [main] INFO  o.s.c.s.PostProcessorRegistrationDelegate$BeanPostProcessorChecker - Bean 'securityManager' of type [org.apache.shiro.web.mgt.DefaultWebSecurityManager] is not eligible for getting processed by all BeanPostProcessors (for example: not eligible for auto-proxying)
08:42:12.716 febs [main] INFO  o.s.c.s.PostProcessorRegistrationDelegate$BeanPostProcessorChecker - Bean 'authorizationAttributeSourceAdvisor' of type [org.apache.shiro.spring.security.interceptor.AuthorizationAttributeSourceAdvisor] is not eligible for getting processed by all BeanPostProcessors (for example: not eligible for auto-proxying)
08:42:14.694 febs [main] INFO  o.s.b.w.e.tomcat.TomcatWebServer - Tomcat initialized with port(s): 8081 (http)
08:42:14.794 febs [main] INFO  o.a.coyote.http11.Http11NioProtocol - Initializing ProtocolHandler ["http-nio-8081"]
08:42:14.867 febs [main] INFO  o.a.catalina.core.StandardService - Starting service [Tomcat]
08:42:14.871 febs [main] INFO  o.a.catalina.core.StandardEngine - Starting Servlet Engine: Apache Tomcat/8.5.32
08:42:14.906 febs [localhost-startStop-1] INFO  o.a.c.core.AprLifecycleListener - The APR based Apache Tomcat Native library which allows optimal performance in production environments was not found on the java.library.path: [/usr/java/packages/lib/amd64:/usr/lib64:/lib64:/lib:/usr/lib]
08:42:15.514 febs [localhost-startStop-1] INFO  o.a.c.c.C.[Tomcat].[localhost].[/] - Initializing Spring embedded WebApplicationContext
08:42:15.518 febs [localhost-startStop-1] INFO  o.s.web.context.ContextLoader - Root WebApplicationContext: initialization completed in 19357 ms
08:42:16.019 febs [localhost-startStop-1] INFO  o.s.b.w.s.FilterRegistrationBean - Mapping filter: 'characterEncodingFilter' to: [/*]
08:42:16.026 febs [localhost-startStop-1] INFO  o.s.b.w.s.FilterRegistrationBean - Mapping filter: 'hiddenHttpMethodFilter' to: [/*]
08:42:16.033 febs [localhost-startStop-1] INFO  o.s.b.w.s.FilterRegistrationBean - Mapping filter: 'httpPutFormContentFilter' to: [/*]
08:42:16.040 febs [localhost-startStop-1] INFO  o.s.b.w.s.FilterRegistrationBean - Mapping filter: 'requestContextFilter' to: [/*]
08:42:16.047 febs [localhost-startStop-1] INFO  o.s.b.w.s.FilterRegistrationBean - Mapping filter: 'xssFilter' to urls: [/*]
08:42:16.054 febs [localhost-startStop-1] INFO  o.s.b.w.s.FilterRegistrationBean - Mapping filter: 'webStatFilter' to urls: [/*]
08:42:16.060 febs [localhost-startStop-1] INFO  o.s.b.w.s.FilterRegistrationBean - Mapping filter: 'shiroFilterFactoryBean' to: [/*]
08:42:16.067 febs [localhost-startStop-1] INFO  o.s.b.w.s.ServletRegistrationBean - Servlet dispatcherServlet mapped to [/]
08:42:16.076 febs [localhost-startStop-1] INFO  o.s.b.w.s.ServletRegistrationBean - Servlet statViewServlet mapped to [/druid/*]
08:42:16.210 febs [localhost-startStop-1] INFO  cc.mrbird.common.xss.XssFilter - ------------ xss filter init ------------
08:42:16.630 febs [main] INFO  org.quartz.impl.StdSchedulerFactory - Using default implementation for ThreadExecutor
08:42:16.696 febs [main] INFO  o.quartz.core.SchedulerSignalerImpl - Initialized Scheduler Signaller of type: class org.quartz.core.SchedulerSignalerImpl
08:42:16.699 febs [main] INFO  org.quartz.core.QuartzScheduler - Quartz Scheduler v.2.3.0 created.
08:42:16.710 febs [main] INFO  o.s.s.quartz.LocalDataSourceJobStore - Using db table-based data access locking (synchronization).
08:42:16.717 febs [main] INFO  o.s.s.quartz.LocalDataSourceJobStore - JobStoreCMT initialized.
08:42:16.722 febs [main] INFO  org.quartz.core.QuartzScheduler - Scheduler meta-data: Quartz Scheduler (v2.3.0) 'MyScheduler' with instanceId 'localhost.localdomain1554511336647'
  Scheduler class: 'org.quartz.core.QuartzScheduler' - running locally.
  NOT STARTED.
  Currently in standby mode.
  Number of jobs executed: 0
  Using thread pool 'org.quartz.simpl.SimpleThreadPool' - with 20 threads.
  Using job-store 'org.springframework.scheduling.quartz.LocalDataSourceJobStore' - which supports persistence. and is clustered.

08:42:16.758 febs [main] INFO  org.quartz.impl.StdSchedulerFactory - Quartz scheduler 'MyScheduler' initialized from an externally provided properties instance.
08:42:16.761 febs [main] INFO  org.quartz.impl.StdSchedulerFactory - Quartz scheduler version: 2.3.0
08:42:16.767 febs [main] INFO  org.quartz.core.QuartzScheduler - JobFactory set to: org.springframework.scheduling.quartz.AdaptableJobFactory@1672fe87
08:42:20.553 febs [main] INFO  c.m.c.i.SqlStatementInterceptor - 【SQL语句Id】>>>> cc.mrbird.job.dao.JobMapper.queryList
08:42:20.557 febs [main] INFO  c.m.c.i.SqlStatementInterceptor - 【SQL语句耗时】>>>> 3715 ms
08:42:20.561 febs [main] INFO  c.m.c.i.SqlStatementInterceptor - 【SQL语句】>>>> select job_id jobId,bean_name beanName,method_name methodName, params,cron_expression cronExpression,status,remark,create_time createTime from t_job order by job_id
08:42:30.431 febs [main] INFO  o.s.s.c.ThreadPoolTaskExecutor - Initializing ExecutorService  'taskExecutor'
08:42:31.663 febs [main] INFO  o.s.w.s.h.SimpleUrlHandlerMapping - Mapped URL path [/**/favicon.ico] onto handler of type [class org.springframework.web.servlet.resource.ResourceHttpRequestHandler]
08:42:32.889 febs [main] INFO  o.s.w.s.m.m.a.RequestMappingHandlerAdapter - Looking for @ControllerAdvice: org.springframework.boot.web.servlet.context.AnnotationConfigServletWebServerApplicationContext@3d24753a: startup date [Sat Apr 06 08:41:56 CST 2019]; root of context hierarchy
08:42:33.593 febs [main] INFO  o.s.w.s.m.m.a.RequestMappingHandlerMapping - Mapped "{[/jobLog/delete]}" onto public cc.mrbird.common.domain.ResponseBo cc.mrbird.job.controller.JobLogController.deleteJobLog(java.lang.String)
08:42:33.604 febs [main] INFO  o.s.w.s.m.m.a.RequestMappingHandlerMapping - Mapped "{[/jobLog/excel]}" onto public cc.mrbird.common.domain.ResponseBo cc.mrbird.job.controller.JobLogController.jobLogExcel(cc.mrbird.job.domain.JobLog)
08:42:33.614 febs [main] INFO  o.s.w.s.m.m.a.RequestMappingHandlerMapping - Mapped "{[/jobLog/csv]}" onto public cc.mrbird.common.domain.ResponseBo cc.mrbird.job.controller.JobLogController.jobLogCsv(cc.mrbird.job.domain.JobLog)
08:42:33.624 febs [main] INFO  o.s.w.s.m.m.a.RequestMappingHandlerMapping - Mapped "{[/jobLog/list]}" onto public java.util.Map<java.lang.String, java.lang.Object> cc.mrbird.job.controller.JobLogController.jobLogList(cc.mrbird.common.domain.QueryRequest,cc.mrbird.job.domain.JobLog)
08:42:33.638 febs [main] INFO  o.s.w.s.m.m.a.RequestMappingHandlerMapping - Mapped "{[/jobLog]}" onto public java.lang.String cc.mrbird.job.controller.JobLogController.index()
08:42:33.653 febs [main] INFO  o.s.w.s.m.m.a.RequestMappingHandlerMapping - Mapped "{[/test],methods=[GET]}" onto public int cc.mrbird.common.controller.TestController.testLimiter()
08:42:33.665 febs [main] INFO  o.s.w.s.m.m.a.RequestMappingHandlerMapping - Mapped "{[/common/download]}" onto public void cc.mrbird.common.controller.CommonController.fileDownload(java.lang.String,java.lang.Boolean,javax.servlet.http.HttpServletResponse) throws java.io.IOException,cc.mrbird.common.exception.FileDownloadException
08:42:33.682 febs [main] INFO  o.s.w.s.m.m.a.RequestMappingHandlerMapping - Mapped "{[/login],methods=[POST]}" onto public cc.mrbird.common.domain.ResponseBo cc.mrbird.system.controller.LoginController.login(java.lang.String,java.lang.String,java.lang.String,java.lang.Boolean)
08:42:33.694 febs [main] INFO  o.s.w.s.m.m.a.RequestMappingHandlerMapping - Mapped "{[/login],methods=[GET]}" onto public java.lang.String cc.mrbird.system.controller.LoginController.login()
08:42:33.707 febs [main] INFO  o.s.w.s.m.m.a.RequestMappingHandlerMapping - Mapped "{[/gifCode],methods=[GET]}" onto public void cc.mrbird.system.controller.LoginController.getGifCode(javax.servlet.http.HttpServletResponse,javax.servlet.http.HttpServletRequest)
08:42:33.721 febs [main] INFO  o.s.w.s.m.m.a.RequestMappingHandlerMapping - Mapped "{[/]}" onto public java.lang.String cc.mrbird.system.controller.LoginController.redirectIndex()
08:42:33.734 febs [main] INFO  o.s.w.s.m.m.a.RequestMappingHandlerMapping - Mapped "{[/403],methods=[GET]}" onto public java.lang.String cc.mrbird.system.controller.LoginController.forbid()
08:42:33.746 febs [main] INFO  o.s.w.s.m.m.a.RequestMappingHandlerMapping - Mapped "{[/index]}" onto public java.lang.String cc.mrbird.system.controller.LoginController.index(org.springframework.ui.Model)
08:42:33.757 febs [main] INFO  o.s.w.s.m.m.a.RequestMappingHandlerMapping - Mapped "{[/menu/delete]}" onto public cc.mrbird.common.domain.ResponseBo cc.mrbird.system.controller.MenuController.deleteMenus(java.lang.String)
08:42:33.769 febs [main] INFO  o.s.w.s.m.m.a.RequestMappingHandlerMapping - Mapped "{[/menu/update]}" onto public cc.mrbird.common.domain.ResponseBo cc.mrbird.system.controller.MenuController.updateMenu(cc.mrbird.system.domain.Menu)
08:42:33.782 febs [main] INFO  o.s.w.s.m.m.a.RequestMappingHandlerMapping - Mapped "{[/menu/urlList],methods=[GET]}" onto public java.util.List<java.util.Map<java.lang.String, java.lang.String>> cc.mrbird.system.controller.MenuController.getAllUrl()
08:42:33.796 febs [main] INFO  o.s.w.s.m.m.a.RequestMappingHandlerMapping - Mapped "{[/menu/getMenu]}" onto public cc.mrbird.common.domain.ResponseBo cc.mrbird.system.controller.MenuController.getMenu(java.lang.Long)
08:42:33.812 febs [main] INFO  o.s.w.s.m.m.a.RequestMappingHandlerMapping - Mapped "{[/menu/menu]}" onto public cc.mrbird.common.domain.ResponseBo cc.mrbird.system.controller.MenuController.getMenu(java.lang.String)
08:42:33.826 febs [main] INFO  o.s.w.s.m.m.a.RequestMappingHandlerMapping - Mapped "{[/menu/menuButtonTree]}" onto public cc.mrbird.common.domain.ResponseBo cc.mrbird.system.controller.MenuController.getMenuButtonTree()
08:42:33.837 febs [main] INFO  o.s.w.s.m.m.a.RequestMappingHandlerMapping - Mapped "{[/menu/tree]}" onto public cc.mrbird.common.domain.ResponseBo cc.mrbird.system.controller.MenuController.getMenuTree()
08:42:33.845 febs [main] INFO  o.s.w.s.m.m.a.RequestMappingHandlerMapping - Mapped "{[/menu/getUserMenu]}" onto public cc.mrbird.common.domain.ResponseBo cc.mrbird.system.controller.MenuController.getUserMenu(java.lang.String)
08:42:33.853 febs [main] INFO  o.s.w.s.m.m.a.RequestMappingHandlerMapping - Mapped "{[/menu/excel]}" onto public cc.mrbird.common.domain.ResponseBo cc.mrbird.system.controller.MenuController.menuExcel(cc.mrbird.system.domain.Menu)
08:42:33.862 febs [main] INFO  o.s.w.s.m.m.a.RequestMappingHandlerMapping - Mapped "{[/menu/csv]}" onto public cc.mrbird.common.domain.ResponseBo cc.mrbird.system.controller.MenuController.menuCsv(cc.mrbird.system.domain.Menu)
08:42:33.870 febs [main] INFO  o.s.w.s.m.m.a.RequestMappingHandlerMapping - Mapped "{[/menu/checkMenuName]}" onto public boolean cc.mrbird.system.controller.MenuController.checkMenuName(java.lang.String,java.lang.String,java.lang.String)
08:42:33.878 febs [main] INFO  o.s.w.s.m.m.a.RequestMappingHandlerMapping - Mapped "{[/menu/add]}" onto public cc.mrbird.common.domain.ResponseBo cc.mrbird.system.controller.MenuController.addMenu(cc.mrbird.system.domain.Menu)
08:42:33.887 febs [main] INFO  o.s.w.s.m.m.a.RequestMappingHandlerMapping - Mapped "{[/menu/list]}" onto public java.util.List<cc.mrbird.system.domain.Menu> cc.mrbird.system.controller.MenuController.menuList(cc.mrbird.system.domain.Menu)
08:42:33.896 febs [main] INFO  o.s.w.s.m.m.a.RequestMappingHandlerMapping - Mapped "{[/menu]}" onto public java.lang.String cc.mrbird.system.controller.MenuController.index()
08:42:33.911 febs [main] INFO  o.s.w.s.m.m.a.RequestMappingHandlerMapping - Mapped "{[/redis/del]}" onto public cc.mrbird.common.domain.ResponseBo cc.mrbird.system.controller.RedisController.del(java.lang.String)
08:42:33.925 febs [main] INFO  o.s.w.s.m.m.a.RequestMappingHandlerMapping - Mapped "{[/redis/info]}" onto public java.lang.String cc.mrbird.system.controller.RedisController.getRedisInfo(org.springframework.ui.Model)
08:42:33.938 febs [main] INFO  o.s.w.s.m.m.a.RequestMappingHandlerMapping - Mapped "{[/redis/keysSize]}" onto public java.lang.String cc.mrbird.system.controller.RedisController.getKeysSize()
08:42:33.952 febs [main] INFO  o.s.w.s.m.m.a.RequestMappingHandlerMapping - Mapped "{[/redis/memoryInfo]}" onto public java.lang.String cc.mrbird.system.controller.RedisController.getMemoryInfo()
08:42:33.966 febs [main] INFO  o.s.w.s.m.m.a.RequestMappingHandlerMapping - Mapped "{[/redis/pttl]}" onto public cc.mrbird.common.domain.ResponseBo cc.mrbird.system.controller.RedisController.pttl(java.lang.String)
08:42:33.980 febs [main] INFO  o.s.w.s.m.m.a.RequestMappingHandlerMapping - Mapped "{[/redis/pexpire]}" onto public cc.mrbird.common.domain.ResponseBo cc.mrbird.system.controller.RedisController.pexpire(java.lang.String)
08:42:33.994 febs [main] INFO  o.s.w.s.m.m.a.RequestMappingHandlerMapping - Mapped "{[/redis/terminal]}" onto public java.lang.String cc.mrbird.system.controller.RedisController.redisTerminal(org.springframework.ui.Model)
08:42:34.009 febs [main] INFO  o.s.w.s.m.m.a.RequestMappingHandlerMapping - Mapped "{[/redis/get]}" onto public cc.mrbird.common.domain.ResponseBo cc.mrbird.system.controller.RedisController.get(java.lang.String)
08:42:34.024 febs [main] INFO  o.s.w.s.m.m.a.RequestMappingHandlerMapping - Mapped "{[/redis/exists]}" onto public cc.mrbird.common.domain.ResponseBo cc.mrbird.system.controller.RedisController.exists(java.lang.String)
08:42:34.038 febs [main] INFO  o.s.w.s.m.m.a.RequestMappingHandlerMapping - Mapped "{[/redis/keys]}" onto public cc.mrbird.common.domain.ResponseBo cc.mrbird.system.controller.RedisController.keys(java.lang.String)
08:42:34.052 febs [main] INFO  o.s.w.s.m.m.a.RequestMappingHandlerMapping - Mapped "{[/redis/set]}" onto public cc.mrbird.common.domain.ResponseBo cc.mrbird.system.controller.RedisController.set(java.lang.String)
08:42:34.069 febs [main] INFO  o.s.w.s.m.m.a.RequestMappingHandlerMapping - Mapped "{[/dict/list]}" onto public java.util.Map<java.lang.String, java.lang.Object> cc.mrbird.system.controller.DictController.dictList(cc.mrbird.common.domain.QueryRequest,cc.mrbird.system.domain.Dict)
08:42:34.083 febs [main] INFO  o.s.w.s.m.m.a.RequestMappingHandlerMapping - Mapped "{[/dict/excel]}" onto public cc.mrbird.common.domain.ResponseBo cc.mrbird.system.controller.DictController.dictExcel(cc.mrbird.system.domain.Dict)
08:42:34.097 febs [main] INFO  o.s.w.s.m.m.a.RequestMappingHandlerMapping - Mapped "{[/dict/csv]}" onto public cc.mrbird.common.domain.ResponseBo cc.mrbird.system.controller.DictController.dictCsv(cc.mrbird.system.domain.Dict)
08:42:34.113 febs [main] INFO  o.s.w.s.m.m.a.RequestMappingHandlerMapping - Mapped "{[/dict/getDict]}" onto public cc.mrbird.common.domain.ResponseBo cc.mrbird.system.controller.DictController.getDict(java.lang.Long)
08:42:34.127 febs [main] INFO  o.s.w.s.m.m.a.RequestMappingHandlerMapping - Mapped "{[/dict/add]}" onto public cc.mrbird.common.domain.ResponseBo cc.mrbird.system.controller.DictController.addDict(cc.mrbird.system.domain.Dict)
08:42:34.142 febs [main] INFO  o.s.w.s.m.m.a.RequestMappingHandlerMapping - Mapped "{[/dict/delete]}" onto public cc.mrbird.common.domain.ResponseBo cc.mrbird.system.controller.DictController.deleteDicts(java.lang.String)
08:42:34.155 febs [main] INFO  o.s.w.s.m.m.a.RequestMappingHandlerMapping - Mapped "{[/dict/update]}" onto public cc.mrbird.common.domain.ResponseBo cc.mrbird.system.controller.DictController.updateDict(cc.mrbird.system.domain.Dict)
08:42:34.170 febs [main] INFO  o.s.w.s.m.m.a.RequestMappingHandlerMapping - Mapped "{[/dict]}" onto public java.lang.String cc.mrbird.system.controller.DictController.index()
08:42:34.185 febs [main] INFO  o.s.w.s.m.m.a.RequestMappingHandlerMapping - Mapped "{[/movie/hot]}" onto public java.lang.String cc.mrbird.web.controller.MovieController.movieHot()
08:42:34.199 febs [main] INFO  o.s.w.s.m.m.a.RequestMappingHandlerMapping - Mapped "{[/movie/coming]}" onto public java.lang.String cc.mrbird.web.controller.MovieController.movieComing()
08:42:34.214 febs [main] INFO  o.s.w.s.m.m.a.RequestMappingHandlerMapping - Mapped "{[/movie/getMovieHot]}" onto public cc.mrbird.common.domain.ResponseBo cc.mrbird.web.controller.MovieController.getMoiveHot()
08:42:34.228 febs [main] INFO  o.s.w.s.m.m.a.RequestMappingHandlerMapping - Mapped "{[/movie/getMovieComing]}" onto public cc.mrbird.common.domain.ResponseBo cc.mrbird.web.controller.MovieController.getMovieComing()
08:42:34.243 febs [main] INFO  o.s.w.s.m.m.a.RequestMappingHandlerMapping - Mapped "{[/movie/detail]}" onto public cc.mrbird.common.domain.ResponseBo cc.mrbird.web.controller.MovieController.getDetail(java.lang.String)
08:42:34.253 febs [main] INFO  o.s.w.s.m.m.a.RequestMappingHandlerMapping - Mapped "{[/movie/comments]}" onto public cc.mrbird.common.domain.ResponseBo cc.mrbird.web.controller.MovieController.getComments(java.lang.String)
08:42:34.262 febs [main] INFO  o.s.w.s.m.m.a.RequestMappingHandlerMapping - Mapped "{[/one/painting]}" onto public java.lang.String cc.mrbird.web.controller.OneIsAllController.paintIndex()
08:42:34.271 febs [main] INFO  o.s.w.s.m.m.a.RequestMappingHandlerMapping - Mapped "{[/one/yuwen]}" onto public java.lang.String cc.mrbird.web.controller.OneIsAllController.yuwenIndex()
08:42:34.279 febs [main] INFO  o.s.w.s.m.m.a.RequestMappingHandlerMapping - Mapped "{[/one/essay]}" onto public java.lang.String cc.mrbird.web.controller.OneIsAllController.essayIndex()
08:42:34.288 febs [main] INFO  o.s.w.s.m.m.a.RequestMappingHandlerMapping - Mapped "{[/one/oneList]}" onto public cc.mrbird.common.domain.ResponseBo cc.mrbird.web.controller.OneIsAllController.getOneList()
08:42:34.296 febs [main] INFO  o.s.w.s.m.m.a.RequestMappingHandlerMapping - Mapped "{[/one/readingList]}" onto public cc.mrbird.common.domain.ResponseBo cc.mrbird.web.controller.OneIsAllController.getReadingList()
08:42:34.305 febs [main] INFO  o.s.w.s.m.m.a.RequestMappingHandlerMapping - Mapped "{[/one/yuwenDetail]}" onto public cc.mrbird.common.domain.ResponseBo cc.mrbird.web.controller.OneIsAllController.getYuwenDetail(java.lang.String,java.lang.String)
08:42:34.313 febs [main] INFO  o.s.w.s.m.m.a.RequestMappingHandlerMapping - Mapped "{[/one/yuwenComments]}" onto public cc.mrbird.common.domain.ResponseBo cc.mrbird.web.controller.OneIsAllController.getYuwenComments(java.lang.String)
08:42:34.322 febs [main] INFO  o.s.w.s.m.m.a.RequestMappingHandlerMapping - Mapped "{[/one/essayDetail]}" onto public cc.mrbird.common.domain.ResponseBo cc.mrbird.web.controller.OneIsAllController.getEssayDetail(java.lang.String,java.lang.String)
08:42:34.331 febs [main] INFO  o.s.w.s.m.m.a.RequestMappingHandlerMapping - Mapped "{[/one/essayComments]}" onto public cc.mrbird.common.domain.ResponseBo cc.mrbird.web.controller.OneIsAllController.getEssayComments(java.lang.String)
08:42:34.340 febs [main] INFO  o.s.w.s.m.m.a.RequestMappingHandlerMapping - Mapped "{[/job/update]}" onto public cc.mrbird.common.domain.ResponseBo cc.mrbird.job.controller.JobController.updateJob(cc.mrbird.job.domain.Job)
08:42:34.353 febs [main] INFO  o.s.w.s.m.m.a.RequestMappingHandlerMapping - Mapped "{[/job/getSysCronClazz]}" onto public cc.mrbird.common.domain.ResponseBo cc.mrbird.job.controller.JobController.getSysCronClazz(cc.mrbird.job.domain.Job)
08:42:34.362 febs [main] INFO  o.s.w.s.m.m.a.RequestMappingHandlerMapping - Mapped "{[/job/list]}" onto public java.util.Map<java.lang.String, java.lang.Object> cc.mrbird.job.controller.JobController.jobList(cc.mrbird.common.domain.QueryRequest,cc.mrbird.job.domain.Job)
08:42:34.371 febs [main] INFO  o.s.w.s.m.m.a.RequestMappingHandlerMapping - Mapped "{[/job/add]}" onto public cc.mrbird.common.domain.ResponseBo cc.mrbird.job.controller.JobController.addJob(cc.mrbird.job.domain.Job)
08:42:34.385 febs [main] INFO  o.s.w.s.m.m.a.RequestMappingHandlerMapping - Mapped "{[/job/excel]}" onto public cc.mrbird.common.domain.ResponseBo cc.mrbird.job.controller.JobController.jobExcel(cc.mrbird.job.domain.Job)
08:42:34.396 febs [main] INFO  o.s.w.s.m.m.a.RequestMappingHandlerMapping - Mapped "{[/job/csv]}" onto public cc.mrbird.common.domain.ResponseBo cc.mrbird.job.controller.JobController.jobCsv(cc.mrbird.job.domain.Job)
08:42:34.405 febs [main] INFO  o.s.w.s.m.m.a.RequestMappingHandlerMapping - Mapped "{[/job/checkCron]}" onto public boolean cc.mrbird.job.controller.JobController.checkCron(java.lang.String)
08:42:34.414 febs [main] INFO  o.s.w.s.m.m.a.RequestMappingHandlerMapping - Mapped "{[/job/getJob]}" onto public cc.mrbird.common.domain.ResponseBo cc.mrbird.job.controller.JobController.getJob(java.lang.Long)
08:42:34.423 febs [main] INFO  o.s.w.s.m.m.a.RequestMappingHandlerMapping - Mapped "{[/job/run]}" onto public cc.mrbird.common.domain.ResponseBo cc.mrbird.job.controller.JobController.runJob(java.lang.String)
08:42:34.431 febs [main] INFO  o.s.w.s.m.m.a.RequestMappingHandlerMapping - Mapped "{[/job/delete]}" onto public cc.mrbird.common.domain.ResponseBo cc.mrbird.job.controller.JobController.deleteJob(java.lang.String)
08:42:34.440 febs [main] INFO  o.s.w.s.m.m.a.RequestMappingHandlerMapping - Mapped "{[/job/pause]}" onto public cc.mrbird.common.domain.ResponseBo cc.mrbird.job.controller.JobController.pauseJob(java.lang.String)
08:42:34.448 febs [main] INFO  o.s.w.s.m.m.a.RequestMappingHandlerMapping - Mapped "{[/job/resume]}" onto public cc.mrbird.common.domain.ResponseBo cc.mrbird.job.controller.JobController.resumeJob(java.lang.String)
08:42:34.462 febs [main] INFO  o.s.w.s.m.m.a.RequestMappingHandlerMapping - Mapped "{[/job]}" onto public java.lang.String cc.mrbird.job.controller.JobController.index()
08:42:34.474 febs [main] INFO  o.s.w.s.m.m.a.RequestMappingHandlerMapping - Mapped "{[/dept/add]}" onto public cc.mrbird.common.domain.ResponseBo cc.mrbird.system.controller.DeptController.addRole(cc.mrbird.system.domain.Dept)
08:42:34.492 febs [main] INFO  o.s.w.s.m.m.a.RequestMappingHandlerMapping - Mapped "{[/dept/getDept]}" onto public cc.mrbird.common.domain.ResponseBo cc.mrbird.system.controller.DeptController.getDept(java.lang.Long)
08:42:34.506 febs [main] INFO  o.s.w.s.m.m.a.RequestMappingHandlerMapping - Mapped "{[/dept/list]}" onto public java.util.List<cc.mrbird.system.domain.Dept> cc.mrbird.system.controller.DeptController.deptList(cc.mrbird.system.domain.Dept)
08:42:34.522 febs [main] INFO  o.s.w.s.m.m.a.RequestMappingHandlerMapping - Mapped "{[/dept/excel]}" onto public cc.mrbird.common.domain.ResponseBo cc.mrbird.system.controller.DeptController.deptExcel(cc.mrbird.system.domain.Dept)
08:42:34.537 febs [main] INFO  o.s.w.s.m.m.a.RequestMappingHandlerMapping - Mapped "{[/dept/csv]}" onto public cc.mrbird.common.domain.ResponseBo cc.mrbird.system.controller.DeptController.deptCsv(cc.mrbird.system.domain.Dept)
08:42:34.550 febs [main] INFO  o.s.w.s.m.m.a.RequestMappingHandlerMapping - Mapped "{[/dept/checkDeptName]}" onto public boolean cc.mrbird.system.controller.DeptController.checkDeptName(java.lang.String,java.lang.String)
08:42:34.563 febs [main] INFO  o.s.w.s.m.m.a.RequestMappingHandlerMapping - Mapped "{[/dept/tree]}" onto public cc.mrbird.common.domain.ResponseBo cc.mrbird.system.controller.DeptController.getDeptTree()
08:42:34.577 febs [main] INFO  o.s.w.s.m.m.a.RequestMappingHandlerMapping - Mapped "{[/dept/update]}" onto public cc.mrbird.common.domain.ResponseBo cc.mrbird.system.controller.DeptController.updateRole(cc.mrbird.system.domain.Dept)
08:42:34.591 febs [main] INFO  o.s.w.s.m.m.a.RequestMappingHandlerMapping - Mapped "{[/dept/delete]}" onto public cc.mrbird.common.domain.ResponseBo cc.mrbird.system.controller.DeptController.deleteDepts(java.lang.String)
08:42:34.604 febs [main] INFO  o.s.w.s.m.m.a.RequestMappingHandlerMapping - Mapped "{[/dept]}" onto public java.lang.String cc.mrbird.system.controller.DeptController.index()
08:42:34.619 febs [main] INFO  o.s.w.s.m.m.a.RequestMappingHandlerMapping - Mapped "{[/user/add]}" onto public cc.mrbird.common.domain.ResponseBo cc.mrbird.system.controller.UserController.addUser(cc.mrbird.system.domain.User,java.lang.Long[])
08:42:34.630 febs [main] INFO  o.s.w.s.m.m.a.RequestMappingHandlerMapping - Mapped "{[/user/update]}" onto public cc.mrbird.common.domain.ResponseBo cc.mrbird.system.controller.UserController.updateUser(cc.mrbird.system.domain.User,java.lang.Long[])
08:42:34.640 febs [main] INFO  o.s.w.s.m.m.a.RequestMappingHandlerMapping - Mapped "{[/user/delete]}" onto public cc.mrbird.common.domain.ResponseBo cc.mrbird.system.controller.UserController.deleteUsers(java.lang.String)
08:42:34.648 febs [main] INFO  o.s.w.s.m.m.a.RequestMappingHandlerMapping - Mapped "{[/user/updatePassword]}" onto public cc.mrbird.common.domain.ResponseBo cc.mrbird.system.controller.UserController.updatePassword(java.lang.String)
08:42:34.656 febs [main] INFO  o.s.w.s.m.m.a.RequestMappingHandlerMapping - Mapped "{[/user/updateUserProfile]}" onto public cc.mrbird.common.domain.ResponseBo cc.mrbird.system.controller.UserController.updateUserProfile(cc.mrbird.system.domain.User)
08:42:34.664 febs [main] INFO  o.s.w.s.m.m.a.RequestMappingHandlerMapping - Mapped "{[/user/theme]}" onto public cc.mrbird.common.domain.ResponseBo cc.mrbird.system.controller.UserController.updateTheme(cc.mrbird.system.domain.User)
08:42:34.672 febs [main] INFO  o.s.w.s.m.m.a.RequestMappingHandlerMapping - Mapped "{[/user/checkUserName]}" onto public boolean cc.mrbird.system.controller.UserController.checkUserName(java.lang.String,java.lang.String)
08:42:34.680 febs [main] INFO  o.s.w.s.m.m.a.RequestMappingHandlerMapping - Mapped "{[/user/getUser]}" onto public cc.mrbird.common.domain.ResponseBo cc.mrbird.system.controller.UserController.getUser(java.lang.Long)
08:42:34.688 febs [main] INFO  o.s.w.s.m.m.a.RequestMappingHandlerMapping - Mapped "{[/user/list]}" onto public java.util.Map<java.lang.String, java.lang.Object> cc.mrbird.system.controller.UserController.userList(cc.mrbird.common.domain.QueryRequest,cc.mrbird.system.domain.User)
08:42:34.696 febs [main] INFO  o.s.w.s.m.m.a.RequestMappingHandlerMapping - Mapped "{[/user/excel]}" onto public cc.mrbird.common.domain.ResponseBo cc.mrbird.system.controller.UserController.userExcel(cc.mrbird.system.domain.User)
08:42:34.704 febs [main] INFO  o.s.w.s.m.m.a.RequestMappingHandlerMapping - Mapped "{[/user/csv]}" onto public cc.mrbird.common.domain.ResponseBo cc.mrbird.system.controller.UserController.userCsv(cc.mrbird.system.domain.User)
08:42:34.712 febs [main] INFO  o.s.w.s.m.m.a.RequestMappingHandlerMapping - Mapped "{[/user/regist]}" onto public cc.mrbird.common.domain.ResponseBo cc.mrbird.system.controller.UserController.regist(cc.mrbird.system.domain.User)
08:42:34.719 febs [main] INFO  o.s.w.s.m.m.a.RequestMappingHandlerMapping - Mapped "{[/user/checkPassword]}" onto public boolean cc.mrbird.system.controller.UserController.checkPassword(java.lang.String)
08:42:34.728 febs [main] INFO  o.s.w.s.m.m.a.RequestMappingHandlerMapping - Mapped "{[/user/profile]}" onto public java.lang.String cc.mrbird.system.controller.UserController.profileIndex(org.springframework.ui.Model)
08:42:34.736 febs [main] INFO  o.s.w.s.m.m.a.RequestMappingHandlerMapping - Mapped "{[/user/getUserProfile]}" onto public cc.mrbird.common.domain.ResponseBo cc.mrbird.system.controller.UserController.getUserProfile(java.lang.Long)
08:42:34.744 febs [main] INFO  o.s.w.s.m.m.a.RequestMappingHandlerMapping - Mapped "{[/user/changeAvatar]}" onto public cc.mrbird.common.domain.ResponseBo cc.mrbird.system.controller.UserController.changeAvatar(java.lang.String)
08:42:34.753 febs [main] INFO  o.s.w.s.m.m.a.RequestMappingHandlerMapping - Mapped "{[/user]}" onto public java.lang.String cc.mrbird.system.controller.UserController.index(org.springframework.ui.Model)
08:42:34.762 febs [main] INFO  o.s.w.s.m.m.a.RequestMappingHandlerMapping - Mapped "{[/log/list]}" onto public java.util.Map<java.lang.String, java.lang.Object> cc.mrbird.system.controller.LogController.logList(cc.mrbird.common.domain.QueryRequest,cc.mrbird.system.domain.SysLog)
08:42:34.770 febs [main] INFO  o.s.w.s.m.m.a.RequestMappingHandlerMapping - Mapped "{[/log/excel]}" onto public cc.mrbird.common.domain.ResponseBo cc.mrbird.system.controller.LogController.logExcel(cc.mrbird.system.domain.SysLog)
08:42:34.778 febs [main] INFO  o.s.w.s.m.m.a.RequestMappingHandlerMapping - Mapped "{[/log/csv]}" onto public cc.mrbird.common.domain.ResponseBo cc.mrbird.system.controller.LogController.logCsv(cc.mrbird.system.domain.SysLog)
08:42:34.786 febs [main] INFO  o.s.w.s.m.m.a.RequestMappingHandlerMapping - Mapped "{[/log/delete]}" onto public cc.mrbird.common.domain.ResponseBo cc.mrbird.system.controller.LogController.deleteLogss(java.lang.String)
08:42:34.799 febs [main] INFO  o.s.w.s.m.m.a.RequestMappingHandlerMapping - Mapped "{[/log]}" onto public java.lang.String cc.mrbird.system.controller.LogController.index()
08:42:34.808 febs [main] INFO  o.s.w.s.m.m.a.RequestMappingHandlerMapping - Mapped "{[/session/forceLogout]}" onto public cc.mrbird.common.domain.ResponseBo cc.mrbird.system.controller.SessionController.forceLogout(java.lang.String)
08:42:34.816 febs [main] INFO  o.s.w.s.m.m.a.RequestMappingHandlerMapping - Mapped "{[/session]}" onto public java.lang.String cc.mrbird.system.controller.SessionController.online()
08:42:34.824 febs [main] INFO  o.s.w.s.m.m.a.RequestMappingHandlerMapping - Mapped "{[/session/list]}" onto public java.util.Map<java.lang.String, java.lang.Object> cc.mrbird.system.controller.SessionController.list()
08:42:34.833 febs [main] INFO  o.s.w.s.m.m.a.RequestMappingHandlerMapping - Mapped "{[/role/add]}" onto public cc.mrbird.common.domain.ResponseBo cc.mrbird.system.controller.RoleController.addRole(cc.mrbird.system.domain.Role,java.lang.Long[])
08:42:34.841 febs [main] INFO  o.s.w.s.m.m.a.RequestMappingHandlerMapping - Mapped "{[/role/list]}" onto public java.util.Map<java.lang.String, java.lang.Object> cc.mrbird.system.controller.RoleController.roleList(cc.mrbird.common.domain.QueryRequest,cc.mrbird.system.domain.Role)
08:42:34.849 febs [main] INFO  o.s.w.s.m.m.a.RequestMappingHandlerMapping - Mapped "{[/role/excel]}" onto public cc.mrbird.common.domain.ResponseBo cc.mrbird.system.controller.RoleController.roleExcel(cc.mrbird.system.domain.Role)
08:42:34.857 febs [main] INFO  o.s.w.s.m.m.a.RequestMappingHandlerMapping - Mapped "{[/role/csv]}" onto public cc.mrbird.common.domain.ResponseBo cc.mrbird.system.controller.RoleController.roleCsv(cc.mrbird.system.domain.Role)
08:42:34.865 febs [main] INFO  o.s.w.s.m.m.a.RequestMappingHandlerMapping - Mapped "{[/role/checkRoleName]}" onto public boolean cc.mrbird.system.controller.RoleController.checkRoleName(java.lang.String,java.lang.String)
08:42:34.873 febs [main] INFO  o.s.w.s.m.m.a.RequestMappingHandlerMapping - Mapped "{[/role/getRole]}" onto public cc.mrbird.common.domain.ResponseBo cc.mrbird.system.controller.RoleController.getRole(java.lang.Long)
08:42:34.881 febs [main] INFO  o.s.w.s.m.m.a.RequestMappingHandlerMapping - Mapped "{[/role/delete]}" onto public cc.mrbird.common.domain.ResponseBo cc.mrbird.system.controller.RoleController.deleteRoles(java.lang.String)
08:42:34.888 febs [main] INFO  o.s.w.s.m.m.a.RequestMappingHandlerMapping - Mapped "{[/role/update]}" onto public cc.mrbird.common.domain.ResponseBo cc.mrbird.system.controller.RoleController.updateRole(cc.mrbird.system.domain.Role,java.lang.Long[])
08:42:34.898 febs [main] INFO  o.s.w.s.m.m.a.RequestMappingHandlerMapping - Mapped "{[/role]}" onto public java.lang.String cc.mrbird.system.controller.RoleController.index()
08:42:34.906 febs [main] INFO  o.s.w.s.m.m.a.RequestMappingHandlerMapping - Mapped "{[/article/query]}" onto public cc.mrbird.common.domain.ResponseBo cc.mrbird.web.controller.ArticleController.queryArticle(java.lang.String)
08:42:34.915 febs [main] INFO  o.s.w.s.m.m.a.RequestMappingHandlerMapping - Mapped "{[/article]}" onto public java.lang.String cc.mrbird.web.controller.ArticleController.index()
08:42:34.923 febs [main] INFO  o.s.w.s.m.m.a.RequestMappingHandlerMapping - Mapped "{[/weather]}" onto public java.lang.String cc.mrbird.web.controller.WeatherController.weather()
08:42:34.931 febs [main] INFO  o.s.w.s.m.m.a.RequestMappingHandlerMapping - Mapped "{[/weather/query]}" onto public cc.mrbird.common.domain.ResponseBo cc.mrbird.web.controller.WeatherController.queryWeather(java.lang.String)
08:42:34.942 febs [main] INFO  o.s.w.s.m.m.a.RequestMappingHandlerMapping - Mapped "{[/error],produces=[text/html]}" onto public org.springframework.web.servlet.ModelAndView org.springframework.boot.autoconfigure.web.servlet.error.BasicErrorController.errorHtml(javax.servlet.http.HttpServletRequest,javax.servlet.http.HttpServletResponse)
08:42:34.951 febs [main] INFO  o.s.w.s.m.m.a.RequestMappingHandlerMapping - Mapped "{[/error]}" onto public org.springframework.http.ResponseEntity<java.util.Map<java.lang.String, java.lang.Object>> org.springframework.boot.autoconfigure.web.servlet.error.BasicErrorController.error(javax.servlet.http.HttpServletRequest)
08:42:35.078 febs [main] INFO  o.s.w.s.h.SimpleUrlHandlerMapping - Mapped URL path [/webjars/**] onto handler of type [class org.springframework.web.servlet.resource.ResourceHttpRequestHandler]
08:42:35.092 febs [main] INFO  o.s.w.s.h.SimpleUrlHandlerMapping - Mapped URL path [/**] onto handler of type [class org.springframework.web.servlet.resource.ResourceHttpRequestHandler]
08:42:35.160 febs [main] INFO  o.s.w.s.m.m.a.ExceptionHandlerExceptionResolver - Detected @ExceptionHandler methods in globalExceptionHandler
08:42:35.669 febs [main] INFO  o.s.b.a.w.s.WelcomePageHandlerMapping - Adding welcome page template: index
08:42:39.132 febs [main] INFO  o.s.j.e.a.AnnotationMBeanExporter - Registering beans for JMX exposure on startup
08:42:39.145 febs [main] INFO  o.s.j.e.a.AnnotationMBeanExporter - Bean with name 'statFilter' has been autodetected for JMX exposure
08:42:39.150 febs [main] INFO  o.s.j.e.a.AnnotationMBeanExporter - Bean with name 'dataSource' has been autodetected for JMX exposure
08:42:39.164 febs [main] INFO  o.s.j.e.a.AnnotationMBeanExporter - Located MBean 'dataSource': registering with JMX server as MBean [com.alibaba.druid.spring.boot.autoconfigure:name=dataSource,type=DruidDataSourceWrapper]
08:42:39.175 febs [main] INFO  o.s.j.e.a.AnnotationMBeanExporter - Located MBean 'statFilter': registering with JMX server as MBean [com.alibaba.druid.filter.stat:name=statFilter,type=StatFilter]
08:42:39.196 febs [main] INFO  o.s.c.s.DefaultLifecycleProcessor - Starting beans in phase 2147483647
08:42:39.201 febs [main] INFO  o.s.s.quartz.SchedulerFactoryBean - Will start Quartz Scheduler [MyScheduler] in 1 seconds
08:42:39.223 febs [main] INFO  o.a.coyote.http11.Http11NioProtocol - Starting ProtocolHandler ["http-nio-8081"]
08:42:39.550 febs [main] INFO  o.a.tomcat.util.net.NioSelectorPool - Using a shared selector for servlet write/read
08:42:39.823 febs [main] INFO  o.s.b.w.e.tomcat.TomcatWebServer - Tomcat started on port(s): 8081 (http) with context path ''
08:42:39.910 febs [main] INFO  cc.mrbird.Application - Started Application in 46.976 seconds (JVM running for 50.455)
08:42:39.936 febs [main] INFO  cc.mrbird.Application - 《《《《《《 FEBS started up successfully at 2019-04-06 08:42:39.936 》》》》》》
08:42:40.206 febs [Quartz Scheduler [MyScheduler]] INFO  o.s.s.quartz.SchedulerFactoryBean - Starting Quartz Scheduler now, after delay of 1 seconds
08:42:40.791 febs [Quartz Scheduler [MyScheduler]] INFO  o.s.s.quartz.LocalDataSourceJobStore - ClusterManager: detected 1 failed or restarted instances.
08:42:40.797 febs [Quartz Scheduler [MyScheduler]] INFO  o.s.s.quartz.LocalDataSourceJobStore - ClusterManager: Scanning for instance "localhost.localdomain1554476461452"'s failed in-progress jobs.
08:42:41.004 febs [Quartz Scheduler [MyScheduler]] INFO  org.quartz.core.QuartzScheduler - Scheduler MyScheduler_$_localhost.localdomain1554511336647 started.
08:43:43.766 febs [http-nio-8081-exec-1] INFO  o.a.c.c.C.[Tomcat].[localhost].[/] - Initializing Spring FrameworkServlet 'dispatcherServlet'
08:43:43.781 febs [http-nio-8081-exec-1] INFO  o.s.web.servlet.DispatcherServlet - FrameworkServlet 'dispatcherServlet': initialization started
08:43:43.845 febs [http-nio-8081-exec-1] INFO  o.s.web.servlet.DispatcherServlet - FrameworkServlet 'dispatcherServlet': initialization completed in 63 ms
08:43:44.051 febs [http-nio-8081-exec-1] INFO  o.a.s.s.m.AbstractValidatingSessionManager - Enabling session validation scheduler...
09:32:04.863 febs [http-nio-8081-exec-9] INFO  c.m.c.i.SqlStatementInterceptor - 【SQL语句Id】>>>> cc.mrbird.system.dao.UserMapper.selectByExample
09:32:04.907 febs [http-nio-8081-exec-9] INFO  c.m.c.i.SqlStatementInterceptor - 【SQL语句耗时】>>>> 2791 ms
09:32:04.908 febs [http-nio-8081-exec-9] INFO  c.m.c.i.SqlStatementInterceptor - 【SQL语句】>>>> SELECT USER_ID,USERNAME,PASSWORD,DEPT_ID,EMAIL,MOBILE,STATUS,CRATE_TIME,MODIFY_TIME,LAST_LOGIN_TIME,SSEX,THEME,AVATAR,DESCRIPTION FROM t_user WHERE ( lower(username)= 'root' )
09:32:06.150 febs [http-nio-8081-exec-9] INFO  c.m.c.i.SqlStatementInterceptor - 【SQL语句Id】>>>> cc.mrbird.system.dao.UserMapper.updateByExampleSelective
09:32:06.150 febs [http-nio-8081-exec-9] INFO  c.m.c.i.SqlStatementInterceptor - 【SQL语句耗时】>>>> 197 ms
09:32:06.151 febs [http-nio-8081-exec-9] INFO  c.m.c.i.SqlStatementInterceptor - 【SQL语句】>>>> UPDATE t_user SET STATUS = '1',LAST_LOGIN_TIME = '2019-4-6 9:32:06' WHERE ( lower(username)= 'root' )
09:32:10.270 febs [asyncTaskExecutor-1] INFO  c.m.c.i.SqlStatementInterceptor - 【SQL语句Id】>>>> cc.mrbird.system.dao.LogMapper.insert
09:32:10.270 febs [asyncTaskExecutor-1] INFO  c.m.c.i.SqlStatementInterceptor - 【SQL语句耗时】>>>> 1026 ms
09:32:10.270 febs [asyncTaskExecutor-1] INFO  c.m.c.i.SqlStatementInterceptor - 【SQL语句】>>>> INSERT INTO t_log ( ID,USERNAME,OPERATION,TIME,METHOD,PARAMS,IP,CREATE_TIME,LOCATION ) VALUES( 862,'root','访问系统',75,'cc.mrbird.system.controller.LoginController.index()','user: "User{userId=167, username='root', password='8069623ec3096117c7fc2a5a9409804a', deptId=null, deptName='null', email='null', mobile='null', status='1', crateTime=Fri Apr 05 22:08:47 CST 2019, modifyTime=null, lastLoginTime=Fri Apr 05 22:09:13 CST 2019, ssex='2', theme='green', avatar='default.jpg', description='null', roleName='null'}"  org.springframework.validation.BindingResult.user: "org.springframework.validation.BeanPropertyBindingResult: 0 errors"','127.0.0.1','2019-4-6 9:32:10','内网IP|0|0|内网IP|内网IP' )
09:32:15.069 febs [http-nio-8081-exec-9] INFO  c.m.c.i.SqlStatementInterceptor - 【SQL语句Id】>>>> cc.mrbird.system.dao.MenuMapper.findUserMenus
09:32:15.069 febs [http-nio-8081-exec-9] INFO  c.m.c.i.SqlStatementInterceptor - 【SQL语句耗时】>>>> 1624 ms
09:32:15.069 febs [http-nio-8081-exec-9] INFO  c.m.c.i.SqlStatementInterceptor - 【SQL语句】>>>> select m.* from t_menu m where m.type <> 1 and m.MENU_ID in (select distinct rm.menu_id from t_role_menu rm left join t_role r on(rm.role_id = r.role_id) left join t_user_role ur on(ur.role_id = r.role_id) left join t_user u on (u.user_id = ur.user_id) where u.username = 'root') order by m.create_time
09:33:56.733 febs [Thread-4] INFO  o.s.b.w.s.c.AnnotationConfigServletWebServerApplicationContext - Closing org.springframework.boot.web.servlet.context.AnnotationConfigServletWebServerApplicationContext@3d24753a: startup date [Sat Apr 06 08:41:56 CST 2019]; root of context hierarchy
09:33:56.740 febs [Thread-4] INFO  o.s.c.s.DefaultLifecycleProcessor - Stopping beans in phase 2147483647
09:33:56.761 febs [Thread-4] INFO  org.quartz.core.QuartzScheduler - Scheduler MyScheduler_$_localhost.localdomain1554511336647 paused.
09:33:57.381 febs [Thread-4] INFO  o.s.j.e.a.AnnotationMBeanExporter - Unregistering JMX-exposed beans on shutdown
09:33:57.451 febs [Thread-4] INFO  o.s.j.e.a.AnnotationMBeanExporter - Unregistering JMX-exposed beans
09:33:57.501 febs [Thread-4] INFO  o.s.s.c.ThreadPoolTaskExecutor - Shutting down ExecutorService 'taskExecutor'
09:33:57.503 febs [Thread-4] INFO  o.s.s.quartz.SchedulerFactoryBean - Shutting down Quartz Scheduler
09:33:57.503 febs [Thread-4] INFO  org.quartz.core.QuartzScheduler - Scheduler MyScheduler_$_localhost.localdomain1554511336647 shutting down.
09:33:57.504 febs [Thread-4] INFO  org.quartz.core.QuartzScheduler - Scheduler MyScheduler_$_localhost.localdomain1554511336647 paused.
09:33:57.511 febs [Thread-4] INFO  org.quartz.core.QuartzScheduler - Scheduler MyScheduler_$_localhost.localdomain1554511336647 shutdown complete.
09:33:57.731 febs [Thread-4] INFO  c.alibaba.druid.pool.DruidDataSource - {dataSource-1} closed
